Change Component Footprint: Designator=SW1 Old Footprint=DIPT-DTSM-6_V New Footprint=430156070736
Change Component Footprint: Designator=SW2 Old Footprint=DIPT-DTSM-6_V New Footprint=430156070736
Change Component Footprint: Designator=SW3 Old Footprint=DIPT-DTSM-6_V New Footprint=430156070736
Change Component Comment : Designator=SW1 Old Comment=DTSM-61NT/R New Comment=430156070736
Change Component Comment : Designator=SW2 Old Comment=DTSM-61NT/R New Comment=430156070736
Change Component Comment : Designator=SW3 Old Comment=DTSM-61NT/R New Comment=430156070736
Change component parameters: Designator = "SW1"; Footprint = "430156070736"; UniqueID = "\UAGJHZSP"
Change component parameters. Clean all parameters for all variants
Change component parameters (AddParameter): Name = "ComponentLink1Description"; Value = "Manufacturer URL"; VariantName = "[No Variations]"
Change component parameters (AddParameter): Name = "ComponentLink1URL"; Value = "http://www.we-online.com"; VariantName = "[No Variations]"
Change component parameters (AddParameter): Name = "ComponentLink2Description"; Value = "Datasheet"; VariantName = "[No Variations]"
Change component parameters (AddParameter): Name = "ComponentLink2URL"; Value = "http://katalog.we-online.de/em/datasheet/4301x6.pdf"; VariantName = "[No Variations]"
Change component parameters (AddParameter): Name = "Manufacturer"; Value = "Wuerth Elektronik"; VariantName = "[No Variations]"
Change component parameters (AddParameter): Name = "NoPins"; Value = "04"; VariantName = "[No Variations]"
Change component parameters (AddParameter): Name = "PackageReference"; Value = "430156070736"; VariantName = "[No Variations]"
Change component parameters (AddParameter): Name = "PartNumber"; Value = "430156070736"; VariantName = "[No Variations]"
Change component parameters: Designator = "SW2"; Footprint = "430156070736"; UniqueID = "\JDAZFMJN"
Change component parameters. Clean all parameters for all variants
Change component parameters (AddParameter): Name = "ComponentLink1Description"; Value = "Manufacturer URL"; VariantName = "[No Variations]"
Change component parameters (AddParameter): Name = "ComponentLink1URL"; Value = "http://www.we-online.com"; VariantName = "[No Variations]"
Change component parameters (AddParameter): Name = "ComponentLink2Description"; Value = "Datasheet"; VariantName = "[No Variations]"
Change component parameters (AddParameter): Name = "ComponentLink2URL"; Value = "http://katalog.we-online.de/em/datasheet/4301x6.pdf"; VariantName = "[No Variations]"
Change component parameters (AddParameter): Name = "Manufacturer"; Value = "Wuerth Elektronik"; VariantName = "[No Variations]"
Change component parameters (AddParameter): Name = "NoPins"; Value = "04"; VariantName = "[No Variations]"
Change component parameters (AddParameter): Name = "PackageReference"; Value = "430156070736"; VariantName = "[No Variations]"
Change component parameters (AddParameter): Name = "PartNumber"; Value = "430156070736"; VariantName = "[No Variations]"
Change component parameters: Designator = "SW3"; Footprint = "430156070736"; UniqueID = "\SWBEEBGP"
Change component parameters. Clean all parameters for all variants
Change component parameters (AddParameter): Name = "ComponentLink1Description"; Value = "Manufacturer URL"; VariantName = "[No Variations]"
Change component parameters (AddParameter): Name = "ComponentLink1URL"; Value = "http://www.we-online.com"; VariantName = "[No Variations]"
Change component parameters (AddParameter): Name = "ComponentLink2Description"; Value = "Datasheet"; VariantName = "[No Variations]"
Change component parameters (AddParameter): Name = "ComponentLink2URL"; Value = "http://katalog.we-online.de/em/datasheet/4301x6.pdf"; VariantName = "[No Variations]"
Change component parameters (AddParameter): Name = "Manufacturer"; Value = "Wuerth Elektronik"; VariantName = "[No Variations]"
Change component parameters (AddParameter): Name = "NoPins"; Value = "04"; VariantName = "[No Variations]"
Change component parameters (AddParameter): Name = "PackageReference"; Value = "430156070736"; VariantName = "[No Variations]"
Change component parameters (AddParameter): Name = "PartNumber"; Value = "430156070736"; VariantName = "[No Variations]"
