Removed Pin From Net: NetName=GND Pin=R2-1
Removed Pin From Net: NetName=LED_G Pin=R2-2
Removed Pin From Net: NetName=LED_G Pin=U1-7
Removed Pin From Net: NetName=LED_G Pin=U1-18
Removed Pin From Net: NetName=LED_G Pin=U1-20
Added Component: Designator=D1(ASMB-MTB0-0A3A2)
Add component. Clean all parameters for all variants
Added Pin To Net: NetName=LED_G Pin=D1-2
Added Pin To Net: NetName=VCC Pin=R2-1
Added Pin To Net: NetName=VCC Pin=U1-7
Change Net Name : Old Net Name=VCC New Net Name=SENSE
Added Pin To Net: NetName=LED_R Pin=D1-4
Added Pin To Net: NetName=LED_R Pin=U1-18
Added Net: Name=LED_R
Added Pin To Net: NetName=LED_Y Pin=D1-3
Added Pin To Net: NetName=LED_Y Pin=U1-20
Added Net: Name=LED_Y
Added Pin To Net: NetName=NetD1_1 Pin=D1-1
Added Pin To Net: NetName=NetD1_1 Pin=R2-2
Added Net: Name=NetD1_1
Added Member To Class: ClassName=DoorCard Member=Component D1 ASMB-MTB0-0A3A2
