Removed Pin From Net: NetName=GND Pin=C4-1
Removed Pin From Net: NetName=ANREAD Pin=C4-2
Removed Pin From Net: NetName=ANREAD Pin=D3-1
Removed Pin From Net: NetName=GND Pin=D3-2
Removed Pin From Net: NetName=GND Pin=LED1-1
Removed Pin From Net: NetName=GND Pin=LED2-1
Removed Pin From Net: NetName=GND Pin=LED3-1
Removed Pin From Net: NetName=ANREAD Pin=R2-2
Removed Pin From Net: NetName=NRST Pin=U1-7
Removed Pin From Net: NetName=GND Pin=U1-8
Removed Pin From Net: NetName=VCC Pin=U1-9
Removed Pin From Net: NetName=ANREAD Pin=U1-18
Removed Pin From Net: NetName=RX Pin=U1-21
Removed Pin From Net: NetName=GPIO1 Pin=U1-22
Removed Pin From Net: NetName=GND Pin=U1-23
Removed Pin From Net: NetName=VCC Pin=U1-24
Removed Pin From Net: NetName=IRQ Pin=U1-25
Removed Pin From Net: NetName=nSEL Pin=U1-26
Removed Pin From Net: NetName=GND Pin=U1-35
Removed Pin From Net: NetName=VCC Pin=U1-36
Removed Pin From Net: NetName=SCK Pin=U1-39
Removed Pin From Net: NetName=MISO Pin=U1-40
Removed Pin From Net: NetName=MOSI Pin=U1-41
Removed Pin From Net: NetName=SDN Pin=U1-43
Removed Pin From Net: NetName=BOOT0 Pin=U1-44
Removed Pin From Net: NetName=GPIO0 Pin=U1-45
Removed Pin From Net: NetName=TX Pin=U1-46
Removed Pin From Net: NetName=GND Pin=U1-47
Removed Pin From Net: NetName=VCC Pin=U1-48
Removed Member From Class: ClassName=DoorCard Member=C4
Removed Member From Class: ClassName=DoorCard Member=D3
Removed Member From Class: ClassName=DoorCard Member=LED1
Removed Member From Class: ClassName=DoorCard Member=LED2
Removed Member From Class: ClassName=DoorCard Member=LED3
Removed Member From Class: ClassName=DoorCard Member=R5
Change Component Footprint: Designator=U1 Old Footprint=STM-LQFP48_M New Footprint=ADAI-WS2812B_V
Change Component Comment : Designator=U1 Old Comment=STM32F070CBT6TR New Comment=WS2812B
Change component parameters: Designator = "U1"; Footprint = "ADAI-WS2812B_V"; UniqueID = "\YLSSKSYA"
Change component parameters. Clean all parameters for all variants
Change component parameters (AddParameter): Name = "Case\Package"; Value = "Radial"; VariantName = "[No Variations]"
Change component parameters (AddParameter): Name = "ComponentLink1Description"; Value = "Manufacturer URL"; VariantName = "[No Variations]"
Change component parameters (AddParameter): Name = "ComponentLink1URL"; Value = "https://www.adafruit.com/"; VariantName = "[No Variations]"
Change component parameters (AddParameter): Name = "ComponentLink2Description"; Value = "Datasheet"; VariantName = "[No Variations]"
Change component parameters (AddParameter): Name = "ComponentLink2URL"; Value = "https://cdn-shop.adafruit.com/datasheets/WS2812B.pdf"; VariantName = "[No Variations]"
Change component parameters (AddParameter): Name = "Current Rating"; Value = "240 mA"; VariantName = "[No Variations]"
Change component parameters (AddParameter): Name = "DatasheetVersion"; Value = "May-13"; VariantName = "[No Variations]"
Change component parameters (AddParameter): Name = "Height"; Value = "12.2 mm"; VariantName = "[No Variations]"
Change component parameters (AddParameter): Name = "Lead Pitch"; Value = "5 mm"; VariantName = "[No Variations]"
Change component parameters (AddParameter): Name = "Length"; Value = "12.2 mm"; VariantName = "[No Variations]"
Change component parameters (AddParameter): Name = "Max Operating Temperature"; Value = "125 degC"; VariantName = "[No Variations]"
Change component parameters (AddParameter): Name = "Min Operating Temperature"; Value = "-55 degC"; VariantName = "[No Variations]"
Change component parameters (AddParameter): Name = "Mount"; Value = "Through Hole"; VariantName = "[No Variations]"
Change component parameters (AddParameter): Name = "PackageDescription"; Value = "4-Pin Surface Mount Device, Body 5 x 5 mm, Pitch 3.3 mm"; VariantName = "[No Variations]"
Change component parameters (AddParameter): Name = "Package Quantity"; Value = "200"; VariantName = "[No Variations]"
Change component parameters (AddParameter): Name = "PackageReference"; Value = "WS2812B"; VariantName = "[No Variations]"
Change component parameters (AddParameter): Name = "Packaging"; Value = "Bulk"; VariantName = "[No Variations]"
Change component parameters (AddParameter): Name = "Pins"; Value = "2"; VariantName = "[No Variations]"
Change component parameters (AddParameter): Name = "Radiation Hardening"; Value = "No"; VariantName = "[No Variations]"
Change component parameters (AddParameter): Name = "REACH SVHC"; Value = "No SVHC"; VariantName = "[No Variations]"
Change component parameters (AddParameter): Name = "RoHSCompliant"; Value = "true"; VariantName = "[No Variations]"
Change component parameters (AddParameter): Name = "Shielding"; Value = "Unshielded"; VariantName = "[No Variations]"
Change component parameters (AddParameter): Name = "Tolerance"; Value = "10%"; VariantName = "[No Variations]"
Added Component: Designator=D2(ONSC-SOD123-2-425G-04_V)
Add component. Clean all parameters for all variants
Add component (AddParameter): Name = "CD (Max)"; Value = "4 pF"; VariantName = "[No Variations]"
Add component (AddParameter): Name = "ComponentLink1Description"; Value = "Manufacturer URL"; VariantName = "[No Variations]"
Add component (AddParameter): Name = "ComponentLink1URL"; Value = "http://www.onsemi.com/"; VariantName = "[No Variations]"
Add component (AddParameter): Name = "ComponentLink2Description"; Value = "Datasheet"; VariantName = "[No Variations]"
Add component (AddParameter): Name = "ComponentLink2URL"; Value = "http://www.onsemi.com/pub_link/Collateral/MMSD4148T1-D.PDF"; VariantName = "[No Variations]"
Add component (AddParameter): Name = "ComponentLink3Description"; Value = "Package Specification"; VariantName = "[No Variations]"
Add component (AddParameter): Name = "ComponentLink3URL"; Value = "http://www.onsemi.com/pub_link/Collateral/425-04.PDF"; VariantName = "[No Variations]"
Add component (AddParameter): Name = "DatasheetVersion"; Value = "Rev. 11"; VariantName = "[No Variations]"
Add component (AddParameter): Name = "IR @ VR"; Value = "75 V (Max)=50 uA"; VariantName = "[No Variations]"
Add component (AddParameter): Name = "Manufacturer"; Value = "ON Semiconductor"; VariantName = "[No Variations]"
Add component (AddParameter): Name = "Mounting Technology"; Value = "Surface Mount"; VariantName = "[No Variations]"
Add component (AddParameter): Name = "PackageDescription"; Value = "2-Pin SOD123, Body 2.69 x 1.6 mm, Height 1.35 mm"; VariantName = "[No Variations]"
Add component (AddParameter): Name = "PackageReference"; Value = "SOD123-2-425G-04"; VariantName = "[No Variations]"
Add component (AddParameter): Name = "PackageVersion"; Value = "Rev. 04G"; VariantName = "[No Variations]"
Add component (AddParameter): Name = "Packing"; Value = "Tape and Reel"; VariantName = "[No Variations]"
Add component (AddParameter): Name = "PartNumber"; Value = "MMSD4148T3G"; VariantName = "[No Variations]"
Add component (AddParameter): Name = "PD (Max)"; Value = "425 mW"; VariantName = "[No Variations]"
Add component (AddParameter): Name = "RoHS"; Value = "TRUE"; VariantName = "[No Variations]"
Add component (AddParameter): Name = "Temperature Range"; Value = "-55 to 150 degC"; VariantName = "[No Variations]"
Add component (AddParameter): Name = "Trr (Max)"; Value = "4 ns"; VariantName = "[No Variations]"
Add component (AddParameter): Name = "VBR (Min)"; Value = "100 V"; VariantName = "[No Variations]"
Add component (AddParameter): Name = "VF (Max)"; Value = "1 A"; VariantName = "[No Variations]"
Added Component: Designator=U3(STM-TSSOP20_M)
Add component. Clean all parameters for all variants
Add component (AddParameter): Name = "ComponentLink1Description"; Value = "Manufacturer URL"; VariantName = "[No Variations]"
Add component (AddParameter): Name = "ComponentLink1URL"; Value = "http://www.st.com/"; VariantName = "[No Variations]"
Add component (AddParameter): Name = "ComponentLink2Description"; Value = "Datasheet"; VariantName = "[No Variations]"
Add component (AddParameter): Name = "ComponentLink2URL"; Value = "http://www.st.com/st-web-ui/static/active/en/resource/technical/document/datasheet/DM00141386.pdf"; VariantName = "[No Variations]"
Add component (AddParameter): Name = "Core"; Value = "ARM Cortex-M0"; VariantName = "[No Variations]"
Add component (AddParameter): Name = "D/A Converter"; Value = ""; VariantName = "[No Variations]"
Add component (AddParameter): Name = "DatasheetVersion"; Value = "Rev. 3"; VariantName = "[No Variations]"
Add component (AddParameter): Name = "FLASH Size (Prog) (kB)"; Value = "32"; VariantName = "[No Variations]"
Add component (AddParameter): Name = "I/Os (High Current)"; Value = "15"; VariantName = "[No Variations]"
Add component (AddParameter): Name = "Internal RAM Size (kB)"; Value = "6"; VariantName = "[No Variations]"
Add component (AddParameter): Name = "Manufacturer"; Value = "STMicroelectronics"; VariantName = "[No Variations]"
Add component (AddParameter): Name = "Mounting Technology"; Value = "Surface Mount"; VariantName = "[No Variations]"
Add component (AddParameter): Name = "Operating Frequency(F) (Processor speed) (MHz)"; Value = "48"; VariantName = "[No Variations]"
Add component (AddParameter): Name = "Package Description"; Value = "20-Pin Thin Shrink Small Outline Package, Body 6.5 x 4.4 mm, Pitch 0.65 mm"; VariantName = "[No Variations]"
Add component (AddParameter): Name = "Package Reference"; Value = "TSSOP20"; VariantName = "[No Variations]"
Add component (AddParameter): Name = "Packing"; Value = "Tray"; VariantName = "[No Variations]"
Add component (AddParameter): Name = "PartNumber"; Value = "STM32F070F6P6"; VariantName = "[No Variations]"
Add component (AddParameter): Name = "Supply Voltage(Vcc) min (V)"; Value = "2.4"; VariantName = "[No Variations]"
Added Pin To Net: NetName=ANREAD Pin=C1-1
Added Pin To Net: NetName=ANREAD Pin=D2-1
Added Pin To Net: NetName=GND Pin=D2-2
Added Pin To Net: NetName=ANREAD Pin=R1-1
Added Pin To Net: NetName=VCC Pin=R1-2
Added Pin To Net: NetName=VCC Pin=R2-2
Added Pin To Net: NetName=VCC Pin=R3-1
Added Pin To Net: NetName=VCC Pin=R4-2
Added Pin To Net: NetName=GND Pin=U1-3
Added Pin To Net: NetName=BOOT0 Pin=U3-1
Added Pin To Net: NetName=NRST Pin=U3-4
Added Pin To Net: NetName=VCC Pin=U3-5
Added Pin To Net: NetName=ANREAD Pin=U3-6
Added Pin To Net: NetName=TX Pin=U3-8
Added Pin To Net: NetName=RX Pin=U3-9
Added Pin To Net: NetName=GPIO0 Pin=U3-10
Added Pin To Net: NetName=SCK Pin=U3-11
Added Pin To Net: NetName=MISO Pin=U3-12
Added Pin To Net: NetName=MOSI Pin=U3-13
Added Pin To Net: NetName=GND Pin=U3-15
Added Pin To Net: NetName=VCC Pin=U3-16
Added Pin To Net: NetName=SDN Pin=U3-17
Added Pin To Net: NetName=IRQ Pin=U3-18
Added Pin To Net: NetName=nSEL Pin=U3-19
Added Pin To Net: NetName=GPIO1 Pin=U3-20
Added Pin To Net: NetName=NetU1_4 Pin=U1-4
Added Pin To Net: NetName=NetU1_4 Pin=U3-14
Added Net: Name=NetU1_4
Added Pin To Net: NetName=SW1 Pin=U3-7
Added Net: Name=SW1
Added Pin To Net: NetName=SW2 Pin=U3-2
Added Net: Name=SW2
Added Pin To Net: NetName=SW3 Pin=U3-3
Added Net: Name=SW3
Added Member To Class: ClassName=DoorCard Member=Component D2 MMSD4148T3G
Added Member To Class: ClassName=DoorCard Member=Component U3 STM32F070F6P6
