Added Component: Designator=DS7_I1(VISH-TLMX1100_V)
Add component. Clean all parameters for all variants
Add component (AddParameter): Name = "Capacitance"; Value = "12 pF"; VariantName = "[No Variations]"
Add component (AddParameter): Name = "Case/Package"; Value = "0603"; VariantName = "[No Variations]"
Add component (AddParameter): Name = "Case Code (Imperial)"; Value = "0603"; VariantName = "[No Variations]"
Add component (AddParameter): Name = "Case Code (Metric)"; Value = "1608"; VariantName = "[No Variations]"
Add component (AddParameter): Name = "ComponentLink1Description"; Value = "Manufacturer URL"; VariantName = "[No Variations]"
Add component (AddParameter): Name = "ComponentLink1URL"; Value = "http://www.vishay.com/"; VariantName = "[No Variations]"
Add component (AddParameter): Name = "ComponentLink2Description"; Value = "Datasheet"; VariantName = "[No Variations]"
Add component (AddParameter): Name = "ComponentLink2URL"; Value = "http://www.vishay.com/docs/83173/tlmb1100.pdf"; VariantName = "[No Variations]"
Add component (AddParameter): Name = "DatasheetVersion"; Value = "Rev. 2.7, 03/2016"; VariantName = "[No Variations]"
Add component (AddParameter): Name = "Height"; Value = "0.8 mm"; VariantName = "[No Variations]"
Add component (AddParameter): Name = "Length"; Value = "1.6 mm"; VariantName = "[No Variations]"
Add component (AddParameter): Name = "Max Operating Temperature"; Value = "125degC"; VariantName = "[No Variations]"
Add component (AddParameter): Name = "Min Operating Temperature"; Value = "-55degC"; VariantName = "[No Variations]"
Add component (AddParameter): Name = "Mount"; Value = "Surface Mount"; VariantName = "[No Variations]"
Add component (AddParameter): Name = "PackageDescription"; Value = "2-Pin Surface Mount Device, Body 1.6 x 0.8 mm"; VariantName = "[No Variations]"
Add component (AddParameter): Name = "Package Quantity"; Value = "4000"; VariantName = "[No Variations]"
Add component (AddParameter): Name = "PackageReference"; Value = "TLMX1100"; VariantName = "[No Variations]"
Add component (AddParameter): Name = "Packaging"; Value = "Tape and Reel"; VariantName = "[No Variations]"
Add component (AddParameter): Name = "Pins"; Value = "2"; VariantName = "[No Variations]"
Add component (AddParameter): Name = "Radiation Hardening"; Value = "No"; VariantName = "[No Variations]"
Add component (AddParameter): Name = "REACH SVHC"; Value = "No SVHC"; VariantName = "[No Variations]"
Add component (AddParameter): Name = "Resistance"; Value = "100000000000 Ohm"; VariantName = "[No Variations]"
Add component (AddParameter): Name = "RoHSCompliant"; Value = "True"; VariantName = "[No Variations]"
Add component (AddParameter): Name = "Tolerance"; Value = "5%"; VariantName = "[No Variations]"
Add component (AddParameter): Name = "Type (Capacitors)"; Value = "C0G"; VariantName = "[No Variations]"
Add component (AddParameter): Name = "Voltage Rating"; Value = "50 V"; VariantName = "[No Variations]"
Add component (AddParameter): Name = "Voltage Rating (DC)"; Value = "50 V"; VariantName = "[No Variations]"
Add component (AddParameter): Name = "Width"; Value = "0.8 mm"; VariantName = "[No Variations]"
Added Component: Designator=DS7_I3(VISH-TLMX1100_V)
Add component. Clean all parameters for all variants
Add component (AddParameter): Name = "Capacitance"; Value = "12 pF"; VariantName = "[No Variations]"
Add component (AddParameter): Name = "Case/Package"; Value = "0603"; VariantName = "[No Variations]"
Add component (AddParameter): Name = "Case Code (Imperial)"; Value = "0603"; VariantName = "[No Variations]"
Add component (AddParameter): Name = "Case Code (Metric)"; Value = "1608"; VariantName = "[No Variations]"
Add component (AddParameter): Name = "ComponentLink1Description"; Value = "Manufacturer URL"; VariantName = "[No Variations]"
Add component (AddParameter): Name = "ComponentLink1URL"; Value = "http://www.vishay.com/"; VariantName = "[No Variations]"
Add component (AddParameter): Name = "ComponentLink2Description"; Value = "Datasheet"; VariantName = "[No Variations]"
Add component (AddParameter): Name = "ComponentLink2URL"; Value = "http://www.vishay.com/docs/83173/tlmb1100.pdf"; VariantName = "[No Variations]"
Add component (AddParameter): Name = "DatasheetVersion"; Value = "Rev. 2.7, 03/2016"; VariantName = "[No Variations]"
Add component (AddParameter): Name = "Height"; Value = "0.8 mm"; VariantName = "[No Variations]"
Add component (AddParameter): Name = "Length"; Value = "1.6 mm"; VariantName = "[No Variations]"
Add component (AddParameter): Name = "Max Operating Temperature"; Value = "125degC"; VariantName = "[No Variations]"
Add component (AddParameter): Name = "Min Operating Temperature"; Value = "-55degC"; VariantName = "[No Variations]"
Add component (AddParameter): Name = "Mount"; Value = "Surface Mount"; VariantName = "[No Variations]"
Add component (AddParameter): Name = "PackageDescription"; Value = "2-Pin Surface Mount Device, Body 1.6 x 0.8 mm"; VariantName = "[No Variations]"
Add component (AddParameter): Name = "Package Quantity"; Value = "4000"; VariantName = "[No Variations]"
Add component (AddParameter): Name = "PackageReference"; Value = "TLMX1100"; VariantName = "[No Variations]"
Add component (AddParameter): Name = "Packaging"; Value = "Tape and Reel"; VariantName = "[No Variations]"
Add component (AddParameter): Name = "Pins"; Value = "2"; VariantName = "[No Variations]"
Add component (AddParameter): Name = "Radiation Hardening"; Value = "No"; VariantName = "[No Variations]"
Add component (AddParameter): Name = "REACH SVHC"; Value = "No SVHC"; VariantName = "[No Variations]"
Add component (AddParameter): Name = "Resistance"; Value = "100000000000 Ohm"; VariantName = "[No Variations]"
Add component (AddParameter): Name = "RoHSCompliant"; Value = "True"; VariantName = "[No Variations]"
Add component (AddParameter): Name = "Tolerance"; Value = "5%"; VariantName = "[No Variations]"
Add component (AddParameter): Name = "Type (Capacitors)"; Value = "C0G"; VariantName = "[No Variations]"
Add component (AddParameter): Name = "Voltage Rating"; Value = "50 V"; VariantName = "[No Variations]"
Add component (AddParameter): Name = "Voltage Rating (DC)"; Value = "50 V"; VariantName = "[No Variations]"
Add component (AddParameter): Name = "Width"; Value = "0.8 mm"; VariantName = "[No Variations]"
Added Component: Designator=DS7_I4(VISH-TLMX1100_V)
Add component. Clean all parameters for all variants
Add component (AddParameter): Name = "Capacitance"; Value = "12 pF"; VariantName = "[No Variations]"
Add component (AddParameter): Name = "Case/Package"; Value = "0603"; VariantName = "[No Variations]"
Add component (AddParameter): Name = "Case Code (Imperial)"; Value = "0603"; VariantName = "[No Variations]"
Add component (AddParameter): Name = "Case Code (Metric)"; Value = "1608"; VariantName = "[No Variations]"
Add component (AddParameter): Name = "ComponentLink1Description"; Value = "Manufacturer URL"; VariantName = "[No Variations]"
Add component (AddParameter): Name = "ComponentLink1URL"; Value = "http://www.vishay.com/"; VariantName = "[No Variations]"
Add component (AddParameter): Name = "ComponentLink2Description"; Value = "Datasheet"; VariantName = "[No Variations]"
Add component (AddParameter): Name = "ComponentLink2URL"; Value = "http://www.vishay.com/docs/83173/tlmb1100.pdf"; VariantName = "[No Variations]"
Add component (AddParameter): Name = "DatasheetVersion"; Value = "Rev. 2.7, 03/2016"; VariantName = "[No Variations]"
Add component (AddParameter): Name = "Height"; Value = "0.8 mm"; VariantName = "[No Variations]"
Add component (AddParameter): Name = "Length"; Value = "1.6 mm"; VariantName = "[No Variations]"
Add component (AddParameter): Name = "Max Operating Temperature"; Value = "125degC"; VariantName = "[No Variations]"
Add component (AddParameter): Name = "Min Operating Temperature"; Value = "-55degC"; VariantName = "[No Variations]"
Add component (AddParameter): Name = "Mount"; Value = "Surface Mount"; VariantName = "[No Variations]"
Add component (AddParameter): Name = "PackageDescription"; Value = "2-Pin Surface Mount Device, Body 1.6 x 0.8 mm"; VariantName = "[No Variations]"
Add component (AddParameter): Name = "Package Quantity"; Value = "4000"; VariantName = "[No Variations]"
Add component (AddParameter): Name = "PackageReference"; Value = "TLMX1100"; VariantName = "[No Variations]"
Add component (AddParameter): Name = "Packaging"; Value = "Tape and Reel"; VariantName = "[No Variations]"
Add component (AddParameter): Name = "Pins"; Value = "2"; VariantName = "[No Variations]"
Add component (AddParameter): Name = "Radiation Hardening"; Value = "No"; VariantName = "[No Variations]"
Add component (AddParameter): Name = "REACH SVHC"; Value = "No SVHC"; VariantName = "[No Variations]"
Add component (AddParameter): Name = "Resistance"; Value = "100000000000 Ohm"; VariantName = "[No Variations]"
Add component (AddParameter): Name = "RoHSCompliant"; Value = "True"; VariantName = "[No Variations]"
Add component (AddParameter): Name = "Tolerance"; Value = "5%"; VariantName = "[No Variations]"
Add component (AddParameter): Name = "Type (Capacitors)"; Value = "C0G"; VariantName = "[No Variations]"
Add component (AddParameter): Name = "Voltage Rating"; Value = "50 V"; VariantName = "[No Variations]"
Add component (AddParameter): Name = "Voltage Rating (DC)"; Value = "50 V"; VariantName = "[No Variations]"
Add component (AddParameter): Name = "Width"; Value = "0.8 mm"; VariantName = "[No Variations]"
Added Component: Designator=DS7_I5(VISH-TLMX1100_V)
Add component. Clean all parameters for all variants
Add component (AddParameter): Name = "Capacitance"; Value = "12 pF"; VariantName = "[No Variations]"
Add component (AddParameter): Name = "Case/Package"; Value = "0603"; VariantName = "[No Variations]"
Add component (AddParameter): Name = "Case Code (Imperial)"; Value = "0603"; VariantName = "[No Variations]"
Add component (AddParameter): Name = "Case Code (Metric)"; Value = "1608"; VariantName = "[No Variations]"
Add component (AddParameter): Name = "ComponentLink1Description"; Value = "Manufacturer URL"; VariantName = "[No Variations]"
Add component (AddParameter): Name = "ComponentLink1URL"; Value = "http://www.vishay.com/"; VariantName = "[No Variations]"
Add component (AddParameter): Name = "ComponentLink2Description"; Value = "Datasheet"; VariantName = "[No Variations]"
Add component (AddParameter): Name = "ComponentLink2URL"; Value = "http://www.vishay.com/docs/83173/tlmb1100.pdf"; VariantName = "[No Variations]"
Add component (AddParameter): Name = "DatasheetVersion"; Value = "Rev. 2.7, 03/2016"; VariantName = "[No Variations]"
Add component (AddParameter): Name = "Height"; Value = "0.8 mm"; VariantName = "[No Variations]"
Add component (AddParameter): Name = "Length"; Value = "1.6 mm"; VariantName = "[No Variations]"
Add component (AddParameter): Name = "Max Operating Temperature"; Value = "125degC"; VariantName = "[No Variations]"
Add component (AddParameter): Name = "Min Operating Temperature"; Value = "-55degC"; VariantName = "[No Variations]"
Add component (AddParameter): Name = "Mount"; Value = "Surface Mount"; VariantName = "[No Variations]"
Add component (AddParameter): Name = "PackageDescription"; Value = "2-Pin Surface Mount Device, Body 1.6 x 0.8 mm"; VariantName = "[No Variations]"
Add component (AddParameter): Name = "Package Quantity"; Value = "4000"; VariantName = "[No Variations]"
Add component (AddParameter): Name = "PackageReference"; Value = "TLMX1100"; VariantName = "[No Variations]"
Add component (AddParameter): Name = "Packaging"; Value = "Tape and Reel"; VariantName = "[No Variations]"
Add component (AddParameter): Name = "Pins"; Value = "2"; VariantName = "[No Variations]"
Add component (AddParameter): Name = "Radiation Hardening"; Value = "No"; VariantName = "[No Variations]"
Add component (AddParameter): Name = "REACH SVHC"; Value = "No SVHC"; VariantName = "[No Variations]"
Add component (AddParameter): Name = "Resistance"; Value = "100000000000 Ohm"; VariantName = "[No Variations]"
Add component (AddParameter): Name = "RoHSCompliant"; Value = "True"; VariantName = "[No Variations]"
Add component (AddParameter): Name = "Tolerance"; Value = "5%"; VariantName = "[No Variations]"
Add component (AddParameter): Name = "Type (Capacitors)"; Value = "C0G"; VariantName = "[No Variations]"
Add component (AddParameter): Name = "Voltage Rating"; Value = "50 V"; VariantName = "[No Variations]"
Add component (AddParameter): Name = "Voltage Rating (DC)"; Value = "50 V"; VariantName = "[No Variations]"
Add component (AddParameter): Name = "Width"; Value = "0.8 mm"; VariantName = "[No Variations]"
Added Component: Designator=DS7_I6(VISH-TLMX1100_V)
Add component. Clean all parameters for all variants
Add component (AddParameter): Name = "Capacitance"; Value = "12 pF"; VariantName = "[No Variations]"
Add component (AddParameter): Name = "Case/Package"; Value = "0603"; VariantName = "[No Variations]"
Add component (AddParameter): Name = "Case Code (Imperial)"; Value = "0603"; VariantName = "[No Variations]"
Add component (AddParameter): Name = "Case Code (Metric)"; Value = "1608"; VariantName = "[No Variations]"
Add component (AddParameter): Name = "ComponentLink1Description"; Value = "Manufacturer URL"; VariantName = "[No Variations]"
Add component (AddParameter): Name = "ComponentLink1URL"; Value = "http://www.vishay.com/"; VariantName = "[No Variations]"
Add component (AddParameter): Name = "ComponentLink2Description"; Value = "Datasheet"; VariantName = "[No Variations]"
Add component (AddParameter): Name = "ComponentLink2URL"; Value = "http://www.vishay.com/docs/83173/tlmb1100.pdf"; VariantName = "[No Variations]"
Add component (AddParameter): Name = "DatasheetVersion"; Value = "Rev. 2.7, 03/2016"; VariantName = "[No Variations]"
Add component (AddParameter): Name = "Height"; Value = "0.8 mm"; VariantName = "[No Variations]"
Add component (AddParameter): Name = "Length"; Value = "1.6 mm"; VariantName = "[No Variations]"
Add component (AddParameter): Name = "Max Operating Temperature"; Value = "125degC"; VariantName = "[No Variations]"
Add component (AddParameter): Name = "Min Operating Temperature"; Value = "-55degC"; VariantName = "[No Variations]"
Add component (AddParameter): Name = "Mount"; Value = "Surface Mount"; VariantName = "[No Variations]"
Add component (AddParameter): Name = "PackageDescription"; Value = "2-Pin Surface Mount Device, Body 1.6 x 0.8 mm"; VariantName = "[No Variations]"
Add component (AddParameter): Name = "Package Quantity"; Value = "4000"; VariantName = "[No Variations]"
Add component (AddParameter): Name = "PackageReference"; Value = "TLMX1100"; VariantName = "[No Variations]"
Add component (AddParameter): Name = "Packaging"; Value = "Tape and Reel"; VariantName = "[No Variations]"
Add component (AddParameter): Name = "Pins"; Value = "2"; VariantName = "[No Variations]"
Add component (AddParameter): Name = "Radiation Hardening"; Value = "No"; VariantName = "[No Variations]"
Add component (AddParameter): Name = "REACH SVHC"; Value = "No SVHC"; VariantName = "[No Variations]"
Add component (AddParameter): Name = "Resistance"; Value = "100000000000 Ohm"; VariantName = "[No Variations]"
Add component (AddParameter): Name = "RoHSCompliant"; Value = "True"; VariantName = "[No Variations]"
Add component (AddParameter): Name = "Tolerance"; Value = "5%"; VariantName = "[No Variations]"
Add component (AddParameter): Name = "Type (Capacitors)"; Value = "C0G"; VariantName = "[No Variations]"
Add component (AddParameter): Name = "Voltage Rating"; Value = "50 V"; VariantName = "[No Variations]"
Add component (AddParameter): Name = "Voltage Rating (DC)"; Value = "50 V"; VariantName = "[No Variations]"
Add component (AddParameter): Name = "Width"; Value = "0.8 mm"; VariantName = "[No Variations]"
Added Component: Designator=DS7_I7(VISH-TLMX1100_V)
Add component. Clean all parameters for all variants
Add component (AddParameter): Name = "Capacitance"; Value = "12 pF"; VariantName = "[No Variations]"
Add component (AddParameter): Name = "Case/Package"; Value = "0603"; VariantName = "[No Variations]"
Add component (AddParameter): Name = "Case Code (Imperial)"; Value = "0603"; VariantName = "[No Variations]"
Add component (AddParameter): Name = "Case Code (Metric)"; Value = "1608"; VariantName = "[No Variations]"
Add component (AddParameter): Name = "ComponentLink1Description"; Value = "Manufacturer URL"; VariantName = "[No Variations]"
Add component (AddParameter): Name = "ComponentLink1URL"; Value = "http://www.vishay.com/"; VariantName = "[No Variations]"
Add component (AddParameter): Name = "ComponentLink2Description"; Value = "Datasheet"; VariantName = "[No Variations]"
Add component (AddParameter): Name = "ComponentLink2URL"; Value = "http://www.vishay.com/docs/83173/tlmb1100.pdf"; VariantName = "[No Variations]"
Add component (AddParameter): Name = "DatasheetVersion"; Value = "Rev. 2.7, 03/2016"; VariantName = "[No Variations]"
Add component (AddParameter): Name = "Height"; Value = "0.8 mm"; VariantName = "[No Variations]"
Add component (AddParameter): Name = "Length"; Value = "1.6 mm"; VariantName = "[No Variations]"
Add component (AddParameter): Name = "Max Operating Temperature"; Value = "125degC"; VariantName = "[No Variations]"
Add component (AddParameter): Name = "Min Operating Temperature"; Value = "-55degC"; VariantName = "[No Variations]"
Add component (AddParameter): Name = "Mount"; Value = "Surface Mount"; VariantName = "[No Variations]"
Add component (AddParameter): Name = "PackageDescription"; Value = "2-Pin Surface Mount Device, Body 1.6 x 0.8 mm"; VariantName = "[No Variations]"
Add component (AddParameter): Name = "Package Quantity"; Value = "4000"; VariantName = "[No Variations]"
Add component (AddParameter): Name = "PackageReference"; Value = "TLMX1100"; VariantName = "[No Variations]"
Add component (AddParameter): Name = "Packaging"; Value = "Tape and Reel"; VariantName = "[No Variations]"
Add component (AddParameter): Name = "Pins"; Value = "2"; VariantName = "[No Variations]"
Add component (AddParameter): Name = "Radiation Hardening"; Value = "No"; VariantName = "[No Variations]"
Add component (AddParameter): Name = "REACH SVHC"; Value = "No SVHC"; VariantName = "[No Variations]"
Add component (AddParameter): Name = "Resistance"; Value = "100000000000 Ohm"; VariantName = "[No Variations]"
Add component (AddParameter): Name = "RoHSCompliant"; Value = "True"; VariantName = "[No Variations]"
Add component (AddParameter): Name = "Tolerance"; Value = "5%"; VariantName = "[No Variations]"
Add component (AddParameter): Name = "Type (Capacitors)"; Value = "C0G"; VariantName = "[No Variations]"
Add component (AddParameter): Name = "Voltage Rating"; Value = "50 V"; VariantName = "[No Variations]"
Add component (AddParameter): Name = "Voltage Rating (DC)"; Value = "50 V"; VariantName = "[No Variations]"
Add component (AddParameter): Name = "Width"; Value = "0.8 mm"; VariantName = "[No Variations]"
Added Component: Designator=DS7_I8(VISH-TLMX1100_V)
Add component. Clean all parameters for all variants
Add component (AddParameter): Name = "Capacitance"; Value = "12 pF"; VariantName = "[No Variations]"
Add component (AddParameter): Name = "Case/Package"; Value = "0603"; VariantName = "[No Variations]"
Add component (AddParameter): Name = "Case Code (Imperial)"; Value = "0603"; VariantName = "[No Variations]"
Add component (AddParameter): Name = "Case Code (Metric)"; Value = "1608"; VariantName = "[No Variations]"
Add component (AddParameter): Name = "ComponentLink1Description"; Value = "Manufacturer URL"; VariantName = "[No Variations]"
Add component (AddParameter): Name = "ComponentLink1URL"; Value = "http://www.vishay.com/"; VariantName = "[No Variations]"
Add component (AddParameter): Name = "ComponentLink2Description"; Value = "Datasheet"; VariantName = "[No Variations]"
Add component (AddParameter): Name = "ComponentLink2URL"; Value = "http://www.vishay.com/docs/83173/tlmb1100.pdf"; VariantName = "[No Variations]"
Add component (AddParameter): Name = "DatasheetVersion"; Value = "Rev. 2.7, 03/2016"; VariantName = "[No Variations]"
Add component (AddParameter): Name = "Height"; Value = "0.8 mm"; VariantName = "[No Variations]"
Add component (AddParameter): Name = "Length"; Value = "1.6 mm"; VariantName = "[No Variations]"
Add component (AddParameter): Name = "Max Operating Temperature"; Value = "125degC"; VariantName = "[No Variations]"
Add component (AddParameter): Name = "Min Operating Temperature"; Value = "-55degC"; VariantName = "[No Variations]"
Add component (AddParameter): Name = "Mount"; Value = "Surface Mount"; VariantName = "[No Variations]"
Add component (AddParameter): Name = "PackageDescription"; Value = "2-Pin Surface Mount Device, Body 1.6 x 0.8 mm"; VariantName = "[No Variations]"
Add component (AddParameter): Name = "Package Quantity"; Value = "4000"; VariantName = "[No Variations]"
Add component (AddParameter): Name = "PackageReference"; Value = "TLMX1100"; VariantName = "[No Variations]"
Add component (AddParameter): Name = "Packaging"; Value = "Tape and Reel"; VariantName = "[No Variations]"
Add component (AddParameter): Name = "Pins"; Value = "2"; VariantName = "[No Variations]"
Add component (AddParameter): Name = "Radiation Hardening"; Value = "No"; VariantName = "[No Variations]"
Add component (AddParameter): Name = "REACH SVHC"; Value = "No SVHC"; VariantName = "[No Variations]"
Add component (AddParameter): Name = "Resistance"; Value = "100000000000 Ohm"; VariantName = "[No Variations]"
Add component (AddParameter): Name = "RoHSCompliant"; Value = "True"; VariantName = "[No Variations]"
Add component (AddParameter): Name = "Tolerance"; Value = "5%"; VariantName = "[No Variations]"
Add component (AddParameter): Name = "Type (Capacitors)"; Value = "C0G"; VariantName = "[No Variations]"
Add component (AddParameter): Name = "Voltage Rating"; Value = "50 V"; VariantName = "[No Variations]"
Add component (AddParameter): Name = "Voltage Rating (DC)"; Value = "50 V"; VariantName = "[No Variations]"
Add component (AddParameter): Name = "Width"; Value = "0.8 mm"; VariantName = "[No Variations]"
Added Component: Designator=P5_I1(SCREW-5.0-2WAYS_V)
Add component. Clean all parameters for all variants
Add component (AddParameter): Name = "ComponentLink1Description"; Value = "Datasheet"; VariantName = "[No Variations]"
Add component (AddParameter): Name = "ComponentLink1URL"; Value = "5mm screw terminal in SVN"; VariantName = "[No Variations]"
Add component (AddParameter): Name = "Contact Resistance"; Value = "20 mOhm"; VariantName = "[No Variations]"
Add component (AddParameter): Name = "Insulation Resistance"; Value = "5000 MOhm / 1000 V"; VariantName = "[No Variations]"
Add component (AddParameter): Name = "Manufacturer"; Value = "No Vendor"; VariantName = "[No Variations]"
Add component (AddParameter): Name = "Mounting Technology"; Value = "Through Hole"; VariantName = "[No Variations]"
Add component (AddParameter): Name = "PackageDescription"; Value = "Socket, Screw Terminal Block, 2 Way, Pitch 5 mm, 90 Degree Angle, Through-Hole"; VariantName = "[No Variations]"
Add component (AddParameter): Name = "PartNumber"; Value = "SCREW-5.0/5.08 2WAYS"; VariantName = "[No Variations]"
Add component (AddParameter): Name = "Poles"; Value = "2"; VariantName = "[No Variations]"
Add component (AddParameter): Name = "Rated Current"; Value = "25 A"; VariantName = "[No Variations]"
Add component (AddParameter): Name = "Rated Voltage"; Value = "300 V"; VariantName = "[No Variations]"
Add component (AddParameter): Name = "Temperature Range"; Value = "-40 to 105 degC"; VariantName = "[No Variations]"
Added Component: Designator=P5_I3(SCREW-5.0-2WAYS_V)
Add component. Clean all parameters for all variants
Add component (AddParameter): Name = "ComponentLink1Description"; Value = "Datasheet"; VariantName = "[No Variations]"
Add component (AddParameter): Name = "ComponentLink1URL"; Value = "5mm screw terminal in SVN"; VariantName = "[No Variations]"
Add component (AddParameter): Name = "Contact Resistance"; Value = "20 mOhm"; VariantName = "[No Variations]"
Add component (AddParameter): Name = "Insulation Resistance"; Value = "5000 MOhm / 1000 V"; VariantName = "[No Variations]"
Add component (AddParameter): Name = "Manufacturer"; Value = "No Vendor"; VariantName = "[No Variations]"
Add component (AddParameter): Name = "Mounting Technology"; Value = "Through Hole"; VariantName = "[No Variations]"
Add component (AddParameter): Name = "PackageDescription"; Value = "Socket, Screw Terminal Block, 2 Way, Pitch 5 mm, 90 Degree Angle, Through-Hole"; VariantName = "[No Variations]"
Add component (AddParameter): Name = "PartNumber"; Value = "SCREW-5.0/5.08 2WAYS"; VariantName = "[No Variations]"
Add component (AddParameter): Name = "Poles"; Value = "2"; VariantName = "[No Variations]"
Add component (AddParameter): Name = "Rated Current"; Value = "25 A"; VariantName = "[No Variations]"
Add component (AddParameter): Name = "Rated Voltage"; Value = "300 V"; VariantName = "[No Variations]"
Add component (AddParameter): Name = "Temperature Range"; Value = "-40 to 105 degC"; VariantName = "[No Variations]"
Added Component: Designator=P5_I4(SCREW-5.0-2WAYS_V)
Add component. Clean all parameters for all variants
Add component (AddParameter): Name = "ComponentLink1Description"; Value = "Datasheet"; VariantName = "[No Variations]"
Add component (AddParameter): Name = "ComponentLink1URL"; Value = "5mm screw terminal in SVN"; VariantName = "[No Variations]"
Add component (AddParameter): Name = "Contact Resistance"; Value = "20 mOhm"; VariantName = "[No Variations]"
Add component (AddParameter): Name = "Insulation Resistance"; Value = "5000 MOhm / 1000 V"; VariantName = "[No Variations]"
Add component (AddParameter): Name = "Manufacturer"; Value = "No Vendor"; VariantName = "[No Variations]"
Add component (AddParameter): Name = "Mounting Technology"; Value = "Through Hole"; VariantName = "[No Variations]"
Add component (AddParameter): Name = "PackageDescription"; Value = "Socket, Screw Terminal Block, 2 Way, Pitch 5 mm, 90 Degree Angle, Through-Hole"; VariantName = "[No Variations]"
Add component (AddParameter): Name = "PartNumber"; Value = "SCREW-5.0/5.08 2WAYS"; VariantName = "[No Variations]"
Add component (AddParameter): Name = "Poles"; Value = "2"; VariantName = "[No Variations]"
Add component (AddParameter): Name = "Rated Current"; Value = "25 A"; VariantName = "[No Variations]"
Add component (AddParameter): Name = "Rated Voltage"; Value = "300 V"; VariantName = "[No Variations]"
Add component (AddParameter): Name = "Temperature Range"; Value = "-40 to 105 degC"; VariantName = "[No Variations]"
Added Component: Designator=P5_I5(SCREW-5.0-2WAYS_V)
Add component. Clean all parameters for all variants
Add component (AddParameter): Name = "ComponentLink1Description"; Value = "Datasheet"; VariantName = "[No Variations]"
Add component (AddParameter): Name = "ComponentLink1URL"; Value = "5mm screw terminal in SVN"; VariantName = "[No Variations]"
Add component (AddParameter): Name = "Contact Resistance"; Value = "20 mOhm"; VariantName = "[No Variations]"
Add component (AddParameter): Name = "Insulation Resistance"; Value = "5000 MOhm / 1000 V"; VariantName = "[No Variations]"
Add component (AddParameter): Name = "Manufacturer"; Value = "No Vendor"; VariantName = "[No Variations]"
Add component (AddParameter): Name = "Mounting Technology"; Value = "Through Hole"; VariantName = "[No Variations]"
Add component (AddParameter): Name = "PackageDescription"; Value = "Socket, Screw Terminal Block, 2 Way, Pitch 5 mm, 90 Degree Angle, Through-Hole"; VariantName = "[No Variations]"
Add component (AddParameter): Name = "PartNumber"; Value = "SCREW-5.0/5.08 2WAYS"; VariantName = "[No Variations]"
Add component (AddParameter): Name = "Poles"; Value = "2"; VariantName = "[No Variations]"
Add component (AddParameter): Name = "Rated Current"; Value = "25 A"; VariantName = "[No Variations]"
Add component (AddParameter): Name = "Rated Voltage"; Value = "300 V"; VariantName = "[No Variations]"
Add component (AddParameter): Name = "Temperature Range"; Value = "-40 to 105 degC"; VariantName = "[No Variations]"
Added Component: Designator=P5_I6(SCREW-5.0-2WAYS_V)
Add component. Clean all parameters for all variants
Add component (AddParameter): Name = "ComponentLink1Description"; Value = "Datasheet"; VariantName = "[No Variations]"
Add component (AddParameter): Name = "ComponentLink1URL"; Value = "5mm screw terminal in SVN"; VariantName = "[No Variations]"
Add component (AddParameter): Name = "Contact Resistance"; Value = "20 mOhm"; VariantName = "[No Variations]"
Add component (AddParameter): Name = "Insulation Resistance"; Value = "5000 MOhm / 1000 V"; VariantName = "[No Variations]"
Add component (AddParameter): Name = "Manufacturer"; Value = "No Vendor"; VariantName = "[No Variations]"
Add component (AddParameter): Name = "Mounting Technology"; Value = "Through Hole"; VariantName = "[No Variations]"
Add component (AddParameter): Name = "PackageDescription"; Value = "Socket, Screw Terminal Block, 2 Way, Pitch 5 mm, 90 Degree Angle, Through-Hole"; VariantName = "[No Variations]"
Add component (AddParameter): Name = "PartNumber"; Value = "SCREW-5.0/5.08 2WAYS"; VariantName = "[No Variations]"
Add component (AddParameter): Name = "Poles"; Value = "2"; VariantName = "[No Variations]"
Add component (AddParameter): Name = "Rated Current"; Value = "25 A"; VariantName = "[No Variations]"
Add component (AddParameter): Name = "Rated Voltage"; Value = "300 V"; VariantName = "[No Variations]"
Add component (AddParameter): Name = "Temperature Range"; Value = "-40 to 105 degC"; VariantName = "[No Variations]"
Added Component: Designator=P5_I7(SCREW-5.0-2WAYS_V)
Add component. Clean all parameters for all variants
Add component (AddParameter): Name = "ComponentLink1Description"; Value = "Datasheet"; VariantName = "[No Variations]"
Add component (AddParameter): Name = "ComponentLink1URL"; Value = "5mm screw terminal in SVN"; VariantName = "[No Variations]"
Add component (AddParameter): Name = "Contact Resistance"; Value = "20 mOhm"; VariantName = "[No Variations]"
Add component (AddParameter): Name = "Insulation Resistance"; Value = "5000 MOhm / 1000 V"; VariantName = "[No Variations]"
Add component (AddParameter): Name = "Manufacturer"; Value = "No Vendor"; VariantName = "[No Variations]"
Add component (AddParameter): Name = "Mounting Technology"; Value = "Through Hole"; VariantName = "[No Variations]"
Add component (AddParameter): Name = "PackageDescription"; Value = "Socket, Screw Terminal Block, 2 Way, Pitch 5 mm, 90 Degree Angle, Through-Hole"; VariantName = "[No Variations]"
Add component (AddParameter): Name = "PartNumber"; Value = "SCREW-5.0/5.08 2WAYS"; VariantName = "[No Variations]"
Add component (AddParameter): Name = "Poles"; Value = "2"; VariantName = "[No Variations]"
Add component (AddParameter): Name = "Rated Current"; Value = "25 A"; VariantName = "[No Variations]"
Add component (AddParameter): Name = "Rated Voltage"; Value = "300 V"; VariantName = "[No Variations]"
Add component (AddParameter): Name = "Temperature Range"; Value = "-40 to 105 degC"; VariantName = "[No Variations]"
Added Component: Designator=P5_I8(SCREW-5.0-2WAYS_V)
Add component. Clean all parameters for all variants
Add component (AddParameter): Name = "ComponentLink1Description"; Value = "Datasheet"; VariantName = "[No Variations]"
Add component (AddParameter): Name = "ComponentLink1URL"; Value = "5mm screw terminal in SVN"; VariantName = "[No Variations]"
Add component (AddParameter): Name = "Contact Resistance"; Value = "20 mOhm"; VariantName = "[No Variations]"
Add component (AddParameter): Name = "Insulation Resistance"; Value = "5000 MOhm / 1000 V"; VariantName = "[No Variations]"
Add component (AddParameter): Name = "Manufacturer"; Value = "No Vendor"; VariantName = "[No Variations]"
Add component (AddParameter): Name = "Mounting Technology"; Value = "Through Hole"; VariantName = "[No Variations]"
Add component (AddParameter): Name = "PackageDescription"; Value = "Socket, Screw Terminal Block, 2 Way, Pitch 5 mm, 90 Degree Angle, Through-Hole"; VariantName = "[No Variations]"
Add component (AddParameter): Name = "PartNumber"; Value = "SCREW-5.0/5.08 2WAYS"; VariantName = "[No Variations]"
Add component (AddParameter): Name = "Poles"; Value = "2"; VariantName = "[No Variations]"
Add component (AddParameter): Name = "Rated Current"; Value = "25 A"; VariantName = "[No Variations]"
Add component (AddParameter): Name = "Rated Voltage"; Value = "300 V"; VariantName = "[No Variations]"
Add component (AddParameter): Name = "Temperature Range"; Value = "-40 to 105 degC"; VariantName = "[No Variations]"
Added Component: Designator=R11_I1(RESC0805(2012)_L)
Add component. Clean all parameters for all variants
Add component (AddParameter): Name = "Case-EIA"; Value = "0805"; VariantName = "[No Variations]"
Add component (AddParameter): Name = "Case-Metric"; Value = "2012"; VariantName = "[No Variations]"
Add component (AddParameter): Name = "Power"; Value = "0.125 W"; VariantName = "[No Variations]"
Add component (AddParameter): Name = "Technology"; Value = "SMT"; VariantName = "[No Variations]"
Add component (AddParameter): Name = "Tolerance"; Value = "1 %"; VariantName = "[No Variations]"
Add component (AddParameter): Name = "Value"; Value = "10200.00 Ohm"; VariantName = "[No Variations]"
Added Component: Designator=R11_I3(RESC0805(2012)_L)
Add component. Clean all parameters for all variants
Add component (AddParameter): Name = "Case-EIA"; Value = "0805"; VariantName = "[No Variations]"
Add component (AddParameter): Name = "Case-Metric"; Value = "2012"; VariantName = "[No Variations]"
Add component (AddParameter): Name = "Power"; Value = "0.125 W"; VariantName = "[No Variations]"
Add component (AddParameter): Name = "Technology"; Value = "SMT"; VariantName = "[No Variations]"
Add component (AddParameter): Name = "Tolerance"; Value = "1 %"; VariantName = "[No Variations]"
Add component (AddParameter): Name = "Value"; Value = "10200.00 Ohm"; VariantName = "[No Variations]"
Added Component: Designator=R11_I4(RESC0805(2012)_L)
Add component. Clean all parameters for all variants
Add component (AddParameter): Name = "Case-EIA"; Value = "0805"; VariantName = "[No Variations]"
Add component (AddParameter): Name = "Case-Metric"; Value = "2012"; VariantName = "[No Variations]"
Add component (AddParameter): Name = "Power"; Value = "0.125 W"; VariantName = "[No Variations]"
Add component (AddParameter): Name = "Technology"; Value = "SMT"; VariantName = "[No Variations]"
Add component (AddParameter): Name = "Tolerance"; Value = "1 %"; VariantName = "[No Variations]"
Add component (AddParameter): Name = "Value"; Value = "10200.00 Ohm"; VariantName = "[No Variations]"
Added Component: Designator=R11_I5(RESC0805(2012)_L)
Add component. Clean all parameters for all variants
Add component (AddParameter): Name = "Case-EIA"; Value = "0805"; VariantName = "[No Variations]"
Add component (AddParameter): Name = "Case-Metric"; Value = "2012"; VariantName = "[No Variations]"
Add component (AddParameter): Name = "Power"; Value = "0.125 W"; VariantName = "[No Variations]"
Add component (AddParameter): Name = "Technology"; Value = "SMT"; VariantName = "[No Variations]"
Add component (AddParameter): Name = "Tolerance"; Value = "1 %"; VariantName = "[No Variations]"
Add component (AddParameter): Name = "Value"; Value = "10200.00 Ohm"; VariantName = "[No Variations]"
Added Component: Designator=R11_I6(RESC0805(2012)_L)
Add component. Clean all parameters for all variants
Add component (AddParameter): Name = "Case-EIA"; Value = "0805"; VariantName = "[No Variations]"
Add component (AddParameter): Name = "Case-Metric"; Value = "2012"; VariantName = "[No Variations]"
Add component (AddParameter): Name = "Power"; Value = "0.125 W"; VariantName = "[No Variations]"
Add component (AddParameter): Name = "Technology"; Value = "SMT"; VariantName = "[No Variations]"
Add component (AddParameter): Name = "Tolerance"; Value = "1 %"; VariantName = "[No Variations]"
Add component (AddParameter): Name = "Value"; Value = "10200.00 Ohm"; VariantName = "[No Variations]"
Added Component: Designator=R11_I7(RESC0805(2012)_L)
Add component. Clean all parameters for all variants
Add component (AddParameter): Name = "Case-EIA"; Value = "0805"; VariantName = "[No Variations]"
Add component (AddParameter): Name = "Case-Metric"; Value = "2012"; VariantName = "[No Variations]"
Add component (AddParameter): Name = "Power"; Value = "0.125 W"; VariantName = "[No Variations]"
Add component (AddParameter): Name = "Technology"; Value = "SMT"; VariantName = "[No Variations]"
Add component (AddParameter): Name = "Tolerance"; Value = "1 %"; VariantName = "[No Variations]"
Add component (AddParameter): Name = "Value"; Value = "10200.00 Ohm"; VariantName = "[No Variations]"
Added Component: Designator=R11_I8(RESC0805(2012)_L)
Add component. Clean all parameters for all variants
Add component (AddParameter): Name = "Case-EIA"; Value = "0805"; VariantName = "[No Variations]"
Add component (AddParameter): Name = "Case-Metric"; Value = "2012"; VariantName = "[No Variations]"
Add component (AddParameter): Name = "Power"; Value = "0.125 W"; VariantName = "[No Variations]"
Add component (AddParameter): Name = "Technology"; Value = "SMT"; VariantName = "[No Variations]"
Add component (AddParameter): Name = "Tolerance"; Value = "1 %"; VariantName = "[No Variations]"
Add component (AddParameter): Name = "Value"; Value = "10200.00 Ohm"; VariantName = "[No Variations]"
Added Component: Designator=R12_I1(RESC0805(2012)_L)
Add component. Clean all parameters for all variants
Add component (AddParameter): Name = "Case-EIA"; Value = "0805"; VariantName = "[No Variations]"
Add component (AddParameter): Name = "Case-Metric"; Value = "2012"; VariantName = "[No Variations]"
Add component (AddParameter): Name = "Power"; Value = "0.125 W"; VariantName = "[No Variations]"
Add component (AddParameter): Name = "Technology"; Value = "SMT"; VariantName = "[No Variations]"
Add component (AddParameter): Name = "Tolerance"; Value = "1 %"; VariantName = "[No Variations]"
Add component (AddParameter): Name = "Value"; Value = "10200.00 Ohm"; VariantName = "[No Variations]"
Added Component: Designator=R12_I3(RESC0805(2012)_L)
Add component. Clean all parameters for all variants
Add component (AddParameter): Name = "Case-EIA"; Value = "0805"; VariantName = "[No Variations]"
Add component (AddParameter): Name = "Case-Metric"; Value = "2012"; VariantName = "[No Variations]"
Add component (AddParameter): Name = "Power"; Value = "0.125 W"; VariantName = "[No Variations]"
Add component (AddParameter): Name = "Technology"; Value = "SMT"; VariantName = "[No Variations]"
Add component (AddParameter): Name = "Tolerance"; Value = "1 %"; VariantName = "[No Variations]"
Add component (AddParameter): Name = "Value"; Value = "10200.00 Ohm"; VariantName = "[No Variations]"
Added Component: Designator=R12_I4(RESC0805(2012)_L)
Add component. Clean all parameters for all variants
Add component (AddParameter): Name = "Case-EIA"; Value = "0805"; VariantName = "[No Variations]"
Add component (AddParameter): Name = "Case-Metric"; Value = "2012"; VariantName = "[No Variations]"
Add component (AddParameter): Name = "Power"; Value = "0.125 W"; VariantName = "[No Variations]"
Add component (AddParameter): Name = "Technology"; Value = "SMT"; VariantName = "[No Variations]"
Add component (AddParameter): Name = "Tolerance"; Value = "1 %"; VariantName = "[No Variations]"
Add component (AddParameter): Name = "Value"; Value = "10200.00 Ohm"; VariantName = "[No Variations]"
Added Component: Designator=R12_I5(RESC0805(2012)_L)
Add component. Clean all parameters for all variants
Add component (AddParameter): Name = "Case-EIA"; Value = "0805"; VariantName = "[No Variations]"
Add component (AddParameter): Name = "Case-Metric"; Value = "2012"; VariantName = "[No Variations]"
Add component (AddParameter): Name = "Power"; Value = "0.125 W"; VariantName = "[No Variations]"
Add component (AddParameter): Name = "Technology"; Value = "SMT"; VariantName = "[No Variations]"
Add component (AddParameter): Name = "Tolerance"; Value = "1 %"; VariantName = "[No Variations]"
Add component (AddParameter): Name = "Value"; Value = "10200.00 Ohm"; VariantName = "[No Variations]"
Added Component: Designator=R12_I6(RESC0805(2012)_L)
Add component. Clean all parameters for all variants
Add component (AddParameter): Name = "Case-EIA"; Value = "0805"; VariantName = "[No Variations]"
Add component (AddParameter): Name = "Case-Metric"; Value = "2012"; VariantName = "[No Variations]"
Add component (AddParameter): Name = "Power"; Value = "0.125 W"; VariantName = "[No Variations]"
Add component (AddParameter): Name = "Technology"; Value = "SMT"; VariantName = "[No Variations]"
Add component (AddParameter): Name = "Tolerance"; Value = "1 %"; VariantName = "[No Variations]"
Add component (AddParameter): Name = "Value"; Value = "10200.00 Ohm"; VariantName = "[No Variations]"
Added Component: Designator=R12_I7(RESC0805(2012)_L)
Add component. Clean all parameters for all variants
Add component (AddParameter): Name = "Case-EIA"; Value = "0805"; VariantName = "[No Variations]"
Add component (AddParameter): Name = "Case-Metric"; Value = "2012"; VariantName = "[No Variations]"
Add component (AddParameter): Name = "Power"; Value = "0.125 W"; VariantName = "[No Variations]"
Add component (AddParameter): Name = "Technology"; Value = "SMT"; VariantName = "[No Variations]"
Add component (AddParameter): Name = "Tolerance"; Value = "1 %"; VariantName = "[No Variations]"
Add component (AddParameter): Name = "Value"; Value = "10200.00 Ohm"; VariantName = "[No Variations]"
Added Component: Designator=R12_I8(RESC0805(2012)_L)
Add component. Clean all parameters for all variants
Add component (AddParameter): Name = "Case-EIA"; Value = "0805"; VariantName = "[No Variations]"
Add component (AddParameter): Name = "Case-Metric"; Value = "2012"; VariantName = "[No Variations]"
Add component (AddParameter): Name = "Power"; Value = "0.125 W"; VariantName = "[No Variations]"
Add component (AddParameter): Name = "Technology"; Value = "SMT"; VariantName = "[No Variations]"
Add component (AddParameter): Name = "Tolerance"; Value = "1 %"; VariantName = "[No Variations]"
Add component (AddParameter): Name = "Value"; Value = "10200.00 Ohm"; VariantName = "[No Variations]"
Added Component: Designator=U7_I1(FAIR-MDIP-4_V)
Add component. Clean all parameters for all variants
Add component (AddParameter): Name = "Category"; Value = "Isolators"; VariantName = "[No Variations]"
Add component (AddParameter): Name = "Current - DC Forward (If) (Max)"; Value = "50mA"; VariantName = "[No Variations]"
Add component (AddParameter): Name = "Current - Output / Channel"; Value = "50mA"; VariantName = "[No Variations]"
Add component (AddParameter): Name = "Current Transfer Ratio (Max)"; Value = "600%@5mA"; VariantName = "[No Variations]"
Add component (AddParameter): Name = "Current Transfer Ratio (Min)"; Value = "300%@5mA"; VariantName = "[No Variations]"
Add component (AddParameter): Name = "Datasheet URL"; Value = "https://www.fairchildsemi.com/datasheets/FO/FOD817D.pdf"; VariantName = "[No Variations]"
Add component (AddParameter): Name = "Datasheet Version"; Value = "Rev. 2.8, 11/2015"; VariantName = "[No Variations]"
Add component (AddParameter): Name = "Family"; Value = "Optoisolators-Transistor,PhotovoltaicOutput"; VariantName = "[No Variations]"
Add component (AddParameter): Name = "Input Type"; Value = "DC"; VariantName = "[No Variations]"
Add component (AddParameter): Name = "Manufacturer"; Value = "Fairchild Semiconductor"; VariantName = "[No Variations]"
Add component (AddParameter): Name = "Manufacturer URL"; Value = "https://www.fairchildsemi.com/"; VariantName = "[No Variations]"
Add component (AddParameter): Name = "Mounting Technology"; Value = "SurfaceMount"; VariantName = "[No Variations]"
Add component (AddParameter): Name = "Mounting Type"; Value = "SurfaceMount"; VariantName = "[No Variations]"
Add component (AddParameter): Name = "Number of Channels"; Value = "1"; VariantName = "[No Variations]"
Add component (AddParameter): Name = "Online Catalog"; Value = "FOD617,814,817Series"; VariantName = "[No Variations]"
Add component (AddParameter): Name = "Operating Temperature"; Value = "-55°C~110°C"; VariantName = "[No Variations]"
Add component (AddParameter): Name = "Other Names"; Value = "FOD817DSDDKR"; VariantName = "[No Variations]"
Add component (AddParameter): Name = "Output Type"; Value = "Transistor"; VariantName = "[No Variations]"
Add component (AddParameter): Name = "Package / Case"; Value = "4-SMD,GullWing"; VariantName = "[No Variations]"
Add component (AddParameter): Name = "Package Description"; Value = "4-Pin Surface Mount Device, Body 6.5 x 4.6 mm, Pitch 2.54 mm"; VariantName = "[No Variations]"
Add component (AddParameter): Name = "Package Reference"; Value = "MDIP 4L"; VariantName = "[No Variations]"
Add component (AddParameter): Name = "Package URL"; Value = "https://www.fairchildsemi.com/package-drawings/N0/N04C.pdf"; VariantName = "[No Variations]"
Add component (AddParameter): Name = "Package Version"; Value = "10/2014"; VariantName = "[No Variations]"
Add component (AddParameter): Name = "Packaging"; Value = "Digi-Reel®  "; VariantName = "[No Variations]"
Add component (AddParameter): Name = "Rise / Fall Time (Typ)"; Value = "4µs,3µs"; VariantName = "[No Variations]"
Add component (AddParameter): Name = "Series"; Value = "-"; VariantName = "[No Variations]"
Add component (AddParameter): Name = "Standard Package"; Value = "1"; VariantName = "[No Variations]"
Add component (AddParameter): Name = "Supplier Device Package"; Value = "4-SMD"; VariantName = "[No Variations]"
Add component (AddParameter): Name = "Turn On / Turn Off Time (Typ)"; Value = "-"; VariantName = "[No Variations]"
Add component (AddParameter): Name = "Vce Saturation (Max)"; Value = "200mV"; VariantName = "[No Variations]"
Add component (AddParameter): Name = "Voltage - Forward (Vf) (Typ)"; Value = "1.2V"; VariantName = "[No Variations]"
Add component (AddParameter): Name = "Voltage - Isolation"; Value = "5000Vrms"; VariantName = "[No Variations]"
Add component (AddParameter): Name = "Voltage - Output (Max)"; Value = "70V"; VariantName = "[No Variations]"
Added Component: Designator=U7_I3(FAIR-MDIP-4_V)
Add component. Clean all parameters for all variants
Add component (AddParameter): Name = "Category"; Value = "Isolators"; VariantName = "[No Variations]"
Add component (AddParameter): Name = "Current - DC Forward (If) (Max)"; Value = "50mA"; VariantName = "[No Variations]"
Add component (AddParameter): Name = "Current - Output / Channel"; Value = "50mA"; VariantName = "[No Variations]"
Add component (AddParameter): Name = "Current Transfer Ratio (Max)"; Value = "600%@5mA"; VariantName = "[No Variations]"
Add component (AddParameter): Name = "Current Transfer Ratio (Min)"; Value = "300%@5mA"; VariantName = "[No Variations]"
Add component (AddParameter): Name = "Datasheet URL"; Value = "https://www.fairchildsemi.com/datasheets/FO/FOD817D.pdf"; VariantName = "[No Variations]"
Add component (AddParameter): Name = "Datasheet Version"; Value = "Rev. 2.8, 11/2015"; VariantName = "[No Variations]"
Add component (AddParameter): Name = "Family"; Value = "Optoisolators-Transistor,PhotovoltaicOutput"; VariantName = "[No Variations]"
Add component (AddParameter): Name = "Input Type"; Value = "DC"; VariantName = "[No Variations]"
Add component (AddParameter): Name = "Manufacturer"; Value = "Fairchild Semiconductor"; VariantName = "[No Variations]"
Add component (AddParameter): Name = "Manufacturer URL"; Value = "https://www.fairchildsemi.com/"; VariantName = "[No Variations]"
Add component (AddParameter): Name = "Mounting Technology"; Value = "SurfaceMount"; VariantName = "[No Variations]"
Add component (AddParameter): Name = "Mounting Type"; Value = "SurfaceMount"; VariantName = "[No Variations]"
Add component (AddParameter): Name = "Number of Channels"; Value = "1"; VariantName = "[No Variations]"
Add component (AddParameter): Name = "Online Catalog"; Value = "FOD617,814,817Series"; VariantName = "[No Variations]"
Add component (AddParameter): Name = "Operating Temperature"; Value = "-55°C~110°C"; VariantName = "[No Variations]"
Add component (AddParameter): Name = "Other Names"; Value = "FOD817DSDDKR"; VariantName = "[No Variations]"
Add component (AddParameter): Name = "Output Type"; Value = "Transistor"; VariantName = "[No Variations]"
Add component (AddParameter): Name = "Package / Case"; Value = "4-SMD,GullWing"; VariantName = "[No Variations]"
Add component (AddParameter): Name = "Package Description"; Value = "4-Pin Surface Mount Device, Body 6.5 x 4.6 mm, Pitch 2.54 mm"; VariantName = "[No Variations]"
Add component (AddParameter): Name = "Package Reference"; Value = "MDIP 4L"; VariantName = "[No Variations]"
Add component (AddParameter): Name = "Package URL"; Value = "https://www.fairchildsemi.com/package-drawings/N0/N04C.pdf"; VariantName = "[No Variations]"
Add component (AddParameter): Name = "Package Version"; Value = "10/2014"; VariantName = "[No Variations]"
Add component (AddParameter): Name = "Packaging"; Value = "Digi-Reel®  "; VariantName = "[No Variations]"
Add component (AddParameter): Name = "Rise / Fall Time (Typ)"; Value = "4µs,3µs"; VariantName = "[No Variations]"
Add component (AddParameter): Name = "Series"; Value = "-"; VariantName = "[No Variations]"
Add component (AddParameter): Name = "Standard Package"; Value = "1"; VariantName = "[No Variations]"
Add component (AddParameter): Name = "Supplier Device Package"; Value = "4-SMD"; VariantName = "[No Variations]"
Add component (AddParameter): Name = "Turn On / Turn Off Time (Typ)"; Value = "-"; VariantName = "[No Variations]"
Add component (AddParameter): Name = "Vce Saturation (Max)"; Value = "200mV"; VariantName = "[No Variations]"
Add component (AddParameter): Name = "Voltage - Forward (Vf) (Typ)"; Value = "1.2V"; VariantName = "[No Variations]"
Add component (AddParameter): Name = "Voltage - Isolation"; Value = "5000Vrms"; VariantName = "[No Variations]"
Add component (AddParameter): Name = "Voltage - Output (Max)"; Value = "70V"; VariantName = "[No Variations]"
Added Component: Designator=U7_I4(FAIR-MDIP-4_V)
Add component. Clean all parameters for all variants
Add component (AddParameter): Name = "Category"; Value = "Isolators"; VariantName = "[No Variations]"
Add component (AddParameter): Name = "Current - DC Forward (If) (Max)"; Value = "50mA"; VariantName = "[No Variations]"
Add component (AddParameter): Name = "Current - Output / Channel"; Value = "50mA"; VariantName = "[No Variations]"
Add component (AddParameter): Name = "Current Transfer Ratio (Max)"; Value = "600%@5mA"; VariantName = "[No Variations]"
Add component (AddParameter): Name = "Current Transfer Ratio (Min)"; Value = "300%@5mA"; VariantName = "[No Variations]"
Add component (AddParameter): Name = "Datasheet URL"; Value = "https://www.fairchildsemi.com/datasheets/FO/FOD817D.pdf"; VariantName = "[No Variations]"
Add component (AddParameter): Name = "Datasheet Version"; Value = "Rev. 2.8, 11/2015"; VariantName = "[No Variations]"
Add component (AddParameter): Name = "Family"; Value = "Optoisolators-Transistor,PhotovoltaicOutput"; VariantName = "[No Variations]"
Add component (AddParameter): Name = "Input Type"; Value = "DC"; VariantName = "[No Variations]"
Add component (AddParameter): Name = "Manufacturer"; Value = "Fairchild Semiconductor"; VariantName = "[No Variations]"
Add component (AddParameter): Name = "Manufacturer URL"; Value = "https://www.fairchildsemi.com/"; VariantName = "[No Variations]"
Add component (AddParameter): Name = "Mounting Technology"; Value = "SurfaceMount"; VariantName = "[No Variations]"
Add component (AddParameter): Name = "Mounting Type"; Value = "SurfaceMount"; VariantName = "[No Variations]"
Add component (AddParameter): Name = "Number of Channels"; Value = "1"; VariantName = "[No Variations]"
Add component (AddParameter): Name = "Online Catalog"; Value = "FOD617,814,817Series"; VariantName = "[No Variations]"
Add component (AddParameter): Name = "Operating Temperature"; Value = "-55°C~110°C"; VariantName = "[No Variations]"
Add component (AddParameter): Name = "Other Names"; Value = "FOD817DSDDKR"; VariantName = "[No Variations]"
Add component (AddParameter): Name = "Output Type"; Value = "Transistor"; VariantName = "[No Variations]"
Add component (AddParameter): Name = "Package / Case"; Value = "4-SMD,GullWing"; VariantName = "[No Variations]"
Add component (AddParameter): Name = "Package Description"; Value = "4-Pin Surface Mount Device, Body 6.5 x 4.6 mm, Pitch 2.54 mm"; VariantName = "[No Variations]"
Add component (AddParameter): Name = "Package Reference"; Value = "MDIP 4L"; VariantName = "[No Variations]"
Add component (AddParameter): Name = "Package URL"; Value = "https://www.fairchildsemi.com/package-drawings/N0/N04C.pdf"; VariantName = "[No Variations]"
Add component (AddParameter): Name = "Package Version"; Value = "10/2014"; VariantName = "[No Variations]"
Add component (AddParameter): Name = "Packaging"; Value = "Digi-Reel®  "; VariantName = "[No Variations]"
Add component (AddParameter): Name = "Rise / Fall Time (Typ)"; Value = "4µs,3µs"; VariantName = "[No Variations]"
Add component (AddParameter): Name = "Series"; Value = "-"; VariantName = "[No Variations]"
Add component (AddParameter): Name = "Standard Package"; Value = "1"; VariantName = "[No Variations]"
Add component (AddParameter): Name = "Supplier Device Package"; Value = "4-SMD"; VariantName = "[No Variations]"
Add component (AddParameter): Name = "Turn On / Turn Off Time (Typ)"; Value = "-"; VariantName = "[No Variations]"
Add component (AddParameter): Name = "Vce Saturation (Max)"; Value = "200mV"; VariantName = "[No Variations]"
Add component (AddParameter): Name = "Voltage - Forward (Vf) (Typ)"; Value = "1.2V"; VariantName = "[No Variations]"
Add component (AddParameter): Name = "Voltage - Isolation"; Value = "5000Vrms"; VariantName = "[No Variations]"
Add component (AddParameter): Name = "Voltage - Output (Max)"; Value = "70V"; VariantName = "[No Variations]"
Added Component: Designator=U7_I5(FAIR-MDIP-4_V)
Add component. Clean all parameters for all variants
Add component (AddParameter): Name = "Category"; Value = "Isolators"; VariantName = "[No Variations]"
Add component (AddParameter): Name = "Current - DC Forward (If) (Max)"; Value = "50mA"; VariantName = "[No Variations]"
Add component (AddParameter): Name = "Current - Output / Channel"; Value = "50mA"; VariantName = "[No Variations]"
Add component (AddParameter): Name = "Current Transfer Ratio (Max)"; Value = "600%@5mA"; VariantName = "[No Variations]"
Add component (AddParameter): Name = "Current Transfer Ratio (Min)"; Value = "300%@5mA"; VariantName = "[No Variations]"
Add component (AddParameter): Name = "Datasheet URL"; Value = "https://www.fairchildsemi.com/datasheets/FO/FOD817D.pdf"; VariantName = "[No Variations]"
Add component (AddParameter): Name = "Datasheet Version"; Value = "Rev. 2.8, 11/2015"; VariantName = "[No Variations]"
Add component (AddParameter): Name = "Family"; Value = "Optoisolators-Transistor,PhotovoltaicOutput"; VariantName = "[No Variations]"
Add component (AddParameter): Name = "Input Type"; Value = "DC"; VariantName = "[No Variations]"
Add component (AddParameter): Name = "Manufacturer"; Value = "Fairchild Semiconductor"; VariantName = "[No Variations]"
Add component (AddParameter): Name = "Manufacturer URL"; Value = "https://www.fairchildsemi.com/"; VariantName = "[No Variations]"
Add component (AddParameter): Name = "Mounting Technology"; Value = "SurfaceMount"; VariantName = "[No Variations]"
Add component (AddParameter): Name = "Mounting Type"; Value = "SurfaceMount"; VariantName = "[No Variations]"
Add component (AddParameter): Name = "Number of Channels"; Value = "1"; VariantName = "[No Variations]"
Add component (AddParameter): Name = "Online Catalog"; Value = "FOD617,814,817Series"; VariantName = "[No Variations]"
Add component (AddParameter): Name = "Operating Temperature"; Value = "-55°C~110°C"; VariantName = "[No Variations]"
Add component (AddParameter): Name = "Other Names"; Value = "FOD817DSDDKR"; VariantName = "[No Variations]"
Add component (AddParameter): Name = "Output Type"; Value = "Transistor"; VariantName = "[No Variations]"
Add component (AddParameter): Name = "Package / Case"; Value = "4-SMD,GullWing"; VariantName = "[No Variations]"
Add component (AddParameter): Name = "Package Description"; Value = "4-Pin Surface Mount Device, Body 6.5 x 4.6 mm, Pitch 2.54 mm"; VariantName = "[No Variations]"
Add component (AddParameter): Name = "Package Reference"; Value = "MDIP 4L"; VariantName = "[No Variations]"
Add component (AddParameter): Name = "Package URL"; Value = "https://www.fairchildsemi.com/package-drawings/N0/N04C.pdf"; VariantName = "[No Variations]"
Add component (AddParameter): Name = "Package Version"; Value = "10/2014"; VariantName = "[No Variations]"
Add component (AddParameter): Name = "Packaging"; Value = "Digi-Reel®  "; VariantName = "[No Variations]"
Add component (AddParameter): Name = "Rise / Fall Time (Typ)"; Value = "4µs,3µs"; VariantName = "[No Variations]"
Add component (AddParameter): Name = "Series"; Value = "-"; VariantName = "[No Variations]"
Add component (AddParameter): Name = "Standard Package"; Value = "1"; VariantName = "[No Variations]"
Add component (AddParameter): Name = "Supplier Device Package"; Value = "4-SMD"; VariantName = "[No Variations]"
Add component (AddParameter): Name = "Turn On / Turn Off Time (Typ)"; Value = "-"; VariantName = "[No Variations]"
Add component (AddParameter): Name = "Vce Saturation (Max)"; Value = "200mV"; VariantName = "[No Variations]"
Add component (AddParameter): Name = "Voltage - Forward (Vf) (Typ)"; Value = "1.2V"; VariantName = "[No Variations]"
Add component (AddParameter): Name = "Voltage - Isolation"; Value = "5000Vrms"; VariantName = "[No Variations]"
Add component (AddParameter): Name = "Voltage - Output (Max)"; Value = "70V"; VariantName = "[No Variations]"
Added Component: Designator=U7_I6(FAIR-MDIP-4_V)
Add component. Clean all parameters for all variants
Add component (AddParameter): Name = "Category"; Value = "Isolators"; VariantName = "[No Variations]"
Add component (AddParameter): Name = "Current - DC Forward (If) (Max)"; Value = "50mA"; VariantName = "[No Variations]"
Add component (AddParameter): Name = "Current - Output / Channel"; Value = "50mA"; VariantName = "[No Variations]"
Add component (AddParameter): Name = "Current Transfer Ratio (Max)"; Value = "600%@5mA"; VariantName = "[No Variations]"
Add component (AddParameter): Name = "Current Transfer Ratio (Min)"; Value = "300%@5mA"; VariantName = "[No Variations]"
Add component (AddParameter): Name = "Datasheet URL"; Value = "https://www.fairchildsemi.com/datasheets/FO/FOD817D.pdf"; VariantName = "[No Variations]"
Add component (AddParameter): Name = "Datasheet Version"; Value = "Rev. 2.8, 11/2015"; VariantName = "[No Variations]"
Add component (AddParameter): Name = "Family"; Value = "Optoisolators-Transistor,PhotovoltaicOutput"; VariantName = "[No Variations]"
Add component (AddParameter): Name = "Input Type"; Value = "DC"; VariantName = "[No Variations]"
Add component (AddParameter): Name = "Manufacturer"; Value = "Fairchild Semiconductor"; VariantName = "[No Variations]"
Add component (AddParameter): Name = "Manufacturer URL"; Value = "https://www.fairchildsemi.com/"; VariantName = "[No Variations]"
Add component (AddParameter): Name = "Mounting Technology"; Value = "SurfaceMount"; VariantName = "[No Variations]"
Add component (AddParameter): Name = "Mounting Type"; Value = "SurfaceMount"; VariantName = "[No Variations]"
Add component (AddParameter): Name = "Number of Channels"; Value = "1"; VariantName = "[No Variations]"
Add component (AddParameter): Name = "Online Catalog"; Value = "FOD617,814,817Series"; VariantName = "[No Variations]"
Add component (AddParameter): Name = "Operating Temperature"; Value = "-55°C~110°C"; VariantName = "[No Variations]"
Add component (AddParameter): Name = "Other Names"; Value = "FOD817DSDDKR"; VariantName = "[No Variations]"
Add component (AddParameter): Name = "Output Type"; Value = "Transistor"; VariantName = "[No Variations]"
Add component (AddParameter): Name = "Package / Case"; Value = "4-SMD,GullWing"; VariantName = "[No Variations]"
Add component (AddParameter): Name = "Package Description"; Value = "4-Pin Surface Mount Device, Body 6.5 x 4.6 mm, Pitch 2.54 mm"; VariantName = "[No Variations]"
Add component (AddParameter): Name = "Package Reference"; Value = "MDIP 4L"; VariantName = "[No Variations]"
Add component (AddParameter): Name = "Package URL"; Value = "https://www.fairchildsemi.com/package-drawings/N0/N04C.pdf"; VariantName = "[No Variations]"
Add component (AddParameter): Name = "Package Version"; Value = "10/2014"; VariantName = "[No Variations]"
Add component (AddParameter): Name = "Packaging"; Value = "Digi-Reel®  "; VariantName = "[No Variations]"
Add component (AddParameter): Name = "Rise / Fall Time (Typ)"; Value = "4µs,3µs"; VariantName = "[No Variations]"
Add component (AddParameter): Name = "Series"; Value = "-"; VariantName = "[No Variations]"
Add component (AddParameter): Name = "Standard Package"; Value = "1"; VariantName = "[No Variations]"
Add component (AddParameter): Name = "Supplier Device Package"; Value = "4-SMD"; VariantName = "[No Variations]"
Add component (AddParameter): Name = "Turn On / Turn Off Time (Typ)"; Value = "-"; VariantName = "[No Variations]"
Add component (AddParameter): Name = "Vce Saturation (Max)"; Value = "200mV"; VariantName = "[No Variations]"
Add component (AddParameter): Name = "Voltage - Forward (Vf) (Typ)"; Value = "1.2V"; VariantName = "[No Variations]"
Add component (AddParameter): Name = "Voltage - Isolation"; Value = "5000Vrms"; VariantName = "[No Variations]"
Add component (AddParameter): Name = "Voltage - Output (Max)"; Value = "70V"; VariantName = "[No Variations]"
Added Component: Designator=U7_I7(FAIR-MDIP-4_V)
Add component. Clean all parameters for all variants
Add component (AddParameter): Name = "Category"; Value = "Isolators"; VariantName = "[No Variations]"
Add component (AddParameter): Name = "Current - DC Forward (If) (Max)"; Value = "50mA"; VariantName = "[No Variations]"
Add component (AddParameter): Name = "Current - Output / Channel"; Value = "50mA"; VariantName = "[No Variations]"
Add component (AddParameter): Name = "Current Transfer Ratio (Max)"; Value = "600%@5mA"; VariantName = "[No Variations]"
Add component (AddParameter): Name = "Current Transfer Ratio (Min)"; Value = "300%@5mA"; VariantName = "[No Variations]"
Add component (AddParameter): Name = "Datasheet URL"; Value = "https://www.fairchildsemi.com/datasheets/FO/FOD817D.pdf"; VariantName = "[No Variations]"
Add component (AddParameter): Name = "Datasheet Version"; Value = "Rev. 2.8, 11/2015"; VariantName = "[No Variations]"
Add component (AddParameter): Name = "Family"; Value = "Optoisolators-Transistor,PhotovoltaicOutput"; VariantName = "[No Variations]"
Add component (AddParameter): Name = "Input Type"; Value = "DC"; VariantName = "[No Variations]"
Add component (AddParameter): Name = "Manufacturer"; Value = "Fairchild Semiconductor"; VariantName = "[No Variations]"
Add component (AddParameter): Name = "Manufacturer URL"; Value = "https://www.fairchildsemi.com/"; VariantName = "[No Variations]"
Add component (AddParameter): Name = "Mounting Technology"; Value = "SurfaceMount"; VariantName = "[No Variations]"
Add component (AddParameter): Name = "Mounting Type"; Value = "SurfaceMount"; VariantName = "[No Variations]"
Add component (AddParameter): Name = "Number of Channels"; Value = "1"; VariantName = "[No Variations]"
Add component (AddParameter): Name = "Online Catalog"; Value = "FOD617,814,817Series"; VariantName = "[No Variations]"
Add component (AddParameter): Name = "Operating Temperature"; Value = "-55°C~110°C"; VariantName = "[No Variations]"
Add component (AddParameter): Name = "Other Names"; Value = "FOD817DSDDKR"; VariantName = "[No Variations]"
Add component (AddParameter): Name = "Output Type"; Value = "Transistor"; VariantName = "[No Variations]"
Add component (AddParameter): Name = "Package / Case"; Value = "4-SMD,GullWing"; VariantName = "[No Variations]"
Add component (AddParameter): Name = "Package Description"; Value = "4-Pin Surface Mount Device, Body 6.5 x 4.6 mm, Pitch 2.54 mm"; VariantName = "[No Variations]"
Add component (AddParameter): Name = "Package Reference"; Value = "MDIP 4L"; VariantName = "[No Variations]"
Add component (AddParameter): Name = "Package URL"; Value = "https://www.fairchildsemi.com/package-drawings/N0/N04C.pdf"; VariantName = "[No Variations]"
Add component (AddParameter): Name = "Package Version"; Value = "10/2014"; VariantName = "[No Variations]"
Add component (AddParameter): Name = "Packaging"; Value = "Digi-Reel®  "; VariantName = "[No Variations]"
Add component (AddParameter): Name = "Rise / Fall Time (Typ)"; Value = "4µs,3µs"; VariantName = "[No Variations]"
Add component (AddParameter): Name = "Series"; Value = "-"; VariantName = "[No Variations]"
Add component (AddParameter): Name = "Standard Package"; Value = "1"; VariantName = "[No Variations]"
Add component (AddParameter): Name = "Supplier Device Package"; Value = "4-SMD"; VariantName = "[No Variations]"
Add component (AddParameter): Name = "Turn On / Turn Off Time (Typ)"; Value = "-"; VariantName = "[No Variations]"
Add component (AddParameter): Name = "Vce Saturation (Max)"; Value = "200mV"; VariantName = "[No Variations]"
Add component (AddParameter): Name = "Voltage - Forward (Vf) (Typ)"; Value = "1.2V"; VariantName = "[No Variations]"
Add component (AddParameter): Name = "Voltage - Isolation"; Value = "5000Vrms"; VariantName = "[No Variations]"
Add component (AddParameter): Name = "Voltage - Output (Max)"; Value = "70V"; VariantName = "[No Variations]"
Added Component: Designator=U7_I8(FAIR-MDIP-4_V)
Add component. Clean all parameters for all variants
Add component (AddParameter): Name = "Category"; Value = "Isolators"; VariantName = "[No Variations]"
Add component (AddParameter): Name = "Current - DC Forward (If) (Max)"; Value = "50mA"; VariantName = "[No Variations]"
Add component (AddParameter): Name = "Current - Output / Channel"; Value = "50mA"; VariantName = "[No Variations]"
Add component (AddParameter): Name = "Current Transfer Ratio (Max)"; Value = "600%@5mA"; VariantName = "[No Variations]"
Add component (AddParameter): Name = "Current Transfer Ratio (Min)"; Value = "300%@5mA"; VariantName = "[No Variations]"
Add component (AddParameter): Name = "Datasheet URL"; Value = "https://www.fairchildsemi.com/datasheets/FO/FOD817D.pdf"; VariantName = "[No Variations]"
Add component (AddParameter): Name = "Datasheet Version"; Value = "Rev. 2.8, 11/2015"; VariantName = "[No Variations]"
Add component (AddParameter): Name = "Family"; Value = "Optoisolators-Transistor,PhotovoltaicOutput"; VariantName = "[No Variations]"
Add component (AddParameter): Name = "Input Type"; Value = "DC"; VariantName = "[No Variations]"
Add component (AddParameter): Name = "Manufacturer"; Value = "Fairchild Semiconductor"; VariantName = "[No Variations]"
Add component (AddParameter): Name = "Manufacturer URL"; Value = "https://www.fairchildsemi.com/"; VariantName = "[No Variations]"
Add component (AddParameter): Name = "Mounting Technology"; Value = "SurfaceMount"; VariantName = "[No Variations]"
Add component (AddParameter): Name = "Mounting Type"; Value = "SurfaceMount"; VariantName = "[No Variations]"
Add component (AddParameter): Name = "Number of Channels"; Value = "1"; VariantName = "[No Variations]"
Add component (AddParameter): Name = "Online Catalog"; Value = "FOD617,814,817Series"; VariantName = "[No Variations]"
Add component (AddParameter): Name = "Operating Temperature"; Value = "-55°C~110°C"; VariantName = "[No Variations]"
Add component (AddParameter): Name = "Other Names"; Value = "FOD817DSDDKR"; VariantName = "[No Variations]"
Add component (AddParameter): Name = "Output Type"; Value = "Transistor"; VariantName = "[No Variations]"
Add component (AddParameter): Name = "Package / Case"; Value = "4-SMD,GullWing"; VariantName = "[No Variations]"
Add component (AddParameter): Name = "Package Description"; Value = "4-Pin Surface Mount Device, Body 6.5 x 4.6 mm, Pitch 2.54 mm"; VariantName = "[No Variations]"
Add component (AddParameter): Name = "Package Reference"; Value = "MDIP 4L"; VariantName = "[No Variations]"
Add component (AddParameter): Name = "Package URL"; Value = "https://www.fairchildsemi.com/package-drawings/N0/N04C.pdf"; VariantName = "[No Variations]"
Add component (AddParameter): Name = "Package Version"; Value = "10/2014"; VariantName = "[No Variations]"
Add component (AddParameter): Name = "Packaging"; Value = "Digi-Reel®  "; VariantName = "[No Variations]"
Add component (AddParameter): Name = "Rise / Fall Time (Typ)"; Value = "4µs,3µs"; VariantName = "[No Variations]"
Add component (AddParameter): Name = "Series"; Value = "-"; VariantName = "[No Variations]"
Add component (AddParameter): Name = "Standard Package"; Value = "1"; VariantName = "[No Variations]"
Add component (AddParameter): Name = "Supplier Device Package"; Value = "4-SMD"; VariantName = "[No Variations]"
Add component (AddParameter): Name = "Turn On / Turn Off Time (Typ)"; Value = "-"; VariantName = "[No Variations]"
Add component (AddParameter): Name = "Vce Saturation (Max)"; Value = "200mV"; VariantName = "[No Variations]"
Add component (AddParameter): Name = "Voltage - Forward (Vf) (Typ)"; Value = "1.2V"; VariantName = "[No Variations]"
Add component (AddParameter): Name = "Voltage - Isolation"; Value = "5000Vrms"; VariantName = "[No Variations]"
Add component (AddParameter): Name = "Voltage - Output (Max)"; Value = "70V"; VariantName = "[No Variations]"
Added Pin To Net: NetName=NetDS7_I1_1 Pin=DS7_I1-1
Added Pin To Net: NetName=GND Pin=DS7_I1-2
Added Pin To Net: NetName=NetDS7_I3_1 Pin=DS7_I3-1
Added Pin To Net: NetName=GND Pin=DS7_I3-2
Added Pin To Net: NetName=NetDS7_I4_1 Pin=DS7_I4-1
Added Pin To Net: NetName=GND Pin=DS7_I4-2
Added Pin To Net: NetName=NetDS7_I5_1 Pin=DS7_I5-1
Added Pin To Net: NetName=GND Pin=DS7_I5-2
Added Pin To Net: NetName=NetDS7_I6_1 Pin=DS7_I6-1
Added Pin To Net: NetName=GND Pin=DS7_I6-2
Added Pin To Net: NetName=NetDS7_I7_1 Pin=DS7_I7-1
Added Pin To Net: NetName=GND Pin=DS7_I7-2
Added Pin To Net: NetName=NetDS7_I8_1 Pin=DS7_I8-1
Added Pin To Net: NetName=GND Pin=DS7_I8-2
Added Pin To Net: NetName=NetP5_I1_1 Pin=P5_I1-1
Added Pin To Net: NetName=GND_24V_ISO Pin=P5_I1-2
Added Pin To Net: NetName=NetP5_I3_1 Pin=P5_I3-1
Added Pin To Net: NetName=GND_24V_ISO Pin=P5_I3-2
Added Pin To Net: NetName=NetP5_I4_1 Pin=P5_I4-1
Added Pin To Net: NetName=GND_24V_ISO Pin=P5_I4-2
Added Pin To Net: NetName=NetP5_I5_1 Pin=P5_I5-1
Added Pin To Net: NetName=GND_24V_ISO Pin=P5_I5-2
Added Pin To Net: NetName=NetP5_I6_1 Pin=P5_I6-1
Added Pin To Net: NetName=GND_24V_ISO Pin=P5_I6-2
Added Pin To Net: NetName=NetP5_I7_1 Pin=P5_I7-1
Added Pin To Net: NetName=GND_24V_ISO Pin=P5_I7-2
Added Pin To Net: NetName=NetP5_I8_1 Pin=P5_I8-1
Added Pin To Net: NetName=GND_24V_ISO Pin=P5_I8-2
Added Pin To Net: NetName=NetP5_I1_1 Pin=R11_I1-1
Added Pin To Net: NetName=NetR11_I1_2 Pin=R11_I1-2
Added Pin To Net: NetName=NetP5_I3_1 Pin=R11_I3-1
Added Pin To Net: NetName=NetR11_I3_2 Pin=R11_I3-2
Added Pin To Net: NetName=NetP5_I4_1 Pin=R11_I4-1
Added Pin To Net: NetName=NetR11_I4_2 Pin=R11_I4-2
Added Pin To Net: NetName=NetP5_I5_1 Pin=R11_I5-1
Added Pin To Net: NetName=NetR11_I5_2 Pin=R11_I5-2
Added Pin To Net: NetName=NetP5_I6_1 Pin=R11_I6-1
Added Pin To Net: NetName=NetR11_I6_2 Pin=R11_I6-2
Added Pin To Net: NetName=NetP5_I7_1 Pin=R11_I7-1
Added Pin To Net: NetName=NetR11_I7_2 Pin=R11_I7-2
Added Pin To Net: NetName=NetP5_I8_1 Pin=R11_I8-1
Added Pin To Net: NetName=NetR11_I8_2 Pin=R11_I8-2
Added Pin To Net: NetName=Input_8 Pin=R12_I1-1
Added Pin To Net: NetName=NetDS7_I1_1 Pin=R12_I1-2
Added Pin To Net: NetName=Input_6 Pin=R12_I3-1
Added Pin To Net: NetName=NetDS7_I3_1 Pin=R12_I3-2
Added Pin To Net: NetName=Input_5 Pin=R12_I4-1
Added Pin To Net: NetName=NetDS7_I4_1 Pin=R12_I4-2
Added Pin To Net: NetName=Input_4 Pin=R12_I5-1
Added Pin To Net: NetName=NetDS7_I5_1 Pin=R12_I5-2
Added Pin To Net: NetName=Input_3 Pin=R12_I6-1
Added Pin To Net: NetName=NetDS7_I6_1 Pin=R12_I6-2
Added Pin To Net: NetName=Input_2 Pin=R12_I7-1
Added Pin To Net: NetName=NetDS7_I7_1 Pin=R12_I7-2
Added Pin To Net: NetName=Input_1 Pin=R12_I8-1
Added Pin To Net: NetName=NetDS7_I8_1 Pin=R12_I8-2
Added Pin To Net: NetName=NetR11_I1_2 Pin=U7_I1-1
Added Pin To Net: NetName=GND_24V_ISO Pin=U7_I1-2
Added Pin To Net: NetName=Input_8 Pin=U7_I1-3
Added Pin To Net: NetName=VCC Pin=U7_I1-4
Added Pin To Net: NetName=NetR11_I3_2 Pin=U7_I3-1
Added Pin To Net: NetName=GND_24V_ISO Pin=U7_I3-2
Added Pin To Net: NetName=Input_6 Pin=U7_I3-3
Added Pin To Net: NetName=VCC Pin=U7_I3-4
Added Pin To Net: NetName=NetR11_I4_2 Pin=U7_I4-1
Added Pin To Net: NetName=GND_24V_ISO Pin=U7_I4-2
Added Pin To Net: NetName=Input_5 Pin=U7_I4-3
Added Pin To Net: NetName=VCC Pin=U7_I4-4
Added Pin To Net: NetName=NetR11_I5_2 Pin=U7_I5-1
Added Pin To Net: NetName=GND_24V_ISO Pin=U7_I5-2
Added Pin To Net: NetName=Input_4 Pin=U7_I5-3
Added Pin To Net: NetName=VCC Pin=U7_I5-4
Added Pin To Net: NetName=NetR11_I6_2 Pin=U7_I6-1
Added Pin To Net: NetName=GND_24V_ISO Pin=U7_I6-2
Added Pin To Net: NetName=Input_3 Pin=U7_I6-3
Added Pin To Net: NetName=VCC Pin=U7_I6-4
Added Pin To Net: NetName=NetR11_I7_2 Pin=U7_I7-1
Added Pin To Net: NetName=GND_24V_ISO Pin=U7_I7-2
Added Pin To Net: NetName=Input_2 Pin=U7_I7-3
Added Pin To Net: NetName=VCC Pin=U7_I7-4
Added Pin To Net: NetName=NetR11_I8_2 Pin=U7_I8-1
Added Pin To Net: NetName=GND_24V_ISO Pin=U7_I8-2
Added Pin To Net: NetName=Input_1 Pin=U7_I8-3
Added Pin To Net: NetName=VCC Pin=U7_I8-4
Added Member To Class: ClassName=I1 Member=Component DS7_I1 (DS7) TLMS1100-GS08
Added Member To Class: ClassName=I3 Member=Component DS7_I3 (DS7) TLMS1100-GS08
Added Member To Class: ClassName=I4 Member=Component DS7_I4 (DS7) TLMS1100-GS08
Added Member To Class: ClassName=I5 Member=Component DS7_I5 (DS7) TLMS1100-GS08
Added Member To Class: ClassName=I6 Member=Component DS7_I6 (DS7) TLMS1100-GS08
Added Member To Class: ClassName=I7 Member=Component DS7_I7 (DS7) TLMS1100-GS08
Added Member To Class: ClassName=I8 Member=Component DS7_I8 (DS7) TLMS1100-GS08
Added Member To Class: ClassName=I1 Member=Component P5_I1 (P5) SCREW-5.0/5.08 2WAYS
Added Member To Class: ClassName=I3 Member=Component P5_I3 (P5) SCREW-5.0/5.08 2WAYS
Added Member To Class: ClassName=I4 Member=Component P5_I4 (P5) SCREW-5.0/5.08 2WAYS
Added Member To Class: ClassName=I5 Member=Component P5_I5 (P5) SCREW-5.0/5.08 2WAYS
Added Member To Class: ClassName=I6 Member=Component P5_I6 (P5) SCREW-5.0/5.08 2WAYS
Added Member To Class: ClassName=I7 Member=Component P5_I7 (P5) SCREW-5.0/5.08 2WAYS
Added Member To Class: ClassName=I8 Member=Component P5_I8 (P5) SCREW-5.0/5.08 2WAYS
Added Member To Class: ClassName=I1 Member=Component R11_I1 (R11) 2k
Added Member To Class: ClassName=I3 Member=Component R11_I3 (R11) 2k
Added Member To Class: ClassName=I4 Member=Component R11_I4 (R11) 2k
Added Member To Class: ClassName=I5 Member=Component R11_I5 (R11) 2k
Added Member To Class: ClassName=I6 Member=Component R11_I6 (R11) 2k
Added Member To Class: ClassName=I7 Member=Component R11_I7 (R11) 2k
Added Member To Class: ClassName=I8 Member=Component R11_I8 (R11) 2k
Added Member To Class: ClassName=I1 Member=Component R12_I1 (R12) 2k
Added Member To Class: ClassName=I3 Member=Component R12_I3 (R12) 2k
Added Member To Class: ClassName=I4 Member=Component R12_I4 (R12) 2k
Added Member To Class: ClassName=I5 Member=Component R12_I5 (R12) 2k
Added Member To Class: ClassName=I6 Member=Component R12_I6 (R12) 2k
Added Member To Class: ClassName=I7 Member=Component R12_I7 (R12) 2k
Added Member To Class: ClassName=I8 Member=Component R12_I8 (R12) 2k
Added Member To Class: ClassName=I1 Member=Component U7_I1 (U7) FOD817DSD
Added Member To Class: ClassName=I3 Member=Component U7_I3 (U7) FOD817DSD
Added Member To Class: ClassName=I4 Member=Component U7_I4 (U7) FOD817DSD
Added Member To Class: ClassName=I5 Member=Component U7_I5 (U7) FOD817DSD
Added Member To Class: ClassName=I6 Member=Component U7_I6 (U7) FOD817DSD
Added Member To Class: ClassName=I7 Member=Component U7_I7 (U7) FOD817DSD
Added Member To Class: ClassName=I8 Member=Component U7_I8 (U7) FOD817DSD
Added Room: Name=Designator
Added Room: Name=I1
Added Room: Name=I3
Added Room: Name=I4
Added Room: Name=I5
Added Room: Name=I6
Added Room: Name=I7
Added Room: Name=I8
