Removed Pin From Net: NetName=Input_8 Pin=DS7_Designator1-1
Removed Pin From Net: NetName=GND Pin=DS7_Designator1-2
Removed Pin From Net: NetName=Input_7 Pin=DS7_Designator2-1
Removed Pin From Net: NetName=GND Pin=DS7_Designator2-2
Removed Pin From Net: NetName=Input_6 Pin=DS7_Designator3-1
Removed Pin From Net: NetName=GND Pin=DS7_Designator3-2
Removed Pin From Net: NetName=Input_5 Pin=DS7_Designator4-1
Removed Pin From Net: NetName=GND Pin=DS7_Designator4-2
Removed Pin From Net: NetName=Input_4 Pin=DS7_Designator5-1
Removed Pin From Net: NetName=GND Pin=DS7_Designator5-2
Removed Pin From Net: NetName=Input_3 Pin=DS7_Designator6-1
Removed Pin From Net: NetName=GND Pin=DS7_Designator6-2
Removed Pin From Net: NetName=Input_2 Pin=DS7_Designator7-1
Removed Pin From Net: NetName=GND Pin=DS7_Designator7-2
Removed Pin From Net: NetName=GND_24V_ISO Pin=P5_Designator1-2
Removed Pin From Net: NetName=GND_24V_ISO Pin=P5_Designator2-2
Removed Pin From Net: NetName=GND_24V_ISO Pin=P5_Designator3-2
Removed Pin From Net: NetName=GND_24V_ISO Pin=P5_Designator4-2
Removed Pin From Net: NetName=GND_24V_ISO Pin=P5_Designator5-2
Removed Pin From Net: NetName=GND_24V_ISO Pin=P5_Designator6-2
Removed Pin From Net: NetName=GND_24V_ISO Pin=P5_Designator7-2
Removed Pin From Net: NetName=GND_24V_ISO Pin=U7_Designator1-2
Removed Pin From Net: NetName=Input_8 Pin=U7_Designator1-3
Removed Pin From Net: NetName=VCC Pin=U7_Designator1-4
Removed Pin From Net: NetName=GND_24V_ISO Pin=U7_Designator2-2
Removed Pin From Net: NetName=Input_7 Pin=U7_Designator2-3
Removed Pin From Net: NetName=VCC Pin=U7_Designator2-4
Removed Pin From Net: NetName=GND_24V_ISO Pin=U7_Designator3-2
Removed Pin From Net: NetName=Input_6 Pin=U7_Designator3-3
Removed Pin From Net: NetName=VCC Pin=U7_Designator3-4
Removed Pin From Net: NetName=GND_24V_ISO Pin=U7_Designator4-2
Removed Pin From Net: NetName=Input_5 Pin=U7_Designator4-3
Removed Pin From Net: NetName=VCC Pin=U7_Designator4-4
Removed Pin From Net: NetName=GND_24V_ISO Pin=U7_Designator5-2
Removed Pin From Net: NetName=Input_4 Pin=U7_Designator5-3
Removed Pin From Net: NetName=VCC Pin=U7_Designator5-4
Removed Pin From Net: NetName=GND_24V_ISO Pin=U7_Designator6-2
Removed Pin From Net: NetName=Input_3 Pin=U7_Designator6-3
Removed Pin From Net: NetName=VCC Pin=U7_Designator6-4
Removed Pin From Net: NetName=GND_24V_ISO Pin=U7_Designator7-2
Removed Pin From Net: NetName=Input_2 Pin=U7_Designator7-3
Removed Pin From Net: NetName=VCC Pin=U7_Designator7-4
Change Component Designator: OldDesignator=D3_R?1 NewDesignator=D3_R1
Change Component Designator: OldDesignator=D3_R?2 NewDesignator=D3_R2
Change Component Designator: OldDesignator=D3_R?3 NewDesignator=D3_R3
Change Component Designator: OldDesignator=D3_R?4 NewDesignator=D3_R4
Change Component Designator: OldDesignator=D3_R?5 NewDesignator=D3_R5
Change Component Designator: OldDesignator=D3_R?6 NewDesignator=D3_R6
Change Component Designator: OldDesignator=D3_R?7 NewDesignator=D3_R7
Change Component Designator: OldDesignator=D3_R?8 NewDesignator=D3_R8
Change Component Designator: OldDesignator=DS4_R?1 NewDesignator=DS4_R1
Change Component Designator: OldDesignator=DS4_R?2 NewDesignator=DS4_R2
Change Component Designator: OldDesignator=DS4_R?3 NewDesignator=DS4_R3
Change Component Designator: OldDesignator=DS4_R?4 NewDesignator=DS4_R4
Change Component Designator: OldDesignator=DS4_R?5 NewDesignator=DS4_R5
Change Component Designator: OldDesignator=DS4_R?6 NewDesignator=DS4_R6
Change Component Designator: OldDesignator=DS4_R?7 NewDesignator=DS4_R7
Change Component Designator: OldDesignator=DS4_R?8 NewDesignator=DS4_R8
Change Component Designator: OldDesignator=DS7_Designator8 NewDesignator=DS7_I8
Change Component Designator: OldDesignator=K1_R?1 NewDesignator=K1_R1
Change Component Designator: OldDesignator=K1_R?2 NewDesignator=K1_R2
Change Component Designator: OldDesignator=K1_R?3 NewDesignator=K1_R3
Change Component Designator: OldDesignator=K1_R?4 NewDesignator=K1_R4
Change Component Designator: OldDesignator=K1_R?5 NewDesignator=K1_R5
Change Component Designator: OldDesignator=K1_R?6 NewDesignator=K1_R6
Change Component Designator: OldDesignator=K1_R?7 NewDesignator=K1_R7
Change Component Designator: OldDesignator=K1_R?8 NewDesignator=K1_R8
Change Component Designator: OldDesignator=P4_R?1 NewDesignator=P4_R1
Change Component Designator: OldDesignator=P4_R?2 NewDesignator=P4_R2
Change Component Designator: OldDesignator=P4_R?3 NewDesignator=P4_R3
Change Component Designator: OldDesignator=P4_R?4 NewDesignator=P4_R4
Change Component Designator: OldDesignator=P4_R?5 NewDesignator=P4_R5
Change Component Designator: OldDesignator=P4_R?6 NewDesignator=P4_R6
Change Component Designator: OldDesignator=P4_R?7 NewDesignator=P4_R7
Change Component Designator: OldDesignator=P4_R?8 NewDesignator=P4_R8
Change Component Designator: OldDesignator=P5_Designator8 NewDesignator=P5_I8
Change Component Designator: OldDesignator=Q1_R?1 NewDesignator=Q1_R1
Change Component Designator: OldDesignator=Q1_R?2 NewDesignator=Q1_R2
Change Component Designator: OldDesignator=Q1_R?3 NewDesignator=Q1_R3
Change Component Designator: OldDesignator=Q1_R?4 NewDesignator=Q1_R4
Change Component Designator: OldDesignator=Q1_R?5 NewDesignator=Q1_R5
Change Component Designator: OldDesignator=Q1_R?6 NewDesignator=Q1_R6
Change Component Designator: OldDesignator=Q1_R?7 NewDesignator=Q1_R7
Change Component Designator: OldDesignator=Q1_R?8 NewDesignator=Q1_R8
Change Component Designator: OldDesignator=R8_R?1 NewDesignator=R8_R1
Change Component Designator: OldDesignator=R8_R?2 NewDesignator=R8_R2
Change Component Designator: OldDesignator=R8_R?3 NewDesignator=R8_R3
Change Component Designator: OldDesignator=R8_R?4 NewDesignator=R8_R4
Change Component Designator: OldDesignator=R8_R?5 NewDesignator=R8_R5
Change Component Designator: OldDesignator=R8_R?6 NewDesignator=R8_R6
Change Component Designator: OldDesignator=R8_R?7 NewDesignator=R8_R7
Change Component Designator: OldDesignator=R8_R?8 NewDesignator=R8_R8
Change Component Designator: OldDesignator=R9_R?1 NewDesignator=R9_R1
Change Component Designator: OldDesignator=R9_R?2 NewDesignator=R9_R2
Change Component Designator: OldDesignator=R9_R?3 NewDesignator=R9_R3
Change Component Designator: OldDesignator=R9_R?4 NewDesignator=R9_R4
Change Component Designator: OldDesignator=R9_R?5 NewDesignator=R9_R5
Change Component Designator: OldDesignator=R9_R?6 NewDesignator=R9_R6
Change Component Designator: OldDesignator=R9_R?7 NewDesignator=R9_R7
Change Component Designator: OldDesignator=R9_R?8 NewDesignator=R9_R8
Change Component Designator: OldDesignator=R11_Designator8 NewDesignator=R11_I8
Change Component Designator: OldDesignator=SW4_R?1 NewDesignator=SW4_R1
Change Component Designator: OldDesignator=SW4_R?2 NewDesignator=SW4_R2
Change Component Designator: OldDesignator=SW4_R?3 NewDesignator=SW4_R3
Change Component Designator: OldDesignator=SW4_R?4 NewDesignator=SW4_R4
Change Component Designator: OldDesignator=SW4_R?5 NewDesignator=SW4_R5
Change Component Designator: OldDesignator=SW4_R?6 NewDesignator=SW4_R6
Change Component Designator: OldDesignator=SW4_R?7 NewDesignator=SW4_R7
Change Component Designator: OldDesignator=SW4_R?8 NewDesignator=SW4_R8
Change Component Designator: OldDesignator=U7_Designator8 NewDesignator=U7_I8
Added Component: Designator=C7(CAPC0805(2012)100_M)
Add component. Clean all parameters for all variants
Add component (AddParameter): Name = "Case-EIA"; Value = "0805"; VariantName = "[No Variations]"
Add component (AddParameter): Name = "Case-Metric"; Value = "2012"; VariantName = "[No Variations]"
Add component (AddParameter): Name = "Max Thickness"; Value = "1 mm"; VariantName = "[No Variations]"
Add component (AddParameter): Name = "Rated Voltage"; Value = "25 V"; VariantName = "[No Variations]"
Add component (AddParameter): Name = "Technology"; Value = "SMT"; VariantName = "[No Variations]"
Add component (AddParameter): Name = "Tolerance"; Value = "Â±10%"; VariantName = "[No Variations]"
Add component (AddParameter): Name = "Value"; Value = "1uF"; VariantName = "[No Variations]"
Added Component: Designator=C8(CAPC0805(2012)100_M)
Add component. Clean all parameters for all variants
Add component (AddParameter): Name = "Case-EIA"; Value = "0805"; VariantName = "[No Variations]"
Add component (AddParameter): Name = "Case-Metric"; Value = "2012"; VariantName = "[No Variations]"
Add component (AddParameter): Name = "Max Thickness"; Value = "1 mm"; VariantName = "[No Variations]"
Add component (AddParameter): Name = "Rated Voltage"; Value = "25 V"; VariantName = "[No Variations]"
Add component (AddParameter): Name = "Technology"; Value = "SMT"; VariantName = "[No Variations]"
Add component (AddParameter): Name = "Tolerance"; Value = "Â±10%"; VariantName = "[No Variations]"
Add component (AddParameter): Name = "Value"; Value = "1uF"; VariantName = "[No Variations]"
Added Component: Designator=C9(CAPC0805(2012)100_M)
Add component. Clean all parameters for all variants
Add component (AddParameter): Name = "Case-EIA"; Value = "0805"; VariantName = "[No Variations]"
Add component (AddParameter): Name = "Case-Metric"; Value = "2012"; VariantName = "[No Variations]"
Add component (AddParameter): Name = "Max Thickness"; Value = "1 mm"; VariantName = "[No Variations]"
Add component (AddParameter): Name = "Rated Voltage"; Value = "25 V"; VariantName = "[No Variations]"
Add component (AddParameter): Name = "Technology"; Value = "SMT"; VariantName = "[No Variations]"
Add component (AddParameter): Name = "Tolerance"; Value = "Â±10%"; VariantName = "[No Variations]"
Add component (AddParameter): Name = "Value"; Value = "1uF"; VariantName = "[No Variations]"
Added Component: Designator=DS7_I1(VISH-TLMX1100_V)
Add component. Clean all parameters for all variants
Add component (AddParameter): Name = "Capacitance"; Value = "12 pF"; VariantName = "[No Variations]"
Add component (AddParameter): Name = "Case/Package"; Value = "0603"; VariantName = "[No Variations]"
Add component (AddParameter): Name = "Case Code (Imperial)"; Value = "0603"; VariantName = "[No Variations]"
Add component (AddParameter): Name = "Case Code (Metric)"; Value = "1608"; VariantName = "[No Variations]"
Add component (AddParameter): Name = "ComponentLink1Description"; Value = "Manufacturer URL"; VariantName = "[No Variations]"
Add component (AddParameter): Name = "ComponentLink1URL"; Value = "http://www.vishay.com/"; VariantName = "[No Variations]"
Add component (AddParameter): Name = "ComponentLink2Description"; Value = "Datasheet"; VariantName = "[No Variations]"
Add component (AddParameter): Name = "ComponentLink2URL"; Value = "http://www.vishay.com/docs/83173/tlmb1100.pdf"; VariantName = "[No Variations]"
Add component (AddParameter): Name = "DatasheetVersion"; Value = "Rev. 2.7, 03/2016"; VariantName = "[No Variations]"
Add component (AddParameter): Name = "Height"; Value = "0.8 mm"; VariantName = "[No Variations]"
Add component (AddParameter): Name = "Length"; Value = "1.6 mm"; VariantName = "[No Variations]"
Add component (AddParameter): Name = "Max Operating Temperature"; Value = "125degC"; VariantName = "[No Variations]"
Add component (AddParameter): Name = "Min Operating Temperature"; Value = "-55degC"; VariantName = "[No Variations]"
Add component (AddParameter): Name = "Mount"; Value = "Surface Mount"; VariantName = "[No Variations]"
Add component (AddParameter): Name = "PackageDescription"; Value = "2-Pin Surface Mount Device, Body 1.6 x 0.8 mm"; VariantName = "[No Variations]"
Add component (AddParameter): Name = "Package Quantity"; Value = "4000"; VariantName = "[No Variations]"
Add component (AddParameter): Name = "PackageReference"; Value = "TLMX1100"; VariantName = "[No Variations]"
Add component (AddParameter): Name = "Packaging"; Value = "Tape and Reel"; VariantName = "[No Variations]"
Add component (AddParameter): Name = "Pins"; Value = "2"; VariantName = "[No Variations]"
Add component (AddParameter): Name = "Radiation Hardening"; Value = "No"; VariantName = "[No Variations]"
Add component (AddParameter): Name = "REACH SVHC"; Value = "No SVHC"; VariantName = "[No Variations]"
Add component (AddParameter): Name = "Resistance"; Value = "100000000000 Ohm"; VariantName = "[No Variations]"
Add component (AddParameter): Name = "RoHSCompliant"; Value = "True"; VariantName = "[No Variations]"
Add component (AddParameter): Name = "Tolerance"; Value = "5%"; VariantName = "[No Variations]"
Add component (AddParameter): Name = "Type (Capacitors)"; Value = "C0G"; VariantName = "[No Variations]"
Add component (AddParameter): Name = "Voltage Rating"; Value = "50 V"; VariantName = "[No Variations]"
Add component (AddParameter): Name = "Voltage Rating (DC)"; Value = "50 V"; VariantName = "[No Variations]"
Add component (AddParameter): Name = "Width"; Value = "0.8 mm"; VariantName = "[No Variations]"
Added Component: Designator=DS7_I2(VISH-TLMX1100_V)
Add component. Clean all parameters for all variants
Add component (AddParameter): Name = "Capacitance"; Value = "12 pF"; VariantName = "[No Variations]"
Add component (AddParameter): Name = "Case/Package"; Value = "0603"; VariantName = "[No Variations]"
Add component (AddParameter): Name = "Case Code (Imperial)"; Value = "0603"; VariantName = "[No Variations]"
Add component (AddParameter): Name = "Case Code (Metric)"; Value = "1608"; VariantName = "[No Variations]"
Add component (AddParameter): Name = "ComponentLink1Description"; Value = "Manufacturer URL"; VariantName = "[No Variations]"
Add component (AddParameter): Name = "ComponentLink1URL"; Value = "http://www.vishay.com/"; VariantName = "[No Variations]"
Add component (AddParameter): Name = "ComponentLink2Description"; Value = "Datasheet"; VariantName = "[No Variations]"
Add component (AddParameter): Name = "ComponentLink2URL"; Value = "http://www.vishay.com/docs/83173/tlmb1100.pdf"; VariantName = "[No Variations]"
Add component (AddParameter): Name = "DatasheetVersion"; Value = "Rev. 2.7, 03/2016"; VariantName = "[No Variations]"
Add component (AddParameter): Name = "Height"; Value = "0.8 mm"; VariantName = "[No Variations]"
Add component (AddParameter): Name = "Length"; Value = "1.6 mm"; VariantName = "[No Variations]"
Add component (AddParameter): Name = "Max Operating Temperature"; Value = "125degC"; VariantName = "[No Variations]"
Add component (AddParameter): Name = "Min Operating Temperature"; Value = "-55degC"; VariantName = "[No Variations]"
Add component (AddParameter): Name = "Mount"; Value = "Surface Mount"; VariantName = "[No Variations]"
Add component (AddParameter): Name = "PackageDescription"; Value = "2-Pin Surface Mount Device, Body 1.6 x 0.8 mm"; VariantName = "[No Variations]"
Add component (AddParameter): Name = "Package Quantity"; Value = "4000"; VariantName = "[No Variations]"
Add component (AddParameter): Name = "PackageReference"; Value = "TLMX1100"; VariantName = "[No Variations]"
Add component (AddParameter): Name = "Packaging"; Value = "Tape and Reel"; VariantName = "[No Variations]"
Add component (AddParameter): Name = "Pins"; Value = "2"; VariantName = "[No Variations]"
Add component (AddParameter): Name = "Radiation Hardening"; Value = "No"; VariantName = "[No Variations]"
Add component (AddParameter): Name = "REACH SVHC"; Value = "No SVHC"; VariantName = "[No Variations]"
Add component (AddParameter): Name = "Resistance"; Value = "100000000000 Ohm"; VariantName = "[No Variations]"
Add component (AddParameter): Name = "RoHSCompliant"; Value = "True"; VariantName = "[No Variations]"
Add component (AddParameter): Name = "Tolerance"; Value = "5%"; VariantName = "[No Variations]"
Add component (AddParameter): Name = "Type (Capacitors)"; Value = "C0G"; VariantName = "[No Variations]"
Add component (AddParameter): Name = "Voltage Rating"; Value = "50 V"; VariantName = "[No Variations]"
Add component (AddParameter): Name = "Voltage Rating (DC)"; Value = "50 V"; VariantName = "[No Variations]"
Add component (AddParameter): Name = "Width"; Value = "0.8 mm"; VariantName = "[No Variations]"
Added Component: Designator=DS7_I3(VISH-TLMX1100_V)
Add component. Clean all parameters for all variants
Add component (AddParameter): Name = "Capacitance"; Value = "12 pF"; VariantName = "[No Variations]"
Add component (AddParameter): Name = "Case/Package"; Value = "0603"; VariantName = "[No Variations]"
Add component (AddParameter): Name = "Case Code (Imperial)"; Value = "0603"; VariantName = "[No Variations]"
Add component (AddParameter): Name = "Case Code (Metric)"; Value = "1608"; VariantName = "[No Variations]"
Add component (AddParameter): Name = "ComponentLink1Description"; Value = "Manufacturer URL"; VariantName = "[No Variations]"
Add component (AddParameter): Name = "ComponentLink1URL"; Value = "http://www.vishay.com/"; VariantName = "[No Variations]"
Add component (AddParameter): Name = "ComponentLink2Description"; Value = "Datasheet"; VariantName = "[No Variations]"
Add component (AddParameter): Name = "ComponentLink2URL"; Value = "http://www.vishay.com/docs/83173/tlmb1100.pdf"; VariantName = "[No Variations]"
Add component (AddParameter): Name = "DatasheetVersion"; Value = "Rev. 2.7, 03/2016"; VariantName = "[No Variations]"
Add component (AddParameter): Name = "Height"; Value = "0.8 mm"; VariantName = "[No Variations]"
Add component (AddParameter): Name = "Length"; Value = "1.6 mm"; VariantName = "[No Variations]"
Add component (AddParameter): Name = "Max Operating Temperature"; Value = "125degC"; VariantName = "[No Variations]"
Add component (AddParameter): Name = "Min Operating Temperature"; Value = "-55degC"; VariantName = "[No Variations]"
Add component (AddParameter): Name = "Mount"; Value = "Surface Mount"; VariantName = "[No Variations]"
Add component (AddParameter): Name = "PackageDescription"; Value = "2-Pin Surface Mount Device, Body 1.6 x 0.8 mm"; VariantName = "[No Variations]"
Add component (AddParameter): Name = "Package Quantity"; Value = "4000"; VariantName = "[No Variations]"
Add component (AddParameter): Name = "PackageReference"; Value = "TLMX1100"; VariantName = "[No Variations]"
Add component (AddParameter): Name = "Packaging"; Value = "Tape and Reel"; VariantName = "[No Variations]"
Add component (AddParameter): Name = "Pins"; Value = "2"; VariantName = "[No Variations]"
Add component (AddParameter): Name = "Radiation Hardening"; Value = "No"; VariantName = "[No Variations]"
Add component (AddParameter): Name = "REACH SVHC"; Value = "No SVHC"; VariantName = "[No Variations]"
Add component (AddParameter): Name = "Resistance"; Value = "100000000000 Ohm"; VariantName = "[No Variations]"
Add component (AddParameter): Name = "RoHSCompliant"; Value = "True"; VariantName = "[No Variations]"
Add component (AddParameter): Name = "Tolerance"; Value = "5%"; VariantName = "[No Variations]"
Add component (AddParameter): Name = "Type (Capacitors)"; Value = "C0G"; VariantName = "[No Variations]"
Add component (AddParameter): Name = "Voltage Rating"; Value = "50 V"; VariantName = "[No Variations]"
Add component (AddParameter): Name = "Voltage Rating (DC)"; Value = "50 V"; VariantName = "[No Variations]"
Add component (AddParameter): Name = "Width"; Value = "0.8 mm"; VariantName = "[No Variations]"
Added Component: Designator=DS7_I4(VISH-TLMX1100_V)
Add component. Clean all parameters for all variants
Add component (AddParameter): Name = "Capacitance"; Value = "12 pF"; VariantName = "[No Variations]"
Add component (AddParameter): Name = "Case/Package"; Value = "0603"; VariantName = "[No Variations]"
Add component (AddParameter): Name = "Case Code (Imperial)"; Value = "0603"; VariantName = "[No Variations]"
Add component (AddParameter): Name = "Case Code (Metric)"; Value = "1608"; VariantName = "[No Variations]"
Add component (AddParameter): Name = "ComponentLink1Description"; Value = "Manufacturer URL"; VariantName = "[No Variations]"
Add component (AddParameter): Name = "ComponentLink1URL"; Value = "http://www.vishay.com/"; VariantName = "[No Variations]"
Add component (AddParameter): Name = "ComponentLink2Description"; Value = "Datasheet"; VariantName = "[No Variations]"
Add component (AddParameter): Name = "ComponentLink2URL"; Value = "http://www.vishay.com/docs/83173/tlmb1100.pdf"; VariantName = "[No Variations]"
Add component (AddParameter): Name = "DatasheetVersion"; Value = "Rev. 2.7, 03/2016"; VariantName = "[No Variations]"
Add component (AddParameter): Name = "Height"; Value = "0.8 mm"; VariantName = "[No Variations]"
Add component (AddParameter): Name = "Length"; Value = "1.6 mm"; VariantName = "[No Variations]"
Add component (AddParameter): Name = "Max Operating Temperature"; Value = "125degC"; VariantName = "[No Variations]"
Add component (AddParameter): Name = "Min Operating Temperature"; Value = "-55degC"; VariantName = "[No Variations]"
Add component (AddParameter): Name = "Mount"; Value = "Surface Mount"; VariantName = "[No Variations]"
Add component (AddParameter): Name = "PackageDescription"; Value = "2-Pin Surface Mount Device, Body 1.6 x 0.8 mm"; VariantName = "[No Variations]"
Add component (AddParameter): Name = "Package Quantity"; Value = "4000"; VariantName = "[No Variations]"
Add component (AddParameter): Name = "PackageReference"; Value = "TLMX1100"; VariantName = "[No Variations]"
Add component (AddParameter): Name = "Packaging"; Value = "Tape and Reel"; VariantName = "[No Variations]"
Add component (AddParameter): Name = "Pins"; Value = "2"; VariantName = "[No Variations]"
Add component (AddParameter): Name = "Radiation Hardening"; Value = "No"; VariantName = "[No Variations]"
Add component (AddParameter): Name = "REACH SVHC"; Value = "No SVHC"; VariantName = "[No Variations]"
Add component (AddParameter): Name = "Resistance"; Value = "100000000000 Ohm"; VariantName = "[No Variations]"
Add component (AddParameter): Name = "RoHSCompliant"; Value = "True"; VariantName = "[No Variations]"
Add component (AddParameter): Name = "Tolerance"; Value = "5%"; VariantName = "[No Variations]"
Add component (AddParameter): Name = "Type (Capacitors)"; Value = "C0G"; VariantName = "[No Variations]"
Add component (AddParameter): Name = "Voltage Rating"; Value = "50 V"; VariantName = "[No Variations]"
Add component (AddParameter): Name = "Voltage Rating (DC)"; Value = "50 V"; VariantName = "[No Variations]"
Add component (AddParameter): Name = "Width"; Value = "0.8 mm"; VariantName = "[No Variations]"
Added Component: Designator=DS7_I5(VISH-TLMX1100_V)
Add component. Clean all parameters for all variants
Add component (AddParameter): Name = "Capacitance"; Value = "12 pF"; VariantName = "[No Variations]"
Add component (AddParameter): Name = "Case/Package"; Value = "0603"; VariantName = "[No Variations]"
Add component (AddParameter): Name = "Case Code (Imperial)"; Value = "0603"; VariantName = "[No Variations]"
Add component (AddParameter): Name = "Case Code (Metric)"; Value = "1608"; VariantName = "[No Variations]"
Add component (AddParameter): Name = "ComponentLink1Description"; Value = "Manufacturer URL"; VariantName = "[No Variations]"
Add component (AddParameter): Name = "ComponentLink1URL"; Value = "http://www.vishay.com/"; VariantName = "[No Variations]"
Add component (AddParameter): Name = "ComponentLink2Description"; Value = "Datasheet"; VariantName = "[No Variations]"
Add component (AddParameter): Name = "ComponentLink2URL"; Value = "http://www.vishay.com/docs/83173/tlmb1100.pdf"; VariantName = "[No Variations]"
Add component (AddParameter): Name = "DatasheetVersion"; Value = "Rev. 2.7, 03/2016"; VariantName = "[No Variations]"
Add component (AddParameter): Name = "Height"; Value = "0.8 mm"; VariantName = "[No Variations]"
Add component (AddParameter): Name = "Length"; Value = "1.6 mm"; VariantName = "[No Variations]"
Add component (AddParameter): Name = "Max Operating Temperature"; Value = "125degC"; VariantName = "[No Variations]"
Add component (AddParameter): Name = "Min Operating Temperature"; Value = "-55degC"; VariantName = "[No Variations]"
Add component (AddParameter): Name = "Mount"; Value = "Surface Mount"; VariantName = "[No Variations]"
Add component (AddParameter): Name = "PackageDescription"; Value = "2-Pin Surface Mount Device, Body 1.6 x 0.8 mm"; VariantName = "[No Variations]"
Add component (AddParameter): Name = "Package Quantity"; Value = "4000"; VariantName = "[No Variations]"
Add component (AddParameter): Name = "PackageReference"; Value = "TLMX1100"; VariantName = "[No Variations]"
Add component (AddParameter): Name = "Packaging"; Value = "Tape and Reel"; VariantName = "[No Variations]"
Add component (AddParameter): Name = "Pins"; Value = "2"; VariantName = "[No Variations]"
Add component (AddParameter): Name = "Radiation Hardening"; Value = "No"; VariantName = "[No Variations]"
Add component (AddParameter): Name = "REACH SVHC"; Value = "No SVHC"; VariantName = "[No Variations]"
Add component (AddParameter): Name = "Resistance"; Value = "100000000000 Ohm"; VariantName = "[No Variations]"
Add component (AddParameter): Name = "RoHSCompliant"; Value = "True"; VariantName = "[No Variations]"
Add component (AddParameter): Name = "Tolerance"; Value = "5%"; VariantName = "[No Variations]"
Add component (AddParameter): Name = "Type (Capacitors)"; Value = "C0G"; VariantName = "[No Variations]"
Add component (AddParameter): Name = "Voltage Rating"; Value = "50 V"; VariantName = "[No Variations]"
Add component (AddParameter): Name = "Voltage Rating (DC)"; Value = "50 V"; VariantName = "[No Variations]"
Add component (AddParameter): Name = "Width"; Value = "0.8 mm"; VariantName = "[No Variations]"
Added Component: Designator=DS7_I6(VISH-TLMX1100_V)
Add component. Clean all parameters for all variants
Add component (AddParameter): Name = "Capacitance"; Value = "12 pF"; VariantName = "[No Variations]"
Add component (AddParameter): Name = "Case/Package"; Value = "0603"; VariantName = "[No Variations]"
Add component (AddParameter): Name = "Case Code (Imperial)"; Value = "0603"; VariantName = "[No Variations]"
Add component (AddParameter): Name = "Case Code (Metric)"; Value = "1608"; VariantName = "[No Variations]"
Add component (AddParameter): Name = "ComponentLink1Description"; Value = "Manufacturer URL"; VariantName = "[No Variations]"
Add component (AddParameter): Name = "ComponentLink1URL"; Value = "http://www.vishay.com/"; VariantName = "[No Variations]"
Add component (AddParameter): Name = "ComponentLink2Description"; Value = "Datasheet"; VariantName = "[No Variations]"
Add component (AddParameter): Name = "ComponentLink2URL"; Value = "http://www.vishay.com/docs/83173/tlmb1100.pdf"; VariantName = "[No Variations]"
Add component (AddParameter): Name = "DatasheetVersion"; Value = "Rev. 2.7, 03/2016"; VariantName = "[No Variations]"
Add component (AddParameter): Name = "Height"; Value = "0.8 mm"; VariantName = "[No Variations]"
Add component (AddParameter): Name = "Length"; Value = "1.6 mm"; VariantName = "[No Variations]"
Add component (AddParameter): Name = "Max Operating Temperature"; Value = "125degC"; VariantName = "[No Variations]"
Add component (AddParameter): Name = "Min Operating Temperature"; Value = "-55degC"; VariantName = "[No Variations]"
Add component (AddParameter): Name = "Mount"; Value = "Surface Mount"; VariantName = "[No Variations]"
Add component (AddParameter): Name = "PackageDescription"; Value = "2-Pin Surface Mount Device, Body 1.6 x 0.8 mm"; VariantName = "[No Variations]"
Add component (AddParameter): Name = "Package Quantity"; Value = "4000"; VariantName = "[No Variations]"
Add component (AddParameter): Name = "PackageReference"; Value = "TLMX1100"; VariantName = "[No Variations]"
Add component (AddParameter): Name = "Packaging"; Value = "Tape and Reel"; VariantName = "[No Variations]"
Add component (AddParameter): Name = "Pins"; Value = "2"; VariantName = "[No Variations]"
Add component (AddParameter): Name = "Radiation Hardening"; Value = "No"; VariantName = "[No Variations]"
Add component (AddParameter): Name = "REACH SVHC"; Value = "No SVHC"; VariantName = "[No Variations]"
Add component (AddParameter): Name = "Resistance"; Value = "100000000000 Ohm"; VariantName = "[No Variations]"
Add component (AddParameter): Name = "RoHSCompliant"; Value = "True"; VariantName = "[No Variations]"
Add component (AddParameter): Name = "Tolerance"; Value = "5%"; VariantName = "[No Variations]"
Add component (AddParameter): Name = "Type (Capacitors)"; Value = "C0G"; VariantName = "[No Variations]"
Add component (AddParameter): Name = "Voltage Rating"; Value = "50 V"; VariantName = "[No Variations]"
Add component (AddParameter): Name = "Voltage Rating (DC)"; Value = "50 V"; VariantName = "[No Variations]"
Add component (AddParameter): Name = "Width"; Value = "0.8 mm"; VariantName = "[No Variations]"
Added Component: Designator=DS7_I7(VISH-TLMX1100_V)
Add component. Clean all parameters for all variants
Add component (AddParameter): Name = "Capacitance"; Value = "12 pF"; VariantName = "[No Variations]"
Add component (AddParameter): Name = "Case/Package"; Value = "0603"; VariantName = "[No Variations]"
Add component (AddParameter): Name = "Case Code (Imperial)"; Value = "0603"; VariantName = "[No Variations]"
Add component (AddParameter): Name = "Case Code (Metric)"; Value = "1608"; VariantName = "[No Variations]"
Add component (AddParameter): Name = "ComponentLink1Description"; Value = "Manufacturer URL"; VariantName = "[No Variations]"
Add component (AddParameter): Name = "ComponentLink1URL"; Value = "http://www.vishay.com/"; VariantName = "[No Variations]"
Add component (AddParameter): Name = "ComponentLink2Description"; Value = "Datasheet"; VariantName = "[No Variations]"
Add component (AddParameter): Name = "ComponentLink2URL"; Value = "http://www.vishay.com/docs/83173/tlmb1100.pdf"; VariantName = "[No Variations]"
Add component (AddParameter): Name = "DatasheetVersion"; Value = "Rev. 2.7, 03/2016"; VariantName = "[No Variations]"
Add component (AddParameter): Name = "Height"; Value = "0.8 mm"; VariantName = "[No Variations]"
Add component (AddParameter): Name = "Length"; Value = "1.6 mm"; VariantName = "[No Variations]"
Add component (AddParameter): Name = "Max Operating Temperature"; Value = "125degC"; VariantName = "[No Variations]"
Add component (AddParameter): Name = "Min Operating Temperature"; Value = "-55degC"; VariantName = "[No Variations]"
Add component (AddParameter): Name = "Mount"; Value = "Surface Mount"; VariantName = "[No Variations]"
Add component (AddParameter): Name = "PackageDescription"; Value = "2-Pin Surface Mount Device, Body 1.6 x 0.8 mm"; VariantName = "[No Variations]"
Add component (AddParameter): Name = "Package Quantity"; Value = "4000"; VariantName = "[No Variations]"
Add component (AddParameter): Name = "PackageReference"; Value = "TLMX1100"; VariantName = "[No Variations]"
Add component (AddParameter): Name = "Packaging"; Value = "Tape and Reel"; VariantName = "[No Variations]"
Add component (AddParameter): Name = "Pins"; Value = "2"; VariantName = "[No Variations]"
Add component (AddParameter): Name = "Radiation Hardening"; Value = "No"; VariantName = "[No Variations]"
Add component (AddParameter): Name = "REACH SVHC"; Value = "No SVHC"; VariantName = "[No Variations]"
Add component (AddParameter): Name = "Resistance"; Value = "100000000000 Ohm"; VariantName = "[No Variations]"
Add component (AddParameter): Name = "RoHSCompliant"; Value = "True"; VariantName = "[No Variations]"
Add component (AddParameter): Name = "Tolerance"; Value = "5%"; VariantName = "[No Variations]"
Add component (AddParameter): Name = "Type (Capacitors)"; Value = "C0G"; VariantName = "[No Variations]"
Add component (AddParameter): Name = "Voltage Rating"; Value = "50 V"; VariantName = "[No Variations]"
Add component (AddParameter): Name = "Voltage Rating (DC)"; Value = "50 V"; VariantName = "[No Variations]"
Add component (AddParameter): Name = "Width"; Value = "0.8 mm"; VariantName = "[No Variations]"
Added Component: Designator=P5_I1(SCREW-5.0-2WAYS_V)
Add component. Clean all parameters for all variants
Add component (AddParameter): Name = "ComponentLink1Description"; Value = "Datasheet"; VariantName = "[No Variations]"
Add component (AddParameter): Name = "ComponentLink1URL"; Value = "5mm screw terminal in SVN"; VariantName = "[No Variations]"
Add component (AddParameter): Name = "Contact Resistance"; Value = "20 mOhm"; VariantName = "[No Variations]"
Add component (AddParameter): Name = "Insulation Resistance"; Value = "5000 MOhm / 1000 V"; VariantName = "[No Variations]"
Add component (AddParameter): Name = "Manufacturer"; Value = "No Vendor"; VariantName = "[No Variations]"
Add component (AddParameter): Name = "Mounting Technology"; Value = "Through Hole"; VariantName = "[No Variations]"
Add component (AddParameter): Name = "PackageDescription"; Value = "Socket, Screw Terminal Block, 2 Way, Pitch 5 mm, 90 Degree Angle, Through-Hole"; VariantName = "[No Variations]"
Add component (AddParameter): Name = "PartNumber"; Value = "SCREW-5.0/5.08 2WAYS"; VariantName = "[No Variations]"
Add component (AddParameter): Name = "Poles"; Value = "2"; VariantName = "[No Variations]"
Add component (AddParameter): Name = "Rated Current"; Value = "25 A"; VariantName = "[No Variations]"
Add component (AddParameter): Name = "Rated Voltage"; Value = "300 V"; VariantName = "[No Variations]"
Add component (AddParameter): Name = "Temperature Range"; Value = "-40 to 105 degC"; VariantName = "[No Variations]"
Added Component: Designator=P5_I2(SCREW-5.0-2WAYS_V)
Add component. Clean all parameters for all variants
Add component (AddParameter): Name = "ComponentLink1Description"; Value = "Datasheet"; VariantName = "[No Variations]"
Add component (AddParameter): Name = "ComponentLink1URL"; Value = "5mm screw terminal in SVN"; VariantName = "[No Variations]"
Add component (AddParameter): Name = "Contact Resistance"; Value = "20 mOhm"; VariantName = "[No Variations]"
Add component (AddParameter): Name = "Insulation Resistance"; Value = "5000 MOhm / 1000 V"; VariantName = "[No Variations]"
Add component (AddParameter): Name = "Manufacturer"; Value = "No Vendor"; VariantName = "[No Variations]"
Add component (AddParameter): Name = "Mounting Technology"; Value = "Through Hole"; VariantName = "[No Variations]"
Add component (AddParameter): Name = "PackageDescription"; Value = "Socket, Screw Terminal Block, 2 Way, Pitch 5 mm, 90 Degree Angle, Through-Hole"; VariantName = "[No Variations]"
Add component (AddParameter): Name = "PartNumber"; Value = "SCREW-5.0/5.08 2WAYS"; VariantName = "[No Variations]"
Add component (AddParameter): Name = "Poles"; Value = "2"; VariantName = "[No Variations]"
Add component (AddParameter): Name = "Rated Current"; Value = "25 A"; VariantName = "[No Variations]"
Add component (AddParameter): Name = "Rated Voltage"; Value = "300 V"; VariantName = "[No Variations]"
Add component (AddParameter): Name = "Temperature Range"; Value = "-40 to 105 degC"; VariantName = "[No Variations]"
Added Component: Designator=P5_I3(SCREW-5.0-2WAYS_V)
Add component. Clean all parameters for all variants
Add component (AddParameter): Name = "ComponentLink1Description"; Value = "Datasheet"; VariantName = "[No Variations]"
Add component (AddParameter): Name = "ComponentLink1URL"; Value = "5mm screw terminal in SVN"; VariantName = "[No Variations]"
Add component (AddParameter): Name = "Contact Resistance"; Value = "20 mOhm"; VariantName = "[No Variations]"
Add component (AddParameter): Name = "Insulation Resistance"; Value = "5000 MOhm / 1000 V"; VariantName = "[No Variations]"
Add component (AddParameter): Name = "Manufacturer"; Value = "No Vendor"; VariantName = "[No Variations]"
Add component (AddParameter): Name = "Mounting Technology"; Value = "Through Hole"; VariantName = "[No Variations]"
Add component (AddParameter): Name = "PackageDescription"; Value = "Socket, Screw Terminal Block, 2 Way, Pitch 5 mm, 90 Degree Angle, Through-Hole"; VariantName = "[No Variations]"
Add component (AddParameter): Name = "PartNumber"; Value = "SCREW-5.0/5.08 2WAYS"; VariantName = "[No Variations]"
Add component (AddParameter): Name = "Poles"; Value = "2"; VariantName = "[No Variations]"
Add component (AddParameter): Name = "Rated Current"; Value = "25 A"; VariantName = "[No Variations]"
Add component (AddParameter): Name = "Rated Voltage"; Value = "300 V"; VariantName = "[No Variations]"
Add component (AddParameter): Name = "Temperature Range"; Value = "-40 to 105 degC"; VariantName = "[No Variations]"
Added Component: Designator=P5_I4(SCREW-5.0-2WAYS_V)
Add component. Clean all parameters for all variants
Add component (AddParameter): Name = "ComponentLink1Description"; Value = "Datasheet"; VariantName = "[No Variations]"
Add component (AddParameter): Name = "ComponentLink1URL"; Value = "5mm screw terminal in SVN"; VariantName = "[No Variations]"
Add component (AddParameter): Name = "Contact Resistance"; Value = "20 mOhm"; VariantName = "[No Variations]"
Add component (AddParameter): Name = "Insulation Resistance"; Value = "5000 MOhm / 1000 V"; VariantName = "[No Variations]"
Add component (AddParameter): Name = "Manufacturer"; Value = "No Vendor"; VariantName = "[No Variations]"
Add component (AddParameter): Name = "Mounting Technology"; Value = "Through Hole"; VariantName = "[No Variations]"
Add component (AddParameter): Name = "PackageDescription"; Value = "Socket, Screw Terminal Block, 2 Way, Pitch 5 mm, 90 Degree Angle, Through-Hole"; VariantName = "[No Variations]"
Add component (AddParameter): Name = "PartNumber"; Value = "SCREW-5.0/5.08 2WAYS"; VariantName = "[No Variations]"
Add component (AddParameter): Name = "Poles"; Value = "2"; VariantName = "[No Variations]"
Add component (AddParameter): Name = "Rated Current"; Value = "25 A"; VariantName = "[No Variations]"
Add component (AddParameter): Name = "Rated Voltage"; Value = "300 V"; VariantName = "[No Variations]"
Add component (AddParameter): Name = "Temperature Range"; Value = "-40 to 105 degC"; VariantName = "[No Variations]"
Added Component: Designator=P5_I5(SCREW-5.0-2WAYS_V)
Add component. Clean all parameters for all variants
Add component (AddParameter): Name = "ComponentLink1Description"; Value = "Datasheet"; VariantName = "[No Variations]"
Add component (AddParameter): Name = "ComponentLink1URL"; Value = "5mm screw terminal in SVN"; VariantName = "[No Variations]"
Add component (AddParameter): Name = "Contact Resistance"; Value = "20 mOhm"; VariantName = "[No Variations]"
Add component (AddParameter): Name = "Insulation Resistance"; Value = "5000 MOhm / 1000 V"; VariantName = "[No Variations]"
Add component (AddParameter): Name = "Manufacturer"; Value = "No Vendor"; VariantName = "[No Variations]"
Add component (AddParameter): Name = "Mounting Technology"; Value = "Through Hole"; VariantName = "[No Variations]"
Add component (AddParameter): Name = "PackageDescription"; Value = "Socket, Screw Terminal Block, 2 Way, Pitch 5 mm, 90 Degree Angle, Through-Hole"; VariantName = "[No Variations]"
Add component (AddParameter): Name = "PartNumber"; Value = "SCREW-5.0/5.08 2WAYS"; VariantName = "[No Variations]"
Add component (AddParameter): Name = "Poles"; Value = "2"; VariantName = "[No Variations]"
Add component (AddParameter): Name = "Rated Current"; Value = "25 A"; VariantName = "[No Variations]"
Add component (AddParameter): Name = "Rated Voltage"; Value = "300 V"; VariantName = "[No Variations]"
Add component (AddParameter): Name = "Temperature Range"; Value = "-40 to 105 degC"; VariantName = "[No Variations]"
Added Component: Designator=P5_I6(SCREW-5.0-2WAYS_V)
Add component. Clean all parameters for all variants
Add component (AddParameter): Name = "ComponentLink1Description"; Value = "Datasheet"; VariantName = "[No Variations]"
Add component (AddParameter): Name = "ComponentLink1URL"; Value = "5mm screw terminal in SVN"; VariantName = "[No Variations]"
Add component (AddParameter): Name = "Contact Resistance"; Value = "20 mOhm"; VariantName = "[No Variations]"
Add component (AddParameter): Name = "Insulation Resistance"; Value = "5000 MOhm / 1000 V"; VariantName = "[No Variations]"
Add component (AddParameter): Name = "Manufacturer"; Value = "No Vendor"; VariantName = "[No Variations]"
Add component (AddParameter): Name = "Mounting Technology"; Value = "Through Hole"; VariantName = "[No Variations]"
Add component (AddParameter): Name = "PackageDescription"; Value = "Socket, Screw Terminal Block, 2 Way, Pitch 5 mm, 90 Degree Angle, Through-Hole"; VariantName = "[No Variations]"
Add component (AddParameter): Name = "PartNumber"; Value = "SCREW-5.0/5.08 2WAYS"; VariantName = "[No Variations]"
Add component (AddParameter): Name = "Poles"; Value = "2"; VariantName = "[No Variations]"
Add component (AddParameter): Name = "Rated Current"; Value = "25 A"; VariantName = "[No Variations]"
Add component (AddParameter): Name = "Rated Voltage"; Value = "300 V"; VariantName = "[No Variations]"
Add component (AddParameter): Name = "Temperature Range"; Value = "-40 to 105 degC"; VariantName = "[No Variations]"
Added Component: Designator=P5_I7(SCREW-5.0-2WAYS_V)
Add component. Clean all parameters for all variants
Add component (AddParameter): Name = "ComponentLink1Description"; Value = "Datasheet"; VariantName = "[No Variations]"
Add component (AddParameter): Name = "ComponentLink1URL"; Value = "5mm screw terminal in SVN"; VariantName = "[No Variations]"
Add component (AddParameter): Name = "Contact Resistance"; Value = "20 mOhm"; VariantName = "[No Variations]"
Add component (AddParameter): Name = "Insulation Resistance"; Value = "5000 MOhm / 1000 V"; VariantName = "[No Variations]"
Add component (AddParameter): Name = "Manufacturer"; Value = "No Vendor"; VariantName = "[No Variations]"
Add component (AddParameter): Name = "Mounting Technology"; Value = "Through Hole"; VariantName = "[No Variations]"
Add component (AddParameter): Name = "PackageDescription"; Value = "Socket, Screw Terminal Block, 2 Way, Pitch 5 mm, 90 Degree Angle, Through-Hole"; VariantName = "[No Variations]"
Add component (AddParameter): Name = "PartNumber"; Value = "SCREW-5.0/5.08 2WAYS"; VariantName = "[No Variations]"
Add component (AddParameter): Name = "Poles"; Value = "2"; VariantName = "[No Variations]"
Add component (AddParameter): Name = "Rated Current"; Value = "25 A"; VariantName = "[No Variations]"
Add component (AddParameter): Name = "Rated Voltage"; Value = "300 V"; VariantName = "[No Variations]"
Add component (AddParameter): Name = "Temperature Range"; Value = "-40 to 105 degC"; VariantName = "[No Variations]"
Added Component: Designator=R11_I1(RESC0805(2012)_L)
Add component. Clean all parameters for all variants
Add component (AddParameter): Name = "Case-EIA"; Value = "0805"; VariantName = "[No Variations]"
Add component (AddParameter): Name = "Case-Metric"; Value = "2012"; VariantName = "[No Variations]"
Add component (AddParameter): Name = "Power"; Value = "0.125 W"; VariantName = "[No Variations]"
Add component (AddParameter): Name = "Technology"; Value = "SMT"; VariantName = "[No Variations]"
Add component (AddParameter): Name = "Tolerance"; Value = "1 %"; VariantName = "[No Variations]"
Add component (AddParameter): Name = "Value"; Value = "10200.00 Ohm"; VariantName = "[No Variations]"
Added Component: Designator=R11_I2(RESC0805(2012)_L)
Add component. Clean all parameters for all variants
Add component (AddParameter): Name = "Case-EIA"; Value = "0805"; VariantName = "[No Variations]"
Add component (AddParameter): Name = "Case-Metric"; Value = "2012"; VariantName = "[No Variations]"
Add component (AddParameter): Name = "Power"; Value = "0.125 W"; VariantName = "[No Variations]"
Add component (AddParameter): Name = "Technology"; Value = "SMT"; VariantName = "[No Variations]"
Add component (AddParameter): Name = "Tolerance"; Value = "1 %"; VariantName = "[No Variations]"
Add component (AddParameter): Name = "Value"; Value = "10200.00 Ohm"; VariantName = "[No Variations]"
Added Component: Designator=R11_I3(RESC0805(2012)_L)
Add component. Clean all parameters for all variants
Add component (AddParameter): Name = "Case-EIA"; Value = "0805"; VariantName = "[No Variations]"
Add component (AddParameter): Name = "Case-Metric"; Value = "2012"; VariantName = "[No Variations]"
Add component (AddParameter): Name = "Power"; Value = "0.125 W"; VariantName = "[No Variations]"
Add component (AddParameter): Name = "Technology"; Value = "SMT"; VariantName = "[No Variations]"
Add component (AddParameter): Name = "Tolerance"; Value = "1 %"; VariantName = "[No Variations]"
Add component (AddParameter): Name = "Value"; Value = "10200.00 Ohm"; VariantName = "[No Variations]"
Added Component: Designator=R11_I4(RESC0805(2012)_L)
Add component. Clean all parameters for all variants
Add component (AddParameter): Name = "Case-EIA"; Value = "0805"; VariantName = "[No Variations]"
Add component (AddParameter): Name = "Case-Metric"; Value = "2012"; VariantName = "[No Variations]"
Add component (AddParameter): Name = "Power"; Value = "0.125 W"; VariantName = "[No Variations]"
Add component (AddParameter): Name = "Technology"; Value = "SMT"; VariantName = "[No Variations]"
Add component (AddParameter): Name = "Tolerance"; Value = "1 %"; VariantName = "[No Variations]"
Add component (AddParameter): Name = "Value"; Value = "10200.00 Ohm"; VariantName = "[No Variations]"
Added Component: Designator=R11_I5(RESC0805(2012)_L)
Add component. Clean all parameters for all variants
Add component (AddParameter): Name = "Case-EIA"; Value = "0805"; VariantName = "[No Variations]"
Add component (AddParameter): Name = "Case-Metric"; Value = "2012"; VariantName = "[No Variations]"
Add component (AddParameter): Name = "Power"; Value = "0.125 W"; VariantName = "[No Variations]"
Add component (AddParameter): Name = "Technology"; Value = "SMT"; VariantName = "[No Variations]"
Add component (AddParameter): Name = "Tolerance"; Value = "1 %"; VariantName = "[No Variations]"
Add component (AddParameter): Name = "Value"; Value = "10200.00 Ohm"; VariantName = "[No Variations]"
Added Component: Designator=R11_I6(RESC0805(2012)_L)
Add component. Clean all parameters for all variants
Add component (AddParameter): Name = "Case-EIA"; Value = "0805"; VariantName = "[No Variations]"
Add component (AddParameter): Name = "Case-Metric"; Value = "2012"; VariantName = "[No Variations]"
Add component (AddParameter): Name = "Power"; Value = "0.125 W"; VariantName = "[No Variations]"
Add component (AddParameter): Name = "Technology"; Value = "SMT"; VariantName = "[No Variations]"
Add component (AddParameter): Name = "Tolerance"; Value = "1 %"; VariantName = "[No Variations]"
Add component (AddParameter): Name = "Value"; Value = "10200.00 Ohm"; VariantName = "[No Variations]"
Added Component: Designator=R11_I7(RESC0805(2012)_L)
Add component. Clean all parameters for all variants
Add component (AddParameter): Name = "Case-EIA"; Value = "0805"; VariantName = "[No Variations]"
Add component (AddParameter): Name = "Case-Metric"; Value = "2012"; VariantName = "[No Variations]"
Add component (AddParameter): Name = "Power"; Value = "0.125 W"; VariantName = "[No Variations]"
Add component (AddParameter): Name = "Technology"; Value = "SMT"; VariantName = "[No Variations]"
Add component (AddParameter): Name = "Tolerance"; Value = "1 %"; VariantName = "[No Variations]"
Add component (AddParameter): Name = "Value"; Value = "10200.00 Ohm"; VariantName = "[No Variations]"
Added Component: Designator=U7_I1(FAIR-MDIP-4_V)
Add component. Clean all parameters for all variants
Add component (AddParameter): Name = "Category"; Value = "Isolators"; VariantName = "[No Variations]"
Add component (AddParameter): Name = "Current - DC Forward (If) (Max)"; Value = "50mA"; VariantName = "[No Variations]"
Add component (AddParameter): Name = "Current - Output / Channel"; Value = "50mA"; VariantName = "[No Variations]"
Add component (AddParameter): Name = "Current Transfer Ratio (Max)"; Value = "600%@5mA"; VariantName = "[No Variations]"
Add component (AddParameter): Name = "Current Transfer Ratio (Min)"; Value = "300%@5mA"; VariantName = "[No Variations]"
Add component (AddParameter): Name = "Datasheet URL"; Value = "https://www.fairchildsemi.com/datasheets/FO/FOD817D.pdf"; VariantName = "[No Variations]"
Add component (AddParameter): Name = "Datasheet Version"; Value = "Rev. 2.8, 11/2015"; VariantName = "[No Variations]"
Add component (AddParameter): Name = "Family"; Value = "Optoisolators-Transistor,PhotovoltaicOutput"; VariantName = "[No Variations]"
Add component (AddParameter): Name = "Input Type"; Value = "DC"; VariantName = "[No Variations]"
Add component (AddParameter): Name = "Manufacturer"; Value = "Fairchild Semiconductor"; VariantName = "[No Variations]"
Add component (AddParameter): Name = "Manufacturer URL"; Value = "https://www.fairchildsemi.com/"; VariantName = "[No Variations]"
Add component (AddParameter): Name = "Mounting Technology"; Value = "SurfaceMount"; VariantName = "[No Variations]"
Add component (AddParameter): Name = "Mounting Type"; Value = "SurfaceMount"; VariantName = "[No Variations]"
Add component (AddParameter): Name = "Number of Channels"; Value = "1"; VariantName = "[No Variations]"
Add component (AddParameter): Name = "Online Catalog"; Value = "FOD617,814,817Series"; VariantName = "[No Variations]"
Add component (AddParameter): Name = "Operating Temperature"; Value = "-55°C~110°C"; VariantName = "[No Variations]"
Add component (AddParameter): Name = "Other Names"; Value = "FOD817DSDDKR"; VariantName = "[No Variations]"
Add component (AddParameter): Name = "Output Type"; Value = "Transistor"; VariantName = "[No Variations]"
Add component (AddParameter): Name = "Package / Case"; Value = "4-SMD,GullWing"; VariantName = "[No Variations]"
Add component (AddParameter): Name = "Package Description"; Value = "4-Pin Surface Mount Device, Body 6.5 x 4.6 mm, Pitch 2.54 mm"; VariantName = "[No Variations]"
Add component (AddParameter): Name = "Package Reference"; Value = "MDIP 4L"; VariantName = "[No Variations]"
Add component (AddParameter): Name = "Package URL"; Value = "https://www.fairchildsemi.com/package-drawings/N0/N04C.pdf"; VariantName = "[No Variations]"
Add component (AddParameter): Name = "Package Version"; Value = "10/2014"; VariantName = "[No Variations]"
Add component (AddParameter): Name = "Packaging"; Value = "Digi-Reel®  "; VariantName = "[No Variations]"
Add component (AddParameter): Name = "Rise / Fall Time (Typ)"; Value = "4µs,3µs"; VariantName = "[No Variations]"
Add component (AddParameter): Name = "Series"; Value = "-"; VariantName = "[No Variations]"
Add component (AddParameter): Name = "Standard Package"; Value = "1"; VariantName = "[No Variations]"
Add component (AddParameter): Name = "Supplier Device Package"; Value = "4-SMD"; VariantName = "[No Variations]"
Add component (AddParameter): Name = "Turn On / Turn Off Time (Typ)"; Value = "-"; VariantName = "[No Variations]"
Add component (AddParameter): Name = "Vce Saturation (Max)"; Value = "200mV"; VariantName = "[No Variations]"
Add component (AddParameter): Name = "Voltage - Forward (Vf) (Typ)"; Value = "1.2V"; VariantName = "[No Variations]"
Add component (AddParameter): Name = "Voltage - Isolation"; Value = "5000Vrms"; VariantName = "[No Variations]"
Add component (AddParameter): Name = "Voltage - Output (Max)"; Value = "70V"; VariantName = "[No Variations]"
Added Component: Designator=U7_I2(FAIR-MDIP-4_V)
Add component. Clean all parameters for all variants
Add component (AddParameter): Name = "Category"; Value = "Isolators"; VariantName = "[No Variations]"
Add component (AddParameter): Name = "Current - DC Forward (If) (Max)"; Value = "50mA"; VariantName = "[No Variations]"
Add component (AddParameter): Name = "Current - Output / Channel"; Value = "50mA"; VariantName = "[No Variations]"
Add component (AddParameter): Name = "Current Transfer Ratio (Max)"; Value = "600%@5mA"; VariantName = "[No Variations]"
Add component (AddParameter): Name = "Current Transfer Ratio (Min)"; Value = "300%@5mA"; VariantName = "[No Variations]"
Add component (AddParameter): Name = "Datasheet URL"; Value = "https://www.fairchildsemi.com/datasheets/FO/FOD817D.pdf"; VariantName = "[No Variations]"
Add component (AddParameter): Name = "Datasheet Version"; Value = "Rev. 2.8, 11/2015"; VariantName = "[No Variations]"
Add component (AddParameter): Name = "Family"; Value = "Optoisolators-Transistor,PhotovoltaicOutput"; VariantName = "[No Variations]"
Add component (AddParameter): Name = "Input Type"; Value = "DC"; VariantName = "[No Variations]"
Add component (AddParameter): Name = "Manufacturer"; Value = "Fairchild Semiconductor"; VariantName = "[No Variations]"
Add component (AddParameter): Name = "Manufacturer URL"; Value = "https://www.fairchildsemi.com/"; VariantName = "[No Variations]"
Add component (AddParameter): Name = "Mounting Technology"; Value = "SurfaceMount"; VariantName = "[No Variations]"
Add component (AddParameter): Name = "Mounting Type"; Value = "SurfaceMount"; VariantName = "[No Variations]"
Add component (AddParameter): Name = "Number of Channels"; Value = "1"; VariantName = "[No Variations]"
Add component (AddParameter): Name = "Online Catalog"; Value = "FOD617,814,817Series"; VariantName = "[No Variations]"
Add component (AddParameter): Name = "Operating Temperature"; Value = "-55°C~110°C"; VariantName = "[No Variations]"
Add component (AddParameter): Name = "Other Names"; Value = "FOD817DSDDKR"; VariantName = "[No Variations]"
Add component (AddParameter): Name = "Output Type"; Value = "Transistor"; VariantName = "[No Variations]"
Add component (AddParameter): Name = "Package / Case"; Value = "4-SMD,GullWing"; VariantName = "[No Variations]"
Add component (AddParameter): Name = "Package Description"; Value = "4-Pin Surface Mount Device, Body 6.5 x 4.6 mm, Pitch 2.54 mm"; VariantName = "[No Variations]"
Add component (AddParameter): Name = "Package Reference"; Value = "MDIP 4L"; VariantName = "[No Variations]"
Add component (AddParameter): Name = "Package URL"; Value = "https://www.fairchildsemi.com/package-drawings/N0/N04C.pdf"; VariantName = "[No Variations]"
Add component (AddParameter): Name = "Package Version"; Value = "10/2014"; VariantName = "[No Variations]"
Add component (AddParameter): Name = "Packaging"; Value = "Digi-Reel®  "; VariantName = "[No Variations]"
Add component (AddParameter): Name = "Rise / Fall Time (Typ)"; Value = "4µs,3µs"; VariantName = "[No Variations]"
Add component (AddParameter): Name = "Series"; Value = "-"; VariantName = "[No Variations]"
Add component (AddParameter): Name = "Standard Package"; Value = "1"; VariantName = "[No Variations]"
Add component (AddParameter): Name = "Supplier Device Package"; Value = "4-SMD"; VariantName = "[No Variations]"
Add component (AddParameter): Name = "Turn On / Turn Off Time (Typ)"; Value = "-"; VariantName = "[No Variations]"
Add component (AddParameter): Name = "Vce Saturation (Max)"; Value = "200mV"; VariantName = "[No Variations]"
Add component (AddParameter): Name = "Voltage - Forward (Vf) (Typ)"; Value = "1.2V"; VariantName = "[No Variations]"
Add component (AddParameter): Name = "Voltage - Isolation"; Value = "5000Vrms"; VariantName = "[No Variations]"
Add component (AddParameter): Name = "Voltage - Output (Max)"; Value = "70V"; VariantName = "[No Variations]"
Added Component: Designator=U7_I3(FAIR-MDIP-4_V)
Add component. Clean all parameters for all variants
Add component (AddParameter): Name = "Category"; Value = "Isolators"; VariantName = "[No Variations]"
Add component (AddParameter): Name = "Current - DC Forward (If) (Max)"; Value = "50mA"; VariantName = "[No Variations]"
Add component (AddParameter): Name = "Current - Output / Channel"; Value = "50mA"; VariantName = "[No Variations]"
Add component (AddParameter): Name = "Current Transfer Ratio (Max)"; Value = "600%@5mA"; VariantName = "[No Variations]"
Add component (AddParameter): Name = "Current Transfer Ratio (Min)"; Value = "300%@5mA"; VariantName = "[No Variations]"
Add component (AddParameter): Name = "Datasheet URL"; Value = "https://www.fairchildsemi.com/datasheets/FO/FOD817D.pdf"; VariantName = "[No Variations]"
Add component (AddParameter): Name = "Datasheet Version"; Value = "Rev. 2.8, 11/2015"; VariantName = "[No Variations]"
Add component (AddParameter): Name = "Family"; Value = "Optoisolators-Transistor,PhotovoltaicOutput"; VariantName = "[No Variations]"
Add component (AddParameter): Name = "Input Type"; Value = "DC"; VariantName = "[No Variations]"
Add component (AddParameter): Name = "Manufacturer"; Value = "Fairchild Semiconductor"; VariantName = "[No Variations]"
Add component (AddParameter): Name = "Manufacturer URL"; Value = "https://www.fairchildsemi.com/"; VariantName = "[No Variations]"
Add component (AddParameter): Name = "Mounting Technology"; Value = "SurfaceMount"; VariantName = "[No Variations]"
Add component (AddParameter): Name = "Mounting Type"; Value = "SurfaceMount"; VariantName = "[No Variations]"
Add component (AddParameter): Name = "Number of Channels"; Value = "1"; VariantName = "[No Variations]"
Add component (AddParameter): Name = "Online Catalog"; Value = "FOD617,814,817Series"; VariantName = "[No Variations]"
Add component (AddParameter): Name = "Operating Temperature"; Value = "-55°C~110°C"; VariantName = "[No Variations]"
Add component (AddParameter): Name = "Other Names"; Value = "FOD817DSDDKR"; VariantName = "[No Variations]"
Add component (AddParameter): Name = "Output Type"; Value = "Transistor"; VariantName = "[No Variations]"
Add component (AddParameter): Name = "Package / Case"; Value = "4-SMD,GullWing"; VariantName = "[No Variations]"
Add component (AddParameter): Name = "Package Description"; Value = "4-Pin Surface Mount Device, Body 6.5 x 4.6 mm, Pitch 2.54 mm"; VariantName = "[No Variations]"
Add component (AddParameter): Name = "Package Reference"; Value = "MDIP 4L"; VariantName = "[No Variations]"
Add component (AddParameter): Name = "Package URL"; Value = "https://www.fairchildsemi.com/package-drawings/N0/N04C.pdf"; VariantName = "[No Variations]"
Add component (AddParameter): Name = "Package Version"; Value = "10/2014"; VariantName = "[No Variations]"
Add component (AddParameter): Name = "Packaging"; Value = "Digi-Reel®  "; VariantName = "[No Variations]"
Add component (AddParameter): Name = "Rise / Fall Time (Typ)"; Value = "4µs,3µs"; VariantName = "[No Variations]"
Add component (AddParameter): Name = "Series"; Value = "-"; VariantName = "[No Variations]"
Add component (AddParameter): Name = "Standard Package"; Value = "1"; VariantName = "[No Variations]"
Add component (AddParameter): Name = "Supplier Device Package"; Value = "4-SMD"; VariantName = "[No Variations]"
Add component (AddParameter): Name = "Turn On / Turn Off Time (Typ)"; Value = "-"; VariantName = "[No Variations]"
Add component (AddParameter): Name = "Vce Saturation (Max)"; Value = "200mV"; VariantName = "[No Variations]"
Add component (AddParameter): Name = "Voltage - Forward (Vf) (Typ)"; Value = "1.2V"; VariantName = "[No Variations]"
Add component (AddParameter): Name = "Voltage - Isolation"; Value = "5000Vrms"; VariantName = "[No Variations]"
Add component (AddParameter): Name = "Voltage - Output (Max)"; Value = "70V"; VariantName = "[No Variations]"
Added Component: Designator=U7_I4(FAIR-MDIP-4_V)
Add component. Clean all parameters for all variants
Add component (AddParameter): Name = "Category"; Value = "Isolators"; VariantName = "[No Variations]"
Add component (AddParameter): Name = "Current - DC Forward (If) (Max)"; Value = "50mA"; VariantName = "[No Variations]"
Add component (AddParameter): Name = "Current - Output / Channel"; Value = "50mA"; VariantName = "[No Variations]"
Add component (AddParameter): Name = "Current Transfer Ratio (Max)"; Value = "600%@5mA"; VariantName = "[No Variations]"
Add component (AddParameter): Name = "Current Transfer Ratio (Min)"; Value = "300%@5mA"; VariantName = "[No Variations]"
Add component (AddParameter): Name = "Datasheet URL"; Value = "https://www.fairchildsemi.com/datasheets/FO/FOD817D.pdf"; VariantName = "[No Variations]"
Add component (AddParameter): Name = "Datasheet Version"; Value = "Rev. 2.8, 11/2015"; VariantName = "[No Variations]"
Add component (AddParameter): Name = "Family"; Value = "Optoisolators-Transistor,PhotovoltaicOutput"; VariantName = "[No Variations]"
Add component (AddParameter): Name = "Input Type"; Value = "DC"; VariantName = "[No Variations]"
Add component (AddParameter): Name = "Manufacturer"; Value = "Fairchild Semiconductor"; VariantName = "[No Variations]"
Add component (AddParameter): Name = "Manufacturer URL"; Value = "https://www.fairchildsemi.com/"; VariantName = "[No Variations]"
Add component (AddParameter): Name = "Mounting Technology"; Value = "SurfaceMount"; VariantName = "[No Variations]"
Add component (AddParameter): Name = "Mounting Type"; Value = "SurfaceMount"; VariantName = "[No Variations]"
Add component (AddParameter): Name = "Number of Channels"; Value = "1"; VariantName = "[No Variations]"
Add component (AddParameter): Name = "Online Catalog"; Value = "FOD617,814,817Series"; VariantName = "[No Variations]"
Add component (AddParameter): Name = "Operating Temperature"; Value = "-55°C~110°C"; VariantName = "[No Variations]"
Add component (AddParameter): Name = "Other Names"; Value = "FOD817DSDDKR"; VariantName = "[No Variations]"
Add component (AddParameter): Name = "Output Type"; Value = "Transistor"; VariantName = "[No Variations]"
Add component (AddParameter): Name = "Package / Case"; Value = "4-SMD,GullWing"; VariantName = "[No Variations]"
Add component (AddParameter): Name = "Package Description"; Value = "4-Pin Surface Mount Device, Body 6.5 x 4.6 mm, Pitch 2.54 mm"; VariantName = "[No Variations]"
Add component (AddParameter): Name = "Package Reference"; Value = "MDIP 4L"; VariantName = "[No Variations]"
Add component (AddParameter): Name = "Package URL"; Value = "https://www.fairchildsemi.com/package-drawings/N0/N04C.pdf"; VariantName = "[No Variations]"
Add component (AddParameter): Name = "Package Version"; Value = "10/2014"; VariantName = "[No Variations]"
Add component (AddParameter): Name = "Packaging"; Value = "Digi-Reel®  "; VariantName = "[No Variations]"
Add component (AddParameter): Name = "Rise / Fall Time (Typ)"; Value = "4µs,3µs"; VariantName = "[No Variations]"
Add component (AddParameter): Name = "Series"; Value = "-"; VariantName = "[No Variations]"
Add component (AddParameter): Name = "Standard Package"; Value = "1"; VariantName = "[No Variations]"
Add component (AddParameter): Name = "Supplier Device Package"; Value = "4-SMD"; VariantName = "[No Variations]"
Add component (AddParameter): Name = "Turn On / Turn Off Time (Typ)"; Value = "-"; VariantName = "[No Variations]"
Add component (AddParameter): Name = "Vce Saturation (Max)"; Value = "200mV"; VariantName = "[No Variations]"
Add component (AddParameter): Name = "Voltage - Forward (Vf) (Typ)"; Value = "1.2V"; VariantName = "[No Variations]"
Add component (AddParameter): Name = "Voltage - Isolation"; Value = "5000Vrms"; VariantName = "[No Variations]"
Add component (AddParameter): Name = "Voltage - Output (Max)"; Value = "70V"; VariantName = "[No Variations]"
Added Component: Designator=U7_I5(FAIR-MDIP-4_V)
Add component. Clean all parameters for all variants
Add component (AddParameter): Name = "Category"; Value = "Isolators"; VariantName = "[No Variations]"
Add component (AddParameter): Name = "Current - DC Forward (If) (Max)"; Value = "50mA"; VariantName = "[No Variations]"
Add component (AddParameter): Name = "Current - Output / Channel"; Value = "50mA"; VariantName = "[No Variations]"
Add component (AddParameter): Name = "Current Transfer Ratio (Max)"; Value = "600%@5mA"; VariantName = "[No Variations]"
Add component (AddParameter): Name = "Current Transfer Ratio (Min)"; Value = "300%@5mA"; VariantName = "[No Variations]"
Add component (AddParameter): Name = "Datasheet URL"; Value = "https://www.fairchildsemi.com/datasheets/FO/FOD817D.pdf"; VariantName = "[No Variations]"
Add component (AddParameter): Name = "Datasheet Version"; Value = "Rev. 2.8, 11/2015"; VariantName = "[No Variations]"
Add component (AddParameter): Name = "Family"; Value = "Optoisolators-Transistor,PhotovoltaicOutput"; VariantName = "[No Variations]"
Add component (AddParameter): Name = "Input Type"; Value = "DC"; VariantName = "[No Variations]"
Add component (AddParameter): Name = "Manufacturer"; Value = "Fairchild Semiconductor"; VariantName = "[No Variations]"
Add component (AddParameter): Name = "Manufacturer URL"; Value = "https://www.fairchildsemi.com/"; VariantName = "[No Variations]"
Add component (AddParameter): Name = "Mounting Technology"; Value = "SurfaceMount"; VariantName = "[No Variations]"
Add component (AddParameter): Name = "Mounting Type"; Value = "SurfaceMount"; VariantName = "[No Variations]"
Add component (AddParameter): Name = "Number of Channels"; Value = "1"; VariantName = "[No Variations]"
Add component (AddParameter): Name = "Online Catalog"; Value = "FOD617,814,817Series"; VariantName = "[No Variations]"
Add component (AddParameter): Name = "Operating Temperature"; Value = "-55°C~110°C"; VariantName = "[No Variations]"
Add component (AddParameter): Name = "Other Names"; Value = "FOD817DSDDKR"; VariantName = "[No Variations]"
Add component (AddParameter): Name = "Output Type"; Value = "Transistor"; VariantName = "[No Variations]"
Add component (AddParameter): Name = "Package / Case"; Value = "4-SMD,GullWing"; VariantName = "[No Variations]"
Add component (AddParameter): Name = "Package Description"; Value = "4-Pin Surface Mount Device, Body 6.5 x 4.6 mm, Pitch 2.54 mm"; VariantName = "[No Variations]"
Add component (AddParameter): Name = "Package Reference"; Value = "MDIP 4L"; VariantName = "[No Variations]"
Add component (AddParameter): Name = "Package URL"; Value = "https://www.fairchildsemi.com/package-drawings/N0/N04C.pdf"; VariantName = "[No Variations]"
Add component (AddParameter): Name = "Package Version"; Value = "10/2014"; VariantName = "[No Variations]"
Add component (AddParameter): Name = "Packaging"; Value = "Digi-Reel®  "; VariantName = "[No Variations]"
Add component (AddParameter): Name = "Rise / Fall Time (Typ)"; Value = "4µs,3µs"; VariantName = "[No Variations]"
Add component (AddParameter): Name = "Series"; Value = "-"; VariantName = "[No Variations]"
Add component (AddParameter): Name = "Standard Package"; Value = "1"; VariantName = "[No Variations]"
Add component (AddParameter): Name = "Supplier Device Package"; Value = "4-SMD"; VariantName = "[No Variations]"
Add component (AddParameter): Name = "Turn On / Turn Off Time (Typ)"; Value = "-"; VariantName = "[No Variations]"
Add component (AddParameter): Name = "Vce Saturation (Max)"; Value = "200mV"; VariantName = "[No Variations]"
Add component (AddParameter): Name = "Voltage - Forward (Vf) (Typ)"; Value = "1.2V"; VariantName = "[No Variations]"
Add component (AddParameter): Name = "Voltage - Isolation"; Value = "5000Vrms"; VariantName = "[No Variations]"
Add component (AddParameter): Name = "Voltage - Output (Max)"; Value = "70V"; VariantName = "[No Variations]"
Added Component: Designator=U7_I6(FAIR-MDIP-4_V)
Add component. Clean all parameters for all variants
Add component (AddParameter): Name = "Category"; Value = "Isolators"; VariantName = "[No Variations]"
Add component (AddParameter): Name = "Current - DC Forward (If) (Max)"; Value = "50mA"; VariantName = "[No Variations]"
Add component (AddParameter): Name = "Current - Output / Channel"; Value = "50mA"; VariantName = "[No Variations]"
Add component (AddParameter): Name = "Current Transfer Ratio (Max)"; Value = "600%@5mA"; VariantName = "[No Variations]"
Add component (AddParameter): Name = "Current Transfer Ratio (Min)"; Value = "300%@5mA"; VariantName = "[No Variations]"
Add component (AddParameter): Name = "Datasheet URL"; Value = "https://www.fairchildsemi.com/datasheets/FO/FOD817D.pdf"; VariantName = "[No Variations]"
Add component (AddParameter): Name = "Datasheet Version"; Value = "Rev. 2.8, 11/2015"; VariantName = "[No Variations]"
Add component (AddParameter): Name = "Family"; Value = "Optoisolators-Transistor,PhotovoltaicOutput"; VariantName = "[No Variations]"
Add component (AddParameter): Name = "Input Type"; Value = "DC"; VariantName = "[No Variations]"
Add component (AddParameter): Name = "Manufacturer"; Value = "Fairchild Semiconductor"; VariantName = "[No Variations]"
Add component (AddParameter): Name = "Manufacturer URL"; Value = "https://www.fairchildsemi.com/"; VariantName = "[No Variations]"
Add component (AddParameter): Name = "Mounting Technology"; Value = "SurfaceMount"; VariantName = "[No Variations]"
Add component (AddParameter): Name = "Mounting Type"; Value = "SurfaceMount"; VariantName = "[No Variations]"
Add component (AddParameter): Name = "Number of Channels"; Value = "1"; VariantName = "[No Variations]"
Add component (AddParameter): Name = "Online Catalog"; Value = "FOD617,814,817Series"; VariantName = "[No Variations]"
Add component (AddParameter): Name = "Operating Temperature"; Value = "-55°C~110°C"; VariantName = "[No Variations]"
Add component (AddParameter): Name = "Other Names"; Value = "FOD817DSDDKR"; VariantName = "[No Variations]"
Add component (AddParameter): Name = "Output Type"; Value = "Transistor"; VariantName = "[No Variations]"
Add component (AddParameter): Name = "Package / Case"; Value = "4-SMD,GullWing"; VariantName = "[No Variations]"
Add component (AddParameter): Name = "Package Description"; Value = "4-Pin Surface Mount Device, Body 6.5 x 4.6 mm, Pitch 2.54 mm"; VariantName = "[No Variations]"
Add component (AddParameter): Name = "Package Reference"; Value = "MDIP 4L"; VariantName = "[No Variations]"
Add component (AddParameter): Name = "Package URL"; Value = "https://www.fairchildsemi.com/package-drawings/N0/N04C.pdf"; VariantName = "[No Variations]"
Add component (AddParameter): Name = "Package Version"; Value = "10/2014"; VariantName = "[No Variations]"
Add component (AddParameter): Name = "Packaging"; Value = "Digi-Reel®  "; VariantName = "[No Variations]"
Add component (AddParameter): Name = "Rise / Fall Time (Typ)"; Value = "4µs,3µs"; VariantName = "[No Variations]"
Add component (AddParameter): Name = "Series"; Value = "-"; VariantName = "[No Variations]"
Add component (AddParameter): Name = "Standard Package"; Value = "1"; VariantName = "[No Variations]"
Add component (AddParameter): Name = "Supplier Device Package"; Value = "4-SMD"; VariantName = "[No Variations]"
Add component (AddParameter): Name = "Turn On / Turn Off Time (Typ)"; Value = "-"; VariantName = "[No Variations]"
Add component (AddParameter): Name = "Vce Saturation (Max)"; Value = "200mV"; VariantName = "[No Variations]"
Add component (AddParameter): Name = "Voltage - Forward (Vf) (Typ)"; Value = "1.2V"; VariantName = "[No Variations]"
Add component (AddParameter): Name = "Voltage - Isolation"; Value = "5000Vrms"; VariantName = "[No Variations]"
Add component (AddParameter): Name = "Voltage - Output (Max)"; Value = "70V"; VariantName = "[No Variations]"
Added Component: Designator=U7_I7(FAIR-MDIP-4_V)
Add component. Clean all parameters for all variants
Add component (AddParameter): Name = "Category"; Value = "Isolators"; VariantName = "[No Variations]"
Add component (AddParameter): Name = "Current - DC Forward (If) (Max)"; Value = "50mA"; VariantName = "[No Variations]"
Add component (AddParameter): Name = "Current - Output / Channel"; Value = "50mA"; VariantName = "[No Variations]"
Add component (AddParameter): Name = "Current Transfer Ratio (Max)"; Value = "600%@5mA"; VariantName = "[No Variations]"
Add component (AddParameter): Name = "Current Transfer Ratio (Min)"; Value = "300%@5mA"; VariantName = "[No Variations]"
Add component (AddParameter): Name = "Datasheet URL"; Value = "https://www.fairchildsemi.com/datasheets/FO/FOD817D.pdf"; VariantName = "[No Variations]"
Add component (AddParameter): Name = "Datasheet Version"; Value = "Rev. 2.8, 11/2015"; VariantName = "[No Variations]"
Add component (AddParameter): Name = "Family"; Value = "Optoisolators-Transistor,PhotovoltaicOutput"; VariantName = "[No Variations]"
Add component (AddParameter): Name = "Input Type"; Value = "DC"; VariantName = "[No Variations]"
Add component (AddParameter): Name = "Manufacturer"; Value = "Fairchild Semiconductor"; VariantName = "[No Variations]"
Add component (AddParameter): Name = "Manufacturer URL"; Value = "https://www.fairchildsemi.com/"; VariantName = "[No Variations]"
Add component (AddParameter): Name = "Mounting Technology"; Value = "SurfaceMount"; VariantName = "[No Variations]"
Add component (AddParameter): Name = "Mounting Type"; Value = "SurfaceMount"; VariantName = "[No Variations]"
Add component (AddParameter): Name = "Number of Channels"; Value = "1"; VariantName = "[No Variations]"
Add component (AddParameter): Name = "Online Catalog"; Value = "FOD617,814,817Series"; VariantName = "[No Variations]"
Add component (AddParameter): Name = "Operating Temperature"; Value = "-55°C~110°C"; VariantName = "[No Variations]"
Add component (AddParameter): Name = "Other Names"; Value = "FOD817DSDDKR"; VariantName = "[No Variations]"
Add component (AddParameter): Name = "Output Type"; Value = "Transistor"; VariantName = "[No Variations]"
Add component (AddParameter): Name = "Package / Case"; Value = "4-SMD,GullWing"; VariantName = "[No Variations]"
Add component (AddParameter): Name = "Package Description"; Value = "4-Pin Surface Mount Device, Body 6.5 x 4.6 mm, Pitch 2.54 mm"; VariantName = "[No Variations]"
Add component (AddParameter): Name = "Package Reference"; Value = "MDIP 4L"; VariantName = "[No Variations]"
Add component (AddParameter): Name = "Package URL"; Value = "https://www.fairchildsemi.com/package-drawings/N0/N04C.pdf"; VariantName = "[No Variations]"
Add component (AddParameter): Name = "Package Version"; Value = "10/2014"; VariantName = "[No Variations]"
Add component (AddParameter): Name = "Packaging"; Value = "Digi-Reel®  "; VariantName = "[No Variations]"
Add component (AddParameter): Name = "Rise / Fall Time (Typ)"; Value = "4µs,3µs"; VariantName = "[No Variations]"
Add component (AddParameter): Name = "Series"; Value = "-"; VariantName = "[No Variations]"
Add component (AddParameter): Name = "Standard Package"; Value = "1"; VariantName = "[No Variations]"
Add component (AddParameter): Name = "Supplier Device Package"; Value = "4-SMD"; VariantName = "[No Variations]"
Add component (AddParameter): Name = "Turn On / Turn Off Time (Typ)"; Value = "-"; VariantName = "[No Variations]"
Add component (AddParameter): Name = "Vce Saturation (Max)"; Value = "200mV"; VariantName = "[No Variations]"
Add component (AddParameter): Name = "Voltage - Forward (Vf) (Typ)"; Value = "1.2V"; VariantName = "[No Variations]"
Add component (AddParameter): Name = "Voltage - Isolation"; Value = "5000Vrms"; VariantName = "[No Variations]"
Add component (AddParameter): Name = "Voltage - Output (Max)"; Value = "70V"; VariantName = "[No Variations]"
Added Pin To Net: NetName=GND Pin=C7-1
Added Pin To Net: NetName=VCC Pin=C7-2
Added Pin To Net: NetName=GND Pin=C8-1
Added Pin To Net: NetName=VCC Pin=C8-2
Added Pin To Net: NetName=GND Pin=C9-1
Added Pin To Net: NetName=VCC Pin=C9-2
Added Pin To Net: NetName=Input_8 Pin=DS7_I1-1
Added Pin To Net: NetName=GND Pin=DS7_I1-2
Added Pin To Net: NetName=Input_7 Pin=DS7_I2-1
Added Pin To Net: NetName=GND Pin=DS7_I2-2
Added Pin To Net: NetName=Input_6 Pin=DS7_I3-1
Added Pin To Net: NetName=GND Pin=DS7_I3-2
Added Pin To Net: NetName=Input_5 Pin=DS7_I4-1
Added Pin To Net: NetName=GND Pin=DS7_I4-2
Added Pin To Net: NetName=Input_4 Pin=DS7_I5-1
Added Pin To Net: NetName=GND Pin=DS7_I5-2
Added Pin To Net: NetName=Input_3 Pin=DS7_I6-1
Added Pin To Net: NetName=GND Pin=DS7_I6-2
Added Pin To Net: NetName=Input_2 Pin=DS7_I7-1
Added Pin To Net: NetName=GND Pin=DS7_I7-2
Added Pin To Net: NetName=GND_24V_ISO Pin=P5_I1-2
Added Pin To Net: NetName=GND_24V_ISO Pin=P5_I2-2
Added Pin To Net: NetName=GND_24V_ISO Pin=P5_I3-2
Added Pin To Net: NetName=GND_24V_ISO Pin=P5_I4-2
Added Pin To Net: NetName=GND_24V_ISO Pin=P5_I5-2
Added Pin To Net: NetName=GND_24V_ISO Pin=P5_I6-2
Added Pin To Net: NetName=GND_24V_ISO Pin=P5_I7-2
Added Pin To Net: NetName=GND_24V_ISO Pin=U7_I1-2
Added Pin To Net: NetName=Input_8 Pin=U7_I1-3
Added Pin To Net: NetName=VCC Pin=U7_I1-4
Added Pin To Net: NetName=GND_24V_ISO Pin=U7_I2-2
Added Pin To Net: NetName=Input_7 Pin=U7_I2-3
Added Pin To Net: NetName=VCC Pin=U7_I2-4
Added Pin To Net: NetName=GND_24V_ISO Pin=U7_I3-2
Added Pin To Net: NetName=Input_6 Pin=U7_I3-3
Added Pin To Net: NetName=VCC Pin=U7_I3-4
Added Pin To Net: NetName=GND_24V_ISO Pin=U7_I4-2
Added Pin To Net: NetName=Input_5 Pin=U7_I4-3
Added Pin To Net: NetName=VCC Pin=U7_I4-4
Added Pin To Net: NetName=GND_24V_ISO Pin=U7_I5-2
Added Pin To Net: NetName=Input_4 Pin=U7_I5-3
Added Pin To Net: NetName=VCC Pin=U7_I5-4
Added Pin To Net: NetName=GND_24V_ISO Pin=U7_I6-2
Added Pin To Net: NetName=Input_3 Pin=U7_I6-3
Added Pin To Net: NetName=VCC Pin=U7_I6-4
Added Pin To Net: NetName=GND_24V_ISO Pin=U7_I7-2
Added Pin To Net: NetName=Input_2 Pin=U7_I7-3
Added Pin To Net: NetName=VCC Pin=U7_I7-4
Change Net Name : Old Net Name=NetD3_R?1_2 New Net Name=NetD3_R1_2
Change Net Name : Old Net Name=NetD3_R?2_2 New Net Name=NetD3_R2_2
Change Net Name : Old Net Name=NetD3_R?3_2 New Net Name=NetD3_R3_2
Change Net Name : Old Net Name=NetD3_R?4_2 New Net Name=NetD3_R4_2
Change Net Name : Old Net Name=NetD3_R?5_2 New Net Name=NetD3_R5_2
Change Net Name : Old Net Name=NetD3_R?6_2 New Net Name=NetD3_R6_2
Change Net Name : Old Net Name=NetD3_R?7_2 New Net Name=NetD3_R7_2
Change Net Name : Old Net Name=NetD3_R?8_2 New Net Name=NetD3_R8_2
Change Net Name : Old Net Name=NetDS4_R?1_1 New Net Name=NetDS4_R1_1
Change Net Name : Old Net Name=NetDS4_R?2_1 New Net Name=NetDS4_R2_1
Change Net Name : Old Net Name=NetDS4_R?3_1 New Net Name=NetDS4_R3_1
Change Net Name : Old Net Name=NetDS4_R?4_1 New Net Name=NetDS4_R4_1
Change Net Name : Old Net Name=NetDS4_R?5_1 New Net Name=NetDS4_R5_1
Change Net Name : Old Net Name=NetDS4_R?6_1 New Net Name=NetDS4_R6_1
Change Net Name : Old Net Name=NetDS4_R?7_1 New Net Name=NetDS4_R7_1
Change Net Name : Old Net Name=NetDS4_R?8_1 New Net Name=NetDS4_R8_1
Change Net Name : Old Net Name=NetK1_R?1_2 New Net Name=NetK1_R1_2
Change Net Name : Old Net Name=NetK1_R?1_3 New Net Name=NetK1_R1_3
Change Net Name : Old Net Name=NetK1_R?2_2 New Net Name=NetK1_R2_2
Change Net Name : Old Net Name=NetK1_R?2_3 New Net Name=NetK1_R2_3
Change Net Name : Old Net Name=NetK1_R?3_2 New Net Name=NetK1_R3_2
Change Net Name : Old Net Name=NetK1_R?3_3 New Net Name=NetK1_R3_3
Change Net Name : Old Net Name=NetK1_R?4_2 New Net Name=NetK1_R4_2
Change Net Name : Old Net Name=NetK1_R?4_3 New Net Name=NetK1_R4_3
Change Net Name : Old Net Name=NetK1_R?5_2 New Net Name=NetK1_R5_2
Change Net Name : Old Net Name=NetK1_R?5_3 New Net Name=NetK1_R5_3
Change Net Name : Old Net Name=NetK1_R?6_2 New Net Name=NetK1_R6_2
Change Net Name : Old Net Name=NetK1_R?6_3 New Net Name=NetK1_R6_3
Change Net Name : Old Net Name=NetK1_R?7_2 New Net Name=NetK1_R7_2
Change Net Name : Old Net Name=NetK1_R?7_3 New Net Name=NetK1_R7_3
Change Net Name : Old Net Name=NetK1_R?8_2 New Net Name=NetK1_R8_2
Change Net Name : Old Net Name=NetK1_R?8_3 New Net Name=NetK1_R8_3
Change Net Name : Old Net Name=NetP5_Designator8_1 New Net Name=NetP5_I8_1
Change Net Name : Old Net Name=NetQ1_R?1_1 New Net Name=NetQ1_R1_1
Change Net Name : Old Net Name=NetQ1_R?2_1 New Net Name=NetQ1_R2_1
Change Net Name : Old Net Name=NetQ1_R?3_1 New Net Name=NetQ1_R3_1
Change Net Name : Old Net Name=NetQ1_R?4_1 New Net Name=NetQ1_R4_1
Change Net Name : Old Net Name=NetQ1_R?5_1 New Net Name=NetQ1_R5_1
Change Net Name : Old Net Name=NetQ1_R?6_1 New Net Name=NetQ1_R6_1
Change Net Name : Old Net Name=NetQ1_R?7_1 New Net Name=NetQ1_R7_1
Change Net Name : Old Net Name=NetQ1_R?8_1 New Net Name=NetQ1_R8_1
Change Net Name : Old Net Name=NetR11_Designator8_2 New Net Name=NetR11_I8_2
Added Pin To Net: NetName=NetP5_I1_1 Pin=P5_I1-1
Added Pin To Net: NetName=NetP5_I1_1 Pin=R11_I1-1
Added Net: Name=NetP5_I1_1
Added Pin To Net: NetName=NetP5_I2_1 Pin=P5_I2-1
Added Pin To Net: NetName=NetP5_I2_1 Pin=R11_I2-1
Added Net: Name=NetP5_I2_1
Added Pin To Net: NetName=NetP5_I3_1 Pin=P5_I3-1
Added Pin To Net: NetName=NetP5_I3_1 Pin=R11_I3-1
Added Net: Name=NetP5_I3_1
Added Pin To Net: NetName=NetP5_I4_1 Pin=P5_I4-1
Added Pin To Net: NetName=NetP5_I4_1 Pin=R11_I4-1
Added Net: Name=NetP5_I4_1
Added Pin To Net: NetName=NetP5_I5_1 Pin=P5_I5-1
Added Pin To Net: NetName=NetP5_I5_1 Pin=R11_I5-1
Added Net: Name=NetP5_I5_1
Added Pin To Net: NetName=NetP5_I6_1 Pin=P5_I6-1
Added Pin To Net: NetName=NetP5_I6_1 Pin=R11_I6-1
Added Net: Name=NetP5_I6_1
Added Pin To Net: NetName=NetP5_I7_1 Pin=P5_I7-1
Added Pin To Net: NetName=NetP5_I7_1 Pin=R11_I7-1
Added Net: Name=NetP5_I7_1
Added Pin To Net: NetName=NetR11_I1_2 Pin=R11_I1-2
Added Pin To Net: NetName=NetR11_I1_2 Pin=U7_I1-1
Added Net: Name=NetR11_I1_2
Added Pin To Net: NetName=NetR11_I2_2 Pin=R11_I2-2
Added Pin To Net: NetName=NetR11_I2_2 Pin=U7_I2-1
Added Net: Name=NetR11_I2_2
Added Pin To Net: NetName=NetR11_I3_2 Pin=R11_I3-2
Added Pin To Net: NetName=NetR11_I3_2 Pin=U7_I3-1
Added Net: Name=NetR11_I3_2
Added Pin To Net: NetName=NetR11_I4_2 Pin=R11_I4-2
Added Pin To Net: NetName=NetR11_I4_2 Pin=U7_I4-1
Added Net: Name=NetR11_I4_2
Added Pin To Net: NetName=NetR11_I5_2 Pin=R11_I5-2
Added Pin To Net: NetName=NetR11_I5_2 Pin=U7_I5-1
Added Net: Name=NetR11_I5_2
Added Pin To Net: NetName=NetR11_I6_2 Pin=R11_I6-2
Added Pin To Net: NetName=NetR11_I6_2 Pin=U7_I6-1
Added Net: Name=NetR11_I6_2
Added Pin To Net: NetName=NetR11_I7_2 Pin=R11_I7-2
Added Pin To Net: NetName=NetR11_I7_2 Pin=U7_I7-1
Added Net: Name=NetR11_I7_2
Change Class Name : Old Net Name=Designator8 New Net Name=I8
Change Class Name : Old Net Name=R?1 New Net Name=R1
Change Class Name : Old Net Name=R?2 New Net Name=R2
Change Class Name : Old Net Name=R?3 New Net Name=R3
Change Class Name : Old Net Name=R?4 New Net Name=R4
Change Class Name : Old Net Name=R?5 New Net Name=R5
Change Class Name : Old Net Name=R?6 New Net Name=R6
Change Class Name : Old Net Name=R?7 New Net Name=R7
Change Class Name : Old Net Name=R?8 New Net Name=R8
Added Class: Name=I1
Added Class: Name=I2
Added Class: Name=I3
Added Class: Name=I4
Added Class: Name=I5
Added Class: Name=I6
Added Class: Name=I7
Added Member To Class: ClassName=DoorCard_ReceiverController Member=Component C7 1uF
Added Member To Class: ClassName=DoorCard_ReceiverController Member=Component C8 1uF
Added Member To Class: ClassName=DoorCard_ReceiverController Member=Component C9 1uF
Change Room Name: Old Name=R?2 New Name=R2
Change Room Scope: Old Scope=InComponentClass('R?2') New Scope=InComponentClass('R2')
Change Room Name: Old Name=R?3 New Name=R3
Change Room Scope: Old Scope=InComponentClass('R?3') New Scope=InComponentClass('R3')
Added Room: Name=I1
Added Room: Name=I2
Added Room: Name=I3
Added Room: Name=I4
Added Room: Name=I5
Added Room: Name=I6
Added Room: Name=I7
Added Room: Name=I8
Added Room: Name=R1
Added Room: Name=R4
Added Room: Name=R5
Added Room: Name=R6
Added Room: Name=R7
Added Room: Name=R8
