Removed Member From Class: ClassName=R?1 Member=R8_R?4
Removed Member From Class: ClassName=R?1 Member=R9_R?4
Added Component: Designator=D3_R?5(ONSC-SOD123-2-425G-04_V)
Add component. Clean all parameters for all variants
Add component (AddParameter): Name = "CD (Max)"; Value = "4 pF"; VariantName = "[No Variations]"
Add component (AddParameter): Name = "ComponentLink1Description"; Value = "Manufacturer URL"; VariantName = "[No Variations]"
Add component (AddParameter): Name = "ComponentLink1URL"; Value = "http://www.onsemi.com/"; VariantName = "[No Variations]"
Add component (AddParameter): Name = "ComponentLink2Description"; Value = "Datasheet"; VariantName = "[No Variations]"
Add component (AddParameter): Name = "ComponentLink2URL"; Value = "http://www.onsemi.com/pub_link/Collateral/MMSD4148T1-D.PDF"; VariantName = "[No Variations]"
Add component (AddParameter): Name = "ComponentLink3Description"; Value = "Package Specification"; VariantName = "[No Variations]"
Add component (AddParameter): Name = "ComponentLink3URL"; Value = "http://www.onsemi.com/pub_link/Collateral/425-04.PDF"; VariantName = "[No Variations]"
Add component (AddParameter): Name = "DatasheetVersion"; Value = "Rev. 11"; VariantName = "[No Variations]"
Add component (AddParameter): Name = "IR @ VR"; Value = "75 V (Max)=50 uA"; VariantName = "[No Variations]"
Add component (AddParameter): Name = "Manufacturer"; Value = "ON Semiconductor"; VariantName = "[No Variations]"
Add component (AddParameter): Name = "Mounting Technology"; Value = "Surface Mount"; VariantName = "[No Variations]"
Add component (AddParameter): Name = "PackageDescription"; Value = "2-Pin SOD123, Body 2.69 x 1.6 mm, Height 1.35 mm"; VariantName = "[No Variations]"
Add component (AddParameter): Name = "PackageReference"; Value = "SOD123-2-425G-04"; VariantName = "[No Variations]"
Add component (AddParameter): Name = "PackageVersion"; Value = "Rev. 04G"; VariantName = "[No Variations]"
Add component (AddParameter): Name = "Packing"; Value = "Tape and Reel"; VariantName = "[No Variations]"
Add component (AddParameter): Name = "PartNumber"; Value = "MMSD4148T3G"; VariantName = "[No Variations]"
Add component (AddParameter): Name = "PD (Max)"; Value = "425 mW"; VariantName = "[No Variations]"
Add component (AddParameter): Name = "RoHS"; Value = "TRUE"; VariantName = "[No Variations]"
Add component (AddParameter): Name = "Temperature Range"; Value = "-55 to 150 degC"; VariantName = "[No Variations]"
Add component (AddParameter): Name = "Trr (Max)"; Value = "4 ns"; VariantName = "[No Variations]"
Add component (AddParameter): Name = "VBR (Min)"; Value = "100 V"; VariantName = "[No Variations]"
Add component (AddParameter): Name = "VF (Max)"; Value = "1 A"; VariantName = "[No Variations]"
Added Component: Designator=D3_R?6(ONSC-SOD123-2-425G-04_V)
Add component. Clean all parameters for all variants
Add component (AddParameter): Name = "CD (Max)"; Value = "4 pF"; VariantName = "[No Variations]"
Add component (AddParameter): Name = "ComponentLink1Description"; Value = "Manufacturer URL"; VariantName = "[No Variations]"
Add component (AddParameter): Name = "ComponentLink1URL"; Value = "http://www.onsemi.com/"; VariantName = "[No Variations]"
Add component (AddParameter): Name = "ComponentLink2Description"; Value = "Datasheet"; VariantName = "[No Variations]"
Add component (AddParameter): Name = "ComponentLink2URL"; Value = "http://www.onsemi.com/pub_link/Collateral/MMSD4148T1-D.PDF"; VariantName = "[No Variations]"
Add component (AddParameter): Name = "ComponentLink3Description"; Value = "Package Specification"; VariantName = "[No Variations]"
Add component (AddParameter): Name = "ComponentLink3URL"; Value = "http://www.onsemi.com/pub_link/Collateral/425-04.PDF"; VariantName = "[No Variations]"
Add component (AddParameter): Name = "DatasheetVersion"; Value = "Rev. 11"; VariantName = "[No Variations]"
Add component (AddParameter): Name = "IR @ VR"; Value = "75 V (Max)=50 uA"; VariantName = "[No Variations]"
Add component (AddParameter): Name = "Manufacturer"; Value = "ON Semiconductor"; VariantName = "[No Variations]"
Add component (AddParameter): Name = "Mounting Technology"; Value = "Surface Mount"; VariantName = "[No Variations]"
Add component (AddParameter): Name = "PackageDescription"; Value = "2-Pin SOD123, Body 2.69 x 1.6 mm, Height 1.35 mm"; VariantName = "[No Variations]"
Add component (AddParameter): Name = "PackageReference"; Value = "SOD123-2-425G-04"; VariantName = "[No Variations]"
Add component (AddParameter): Name = "PackageVersion"; Value = "Rev. 04G"; VariantName = "[No Variations]"
Add component (AddParameter): Name = "Packing"; Value = "Tape and Reel"; VariantName = "[No Variations]"
Add component (AddParameter): Name = "PartNumber"; Value = "MMSD4148T3G"; VariantName = "[No Variations]"
Add component (AddParameter): Name = "PD (Max)"; Value = "425 mW"; VariantName = "[No Variations]"
Add component (AddParameter): Name = "RoHS"; Value = "TRUE"; VariantName = "[No Variations]"
Add component (AddParameter): Name = "Temperature Range"; Value = "-55 to 150 degC"; VariantName = "[No Variations]"
Add component (AddParameter): Name = "Trr (Max)"; Value = "4 ns"; VariantName = "[No Variations]"
Add component (AddParameter): Name = "VBR (Min)"; Value = "100 V"; VariantName = "[No Variations]"
Add component (AddParameter): Name = "VF (Max)"; Value = "1 A"; VariantName = "[No Variations]"
Added Component: Designator=D3_R?7(ONSC-SOD123-2-425G-04_V)
Add component. Clean all parameters for all variants
Add component (AddParameter): Name = "CD (Max)"; Value = "4 pF"; VariantName = "[No Variations]"
Add component (AddParameter): Name = "ComponentLink1Description"; Value = "Manufacturer URL"; VariantName = "[No Variations]"
Add component (AddParameter): Name = "ComponentLink1URL"; Value = "http://www.onsemi.com/"; VariantName = "[No Variations]"
Add component (AddParameter): Name = "ComponentLink2Description"; Value = "Datasheet"; VariantName = "[No Variations]"
Add component (AddParameter): Name = "ComponentLink2URL"; Value = "http://www.onsemi.com/pub_link/Collateral/MMSD4148T1-D.PDF"; VariantName = "[No Variations]"
Add component (AddParameter): Name = "ComponentLink3Description"; Value = "Package Specification"; VariantName = "[No Variations]"
Add component (AddParameter): Name = "ComponentLink3URL"; Value = "http://www.onsemi.com/pub_link/Collateral/425-04.PDF"; VariantName = "[No Variations]"
Add component (AddParameter): Name = "DatasheetVersion"; Value = "Rev. 11"; VariantName = "[No Variations]"
Add component (AddParameter): Name = "IR @ VR"; Value = "75 V (Max)=50 uA"; VariantName = "[No Variations]"
Add component (AddParameter): Name = "Manufacturer"; Value = "ON Semiconductor"; VariantName = "[No Variations]"
Add component (AddParameter): Name = "Mounting Technology"; Value = "Surface Mount"; VariantName = "[No Variations]"
Add component (AddParameter): Name = "PackageDescription"; Value = "2-Pin SOD123, Body 2.69 x 1.6 mm, Height 1.35 mm"; VariantName = "[No Variations]"
Add component (AddParameter): Name = "PackageReference"; Value = "SOD123-2-425G-04"; VariantName = "[No Variations]"
Add component (AddParameter): Name = "PackageVersion"; Value = "Rev. 04G"; VariantName = "[No Variations]"
Add component (AddParameter): Name = "Packing"; Value = "Tape and Reel"; VariantName = "[No Variations]"
Add component (AddParameter): Name = "PartNumber"; Value = "MMSD4148T3G"; VariantName = "[No Variations]"
Add component (AddParameter): Name = "PD (Max)"; Value = "425 mW"; VariantName = "[No Variations]"
Add component (AddParameter): Name = "RoHS"; Value = "TRUE"; VariantName = "[No Variations]"
Add component (AddParameter): Name = "Temperature Range"; Value = "-55 to 150 degC"; VariantName = "[No Variations]"
Add component (AddParameter): Name = "Trr (Max)"; Value = "4 ns"; VariantName = "[No Variations]"
Add component (AddParameter): Name = "VBR (Min)"; Value = "100 V"; VariantName = "[No Variations]"
Add component (AddParameter): Name = "VF (Max)"; Value = "1 A"; VariantName = "[No Variations]"
Added Component: Designator=D3_R?8(ONSC-SOD123-2-425G-04_V)
Add component. Clean all parameters for all variants
Add component (AddParameter): Name = "CD (Max)"; Value = "4 pF"; VariantName = "[No Variations]"
Add component (AddParameter): Name = "ComponentLink1Description"; Value = "Manufacturer URL"; VariantName = "[No Variations]"
Add component (AddParameter): Name = "ComponentLink1URL"; Value = "http://www.onsemi.com/"; VariantName = "[No Variations]"
Add component (AddParameter): Name = "ComponentLink2Description"; Value = "Datasheet"; VariantName = "[No Variations]"
Add component (AddParameter): Name = "ComponentLink2URL"; Value = "http://www.onsemi.com/pub_link/Collateral/MMSD4148T1-D.PDF"; VariantName = "[No Variations]"
Add component (AddParameter): Name = "ComponentLink3Description"; Value = "Package Specification"; VariantName = "[No Variations]"
Add component (AddParameter): Name = "ComponentLink3URL"; Value = "http://www.onsemi.com/pub_link/Collateral/425-04.PDF"; VariantName = "[No Variations]"
Add component (AddParameter): Name = "DatasheetVersion"; Value = "Rev. 11"; VariantName = "[No Variations]"
Add component (AddParameter): Name = "IR @ VR"; Value = "75 V (Max)=50 uA"; VariantName = "[No Variations]"
Add component (AddParameter): Name = "Manufacturer"; Value = "ON Semiconductor"; VariantName = "[No Variations]"
Add component (AddParameter): Name = "Mounting Technology"; Value = "Surface Mount"; VariantName = "[No Variations]"
Add component (AddParameter): Name = "PackageDescription"; Value = "2-Pin SOD123, Body 2.69 x 1.6 mm, Height 1.35 mm"; VariantName = "[No Variations]"
Add component (AddParameter): Name = "PackageReference"; Value = "SOD123-2-425G-04"; VariantName = "[No Variations]"
Add component (AddParameter): Name = "PackageVersion"; Value = "Rev. 04G"; VariantName = "[No Variations]"
Add component (AddParameter): Name = "Packing"; Value = "Tape and Reel"; VariantName = "[No Variations]"
Add component (AddParameter): Name = "PartNumber"; Value = "MMSD4148T3G"; VariantName = "[No Variations]"
Add component (AddParameter): Name = "PD (Max)"; Value = "425 mW"; VariantName = "[No Variations]"
Add component (AddParameter): Name = "RoHS"; Value = "TRUE"; VariantName = "[No Variations]"
Add component (AddParameter): Name = "Temperature Range"; Value = "-55 to 150 degC"; VariantName = "[No Variations]"
Add component (AddParameter): Name = "Trr (Max)"; Value = "4 ns"; VariantName = "[No Variations]"
Add component (AddParameter): Name = "VBR (Min)"; Value = "100 V"; VariantName = "[No Variations]"
Add component (AddParameter): Name = "VF (Max)"; Value = "1 A"; VariantName = "[No Variations]"
Added Component: Designator=DS4_R?5(VISH-TLMX1100_V)
Add component. Clean all parameters for all variants
Add component (AddParameter): Name = "Capacitance"; Value = "12 pF"; VariantName = "[No Variations]"
Add component (AddParameter): Name = "Case/Package"; Value = "0603"; VariantName = "[No Variations]"
Add component (AddParameter): Name = "Case Code (Imperial)"; Value = "0603"; VariantName = "[No Variations]"
Add component (AddParameter): Name = "Case Code (Metric)"; Value = "1608"; VariantName = "[No Variations]"
Add component (AddParameter): Name = "ComponentLink1Description"; Value = "Manufacturer URL"; VariantName = "[No Variations]"
Add component (AddParameter): Name = "ComponentLink1URL"; Value = "http://www.vishay.com/"; VariantName = "[No Variations]"
Add component (AddParameter): Name = "ComponentLink2Description"; Value = "Datasheet"; VariantName = "[No Variations]"
Add component (AddParameter): Name = "ComponentLink2URL"; Value = "http://www.vishay.com/docs/83173/tlmb1100.pdf"; VariantName = "[No Variations]"
Add component (AddParameter): Name = "DatasheetVersion"; Value = "Rev. 2.7, 03/2016"; VariantName = "[No Variations]"
Add component (AddParameter): Name = "Height"; Value = "0.8 mm"; VariantName = "[No Variations]"
Add component (AddParameter): Name = "Length"; Value = "1.6 mm"; VariantName = "[No Variations]"
Add component (AddParameter): Name = "Max Operating Temperature"; Value = "125degC"; VariantName = "[No Variations]"
Add component (AddParameter): Name = "Min Operating Temperature"; Value = "-55degC"; VariantName = "[No Variations]"
Add component (AddParameter): Name = "Mount"; Value = "Surface Mount"; VariantName = "[No Variations]"
Add component (AddParameter): Name = "PackageDescription"; Value = "2-Pin Surface Mount Device, Body 1.6 x 0.8 mm"; VariantName = "[No Variations]"
Add component (AddParameter): Name = "Package Quantity"; Value = "4000"; VariantName = "[No Variations]"
Add component (AddParameter): Name = "PackageReference"; Value = "TLMX1100"; VariantName = "[No Variations]"
Add component (AddParameter): Name = "Packaging"; Value = "Tape and Reel"; VariantName = "[No Variations]"
Add component (AddParameter): Name = "Pins"; Value = "2"; VariantName = "[No Variations]"
Add component (AddParameter): Name = "Radiation Hardening"; Value = "No"; VariantName = "[No Variations]"
Add component (AddParameter): Name = "REACH SVHC"; Value = "No SVHC"; VariantName = "[No Variations]"
Add component (AddParameter): Name = "Resistance"; Value = "100000000000 Ohm"; VariantName = "[No Variations]"
Add component (AddParameter): Name = "RoHSCompliant"; Value = "True"; VariantName = "[No Variations]"
Add component (AddParameter): Name = "Tolerance"; Value = "5%"; VariantName = "[No Variations]"
Add component (AddParameter): Name = "Type (Capacitors)"; Value = "C0G"; VariantName = "[No Variations]"
Add component (AddParameter): Name = "Voltage Rating"; Value = "50 V"; VariantName = "[No Variations]"
Add component (AddParameter): Name = "Voltage Rating (DC)"; Value = "50 V"; VariantName = "[No Variations]"
Add component (AddParameter): Name = "Width"; Value = "0.8 mm"; VariantName = "[No Variations]"
Added Component: Designator=DS4_R?6(VISH-TLMX1100_V)
Add component. Clean all parameters for all variants
Add component (AddParameter): Name = "Capacitance"; Value = "12 pF"; VariantName = "[No Variations]"
Add component (AddParameter): Name = "Case/Package"; Value = "0603"; VariantName = "[No Variations]"
Add component (AddParameter): Name = "Case Code (Imperial)"; Value = "0603"; VariantName = "[No Variations]"
Add component (AddParameter): Name = "Case Code (Metric)"; Value = "1608"; VariantName = "[No Variations]"
Add component (AddParameter): Name = "ComponentLink1Description"; Value = "Manufacturer URL"; VariantName = "[No Variations]"
Add component (AddParameter): Name = "ComponentLink1URL"; Value = "http://www.vishay.com/"; VariantName = "[No Variations]"
Add component (AddParameter): Name = "ComponentLink2Description"; Value = "Datasheet"; VariantName = "[No Variations]"
Add component (AddParameter): Name = "ComponentLink2URL"; Value = "http://www.vishay.com/docs/83173/tlmb1100.pdf"; VariantName = "[No Variations]"
Add component (AddParameter): Name = "DatasheetVersion"; Value = "Rev. 2.7, 03/2016"; VariantName = "[No Variations]"
Add component (AddParameter): Name = "Height"; Value = "0.8 mm"; VariantName = "[No Variations]"
Add component (AddParameter): Name = "Length"; Value = "1.6 mm"; VariantName = "[No Variations]"
Add component (AddParameter): Name = "Max Operating Temperature"; Value = "125degC"; VariantName = "[No Variations]"
Add component (AddParameter): Name = "Min Operating Temperature"; Value = "-55degC"; VariantName = "[No Variations]"
Add component (AddParameter): Name = "Mount"; Value = "Surface Mount"; VariantName = "[No Variations]"
Add component (AddParameter): Name = "PackageDescription"; Value = "2-Pin Surface Mount Device, Body 1.6 x 0.8 mm"; VariantName = "[No Variations]"
Add component (AddParameter): Name = "Package Quantity"; Value = "4000"; VariantName = "[No Variations]"
Add component (AddParameter): Name = "PackageReference"; Value = "TLMX1100"; VariantName = "[No Variations]"
Add component (AddParameter): Name = "Packaging"; Value = "Tape and Reel"; VariantName = "[No Variations]"
Add component (AddParameter): Name = "Pins"; Value = "2"; VariantName = "[No Variations]"
Add component (AddParameter): Name = "Radiation Hardening"; Value = "No"; VariantName = "[No Variations]"
Add component (AddParameter): Name = "REACH SVHC"; Value = "No SVHC"; VariantName = "[No Variations]"
Add component (AddParameter): Name = "Resistance"; Value = "100000000000 Ohm"; VariantName = "[No Variations]"
Add component (AddParameter): Name = "RoHSCompliant"; Value = "True"; VariantName = "[No Variations]"
Add component (AddParameter): Name = "Tolerance"; Value = "5%"; VariantName = "[No Variations]"
Add component (AddParameter): Name = "Type (Capacitors)"; Value = "C0G"; VariantName = "[No Variations]"
Add component (AddParameter): Name = "Voltage Rating"; Value = "50 V"; VariantName = "[No Variations]"
Add component (AddParameter): Name = "Voltage Rating (DC)"; Value = "50 V"; VariantName = "[No Variations]"
Add component (AddParameter): Name = "Width"; Value = "0.8 mm"; VariantName = "[No Variations]"
Added Component: Designator=DS4_R?7(VISH-TLMX1100_V)
Add component. Clean all parameters for all variants
Add component (AddParameter): Name = "Capacitance"; Value = "12 pF"; VariantName = "[No Variations]"
Add component (AddParameter): Name = "Case/Package"; Value = "0603"; VariantName = "[No Variations]"
Add component (AddParameter): Name = "Case Code (Imperial)"; Value = "0603"; VariantName = "[No Variations]"
Add component (AddParameter): Name = "Case Code (Metric)"; Value = "1608"; VariantName = "[No Variations]"
Add component (AddParameter): Name = "ComponentLink1Description"; Value = "Manufacturer URL"; VariantName = "[No Variations]"
Add component (AddParameter): Name = "ComponentLink1URL"; Value = "http://www.vishay.com/"; VariantName = "[No Variations]"
Add component (AddParameter): Name = "ComponentLink2Description"; Value = "Datasheet"; VariantName = "[No Variations]"
Add component (AddParameter): Name = "ComponentLink2URL"; Value = "http://www.vishay.com/docs/83173/tlmb1100.pdf"; VariantName = "[No Variations]"
Add component (AddParameter): Name = "DatasheetVersion"; Value = "Rev. 2.7, 03/2016"; VariantName = "[No Variations]"
Add component (AddParameter): Name = "Height"; Value = "0.8 mm"; VariantName = "[No Variations]"
Add component (AddParameter): Name = "Length"; Value = "1.6 mm"; VariantName = "[No Variations]"
Add component (AddParameter): Name = "Max Operating Temperature"; Value = "125degC"; VariantName = "[No Variations]"
Add component (AddParameter): Name = "Min Operating Temperature"; Value = "-55degC"; VariantName = "[No Variations]"
Add component (AddParameter): Name = "Mount"; Value = "Surface Mount"; VariantName = "[No Variations]"
Add component (AddParameter): Name = "PackageDescription"; Value = "2-Pin Surface Mount Device, Body 1.6 x 0.8 mm"; VariantName = "[No Variations]"
Add component (AddParameter): Name = "Package Quantity"; Value = "4000"; VariantName = "[No Variations]"
Add component (AddParameter): Name = "PackageReference"; Value = "TLMX1100"; VariantName = "[No Variations]"
Add component (AddParameter): Name = "Packaging"; Value = "Tape and Reel"; VariantName = "[No Variations]"
Add component (AddParameter): Name = "Pins"; Value = "2"; VariantName = "[No Variations]"
Add component (AddParameter): Name = "Radiation Hardening"; Value = "No"; VariantName = "[No Variations]"
Add component (AddParameter): Name = "REACH SVHC"; Value = "No SVHC"; VariantName = "[No Variations]"
Add component (AddParameter): Name = "Resistance"; Value = "100000000000 Ohm"; VariantName = "[No Variations]"
Add component (AddParameter): Name = "RoHSCompliant"; Value = "True"; VariantName = "[No Variations]"
Add component (AddParameter): Name = "Tolerance"; Value = "5%"; VariantName = "[No Variations]"
Add component (AddParameter): Name = "Type (Capacitors)"; Value = "C0G"; VariantName = "[No Variations]"
Add component (AddParameter): Name = "Voltage Rating"; Value = "50 V"; VariantName = "[No Variations]"
Add component (AddParameter): Name = "Voltage Rating (DC)"; Value = "50 V"; VariantName = "[No Variations]"
Add component (AddParameter): Name = "Width"; Value = "0.8 mm"; VariantName = "[No Variations]"
Added Component: Designator=DS4_R?8(VISH-TLMX1100_V)
Add component. Clean all parameters for all variants
Add component (AddParameter): Name = "Capacitance"; Value = "12 pF"; VariantName = "[No Variations]"
Add component (AddParameter): Name = "Case/Package"; Value = "0603"; VariantName = "[No Variations]"
Add component (AddParameter): Name = "Case Code (Imperial)"; Value = "0603"; VariantName = "[No Variations]"
Add component (AddParameter): Name = "Case Code (Metric)"; Value = "1608"; VariantName = "[No Variations]"
Add component (AddParameter): Name = "ComponentLink1Description"; Value = "Manufacturer URL"; VariantName = "[No Variations]"
Add component (AddParameter): Name = "ComponentLink1URL"; Value = "http://www.vishay.com/"; VariantName = "[No Variations]"
Add component (AddParameter): Name = "ComponentLink2Description"; Value = "Datasheet"; VariantName = "[No Variations]"
Add component (AddParameter): Name = "ComponentLink2URL"; Value = "http://www.vishay.com/docs/83173/tlmb1100.pdf"; VariantName = "[No Variations]"
Add component (AddParameter): Name = "DatasheetVersion"; Value = "Rev. 2.7, 03/2016"; VariantName = "[No Variations]"
Add component (AddParameter): Name = "Height"; Value = "0.8 mm"; VariantName = "[No Variations]"
Add component (AddParameter): Name = "Length"; Value = "1.6 mm"; VariantName = "[No Variations]"
Add component (AddParameter): Name = "Max Operating Temperature"; Value = "125degC"; VariantName = "[No Variations]"
Add component (AddParameter): Name = "Min Operating Temperature"; Value = "-55degC"; VariantName = "[No Variations]"
Add component (AddParameter): Name = "Mount"; Value = "Surface Mount"; VariantName = "[No Variations]"
Add component (AddParameter): Name = "PackageDescription"; Value = "2-Pin Surface Mount Device, Body 1.6 x 0.8 mm"; VariantName = "[No Variations]"
Add component (AddParameter): Name = "Package Quantity"; Value = "4000"; VariantName = "[No Variations]"
Add component (AddParameter): Name = "PackageReference"; Value = "TLMX1100"; VariantName = "[No Variations]"
Add component (AddParameter): Name = "Packaging"; Value = "Tape and Reel"; VariantName = "[No Variations]"
Add component (AddParameter): Name = "Pins"; Value = "2"; VariantName = "[No Variations]"
Add component (AddParameter): Name = "Radiation Hardening"; Value = "No"; VariantName = "[No Variations]"
Add component (AddParameter): Name = "REACH SVHC"; Value = "No SVHC"; VariantName = "[No Variations]"
Add component (AddParameter): Name = "Resistance"; Value = "100000000000 Ohm"; VariantName = "[No Variations]"
Add component (AddParameter): Name = "RoHSCompliant"; Value = "True"; VariantName = "[No Variations]"
Add component (AddParameter): Name = "Tolerance"; Value = "5%"; VariantName = "[No Variations]"
Add component (AddParameter): Name = "Type (Capacitors)"; Value = "C0G"; VariantName = "[No Variations]"
Add component (AddParameter): Name = "Voltage Rating"; Value = "50 V"; VariantName = "[No Variations]"
Add component (AddParameter): Name = "Voltage Rating (DC)"; Value = "50 V"; VariantName = "[No Variations]"
Add component (AddParameter): Name = "Width"; Value = "0.8 mm"; VariantName = "[No Variations]"
Added Component: Designator=K1_R?5(PNSC-LD-P-4-2050x720x1530_V)
Add component. Clean all parameters for all variants
Add component (AddParameter): Name = "Coil Voltage"; Value = "5 V"; VariantName = "[No Variations]"
Add component (AddParameter): Name = "ComponentLink1Description"; Value = "Manufacturer URL"; VariantName = "[No Variations]"
Add component (AddParameter): Name = "ComponentLink1URL"; Value = "http://www3.panasonic.biz/ac/ae/index.jsp"; VariantName = "[No Variations]"
Add component (AddParameter): Name = "ComponentLink2Description"; Value = "Datasheet"; VariantName = "[No Variations]"
Add component (AddParameter): Name = "ComponentLink2URL"; Value = "http://www3.panasonic.biz/ac/e_download/control/relay/power/catalog/mech_eng_ldp.pdf?f_cd=300242"; VariantName = "[No Variations]"
Add component (AddParameter): Name = "ComponentLink3Description"; Value = "Package Specification"; VariantName = "[No Variations]"
Add component (AddParameter): Name = "ComponentLink3URL"; Value = "http://www3.panasonic.biz/ac/e_download/control/relay/power/catalog/mech_eng_ldp.pdf?f_cd=300242"; VariantName = "[No Variations]"
Add component (AddParameter): Name = "DatasheetVersion"; Value = "201402-T"; VariantName = "[No Variations]"
Add component (AddParameter): Name = "Electrical Life"; Value = "2x10^5"; VariantName = "[No Variations]"
Add component (AddParameter): Name = "Manufacturer"; Value = "Panasonic"; VariantName = "[No Variations]"
Add component (AddParameter): Name = "Max Switching Current"; Value = "5 A AC, 3 A DC"; VariantName = "[No Variations]"
Add component (AddParameter): Name = "Max Switching Voltage"; Value = "277 V AC, 30 V DC"; VariantName = "[No Variations]"
Add component (AddParameter): Name = "Mechanical Life(Min.operation)"; Value = "5x10^6"; VariantName = "[No Variations]"
Add component (AddParameter): Name = "Mounting Technology"; Value = "Through Hole"; VariantName = "[No Variations]"
Add component (AddParameter): Name = "Nominal Operating Power"; Value = "200 mW"; VariantName = "[No Variations]"
Add component (AddParameter): Name = "PackageDescription"; Value = "4-Pin Through Hole Terminal Package, Body 20.5 x 7.2 mm"; VariantName = "[No Variations]"
Add component (AddParameter): Name = "PackageReference"; Value = "LD-P-4-2050x720x1530"; VariantName = "[No Variations]"
Add component (AddParameter): Name = "PackageVersion"; Value = "ASCTB193E, 02/2014"; VariantName = "[No Variations]"
Add component (AddParameter): Name = "Packing"; Value = "Carton, Case"; VariantName = "[No Variations]"
Add component (AddParameter): Name = "PartNumber"; Value = "ALDP105W"; VariantName = "[No Variations]"
Add component (AddParameter): Name = "Pb-Free"; Value = "True"; VariantName = "[No Variations]"
Add component (AddParameter): Name = "RoHS"; Value = "True"; VariantName = "[No Variations]"
Add component (AddParameter): Name = "Series"; Value = "LD-P Relays"; VariantName = "[No Variations]"
Added Component: Designator=K1_R?6(PNSC-LD-P-4-2050x720x1530_V)
Add component. Clean all parameters for all variants
Add component (AddParameter): Name = "Coil Voltage"; Value = "5 V"; VariantName = "[No Variations]"
Add component (AddParameter): Name = "ComponentLink1Description"; Value = "Manufacturer URL"; VariantName = "[No Variations]"
Add component (AddParameter): Name = "ComponentLink1URL"; Value = "http://www3.panasonic.biz/ac/ae/index.jsp"; VariantName = "[No Variations]"
Add component (AddParameter): Name = "ComponentLink2Description"; Value = "Datasheet"; VariantName = "[No Variations]"
Add component (AddParameter): Name = "ComponentLink2URL"; Value = "http://www3.panasonic.biz/ac/e_download/control/relay/power/catalog/mech_eng_ldp.pdf?f_cd=300242"; VariantName = "[No Variations]"
Add component (AddParameter): Name = "ComponentLink3Description"; Value = "Package Specification"; VariantName = "[No Variations]"
Add component (AddParameter): Name = "ComponentLink3URL"; Value = "http://www3.panasonic.biz/ac/e_download/control/relay/power/catalog/mech_eng_ldp.pdf?f_cd=300242"; VariantName = "[No Variations]"
Add component (AddParameter): Name = "DatasheetVersion"; Value = "201402-T"; VariantName = "[No Variations]"
Add component (AddParameter): Name = "Electrical Life"; Value = "2x10^5"; VariantName = "[No Variations]"
Add component (AddParameter): Name = "Manufacturer"; Value = "Panasonic"; VariantName = "[No Variations]"
Add component (AddParameter): Name = "Max Switching Current"; Value = "5 A AC, 3 A DC"; VariantName = "[No Variations]"
Add component (AddParameter): Name = "Max Switching Voltage"; Value = "277 V AC, 30 V DC"; VariantName = "[No Variations]"
Add component (AddParameter): Name = "Mechanical Life(Min.operation)"; Value = "5x10^6"; VariantName = "[No Variations]"
Add component (AddParameter): Name = "Mounting Technology"; Value = "Through Hole"; VariantName = "[No Variations]"
Add component (AddParameter): Name = "Nominal Operating Power"; Value = "200 mW"; VariantName = "[No Variations]"
Add component (AddParameter): Name = "PackageDescription"; Value = "4-Pin Through Hole Terminal Package, Body 20.5 x 7.2 mm"; VariantName = "[No Variations]"
Add component (AddParameter): Name = "PackageReference"; Value = "LD-P-4-2050x720x1530"; VariantName = "[No Variations]"
Add component (AddParameter): Name = "PackageVersion"; Value = "ASCTB193E, 02/2014"; VariantName = "[No Variations]"
Add component (AddParameter): Name = "Packing"; Value = "Carton, Case"; VariantName = "[No Variations]"
Add component (AddParameter): Name = "PartNumber"; Value = "ALDP105W"; VariantName = "[No Variations]"
Add component (AddParameter): Name = "Pb-Free"; Value = "True"; VariantName = "[No Variations]"
Add component (AddParameter): Name = "RoHS"; Value = "True"; VariantName = "[No Variations]"
Add component (AddParameter): Name = "Series"; Value = "LD-P Relays"; VariantName = "[No Variations]"
Added Component: Designator=K1_R?7(PNSC-LD-P-4-2050x720x1530_V)
Add component. Clean all parameters for all variants
Add component (AddParameter): Name = "Coil Voltage"; Value = "5 V"; VariantName = "[No Variations]"
Add component (AddParameter): Name = "ComponentLink1Description"; Value = "Manufacturer URL"; VariantName = "[No Variations]"
Add component (AddParameter): Name = "ComponentLink1URL"; Value = "http://www3.panasonic.biz/ac/ae/index.jsp"; VariantName = "[No Variations]"
Add component (AddParameter): Name = "ComponentLink2Description"; Value = "Datasheet"; VariantName = "[No Variations]"
Add component (AddParameter): Name = "ComponentLink2URL"; Value = "http://www3.panasonic.biz/ac/e_download/control/relay/power/catalog/mech_eng_ldp.pdf?f_cd=300242"; VariantName = "[No Variations]"
Add component (AddParameter): Name = "ComponentLink3Description"; Value = "Package Specification"; VariantName = "[No Variations]"
Add component (AddParameter): Name = "ComponentLink3URL"; Value = "http://www3.panasonic.biz/ac/e_download/control/relay/power/catalog/mech_eng_ldp.pdf?f_cd=300242"; VariantName = "[No Variations]"
Add component (AddParameter): Name = "DatasheetVersion"; Value = "201402-T"; VariantName = "[No Variations]"
Add component (AddParameter): Name = "Electrical Life"; Value = "2x10^5"; VariantName = "[No Variations]"
Add component (AddParameter): Name = "Manufacturer"; Value = "Panasonic"; VariantName = "[No Variations]"
Add component (AddParameter): Name = "Max Switching Current"; Value = "5 A AC, 3 A DC"; VariantName = "[No Variations]"
Add component (AddParameter): Name = "Max Switching Voltage"; Value = "277 V AC, 30 V DC"; VariantName = "[No Variations]"
Add component (AddParameter): Name = "Mechanical Life(Min.operation)"; Value = "5x10^6"; VariantName = "[No Variations]"
Add component (AddParameter): Name = "Mounting Technology"; Value = "Through Hole"; VariantName = "[No Variations]"
Add component (AddParameter): Name = "Nominal Operating Power"; Value = "200 mW"; VariantName = "[No Variations]"
Add component (AddParameter): Name = "PackageDescription"; Value = "4-Pin Through Hole Terminal Package, Body 20.5 x 7.2 mm"; VariantName = "[No Variations]"
Add component (AddParameter): Name = "PackageReference"; Value = "LD-P-4-2050x720x1530"; VariantName = "[No Variations]"
Add component (AddParameter): Name = "PackageVersion"; Value = "ASCTB193E, 02/2014"; VariantName = "[No Variations]"
Add component (AddParameter): Name = "Packing"; Value = "Carton, Case"; VariantName = "[No Variations]"
Add component (AddParameter): Name = "PartNumber"; Value = "ALDP105W"; VariantName = "[No Variations]"
Add component (AddParameter): Name = "Pb-Free"; Value = "True"; VariantName = "[No Variations]"
Add component (AddParameter): Name = "RoHS"; Value = "True"; VariantName = "[No Variations]"
Add component (AddParameter): Name = "Series"; Value = "LD-P Relays"; VariantName = "[No Variations]"
Added Component: Designator=K1_R?8(PNSC-LD-P-4-2050x720x1530_V)
Add component. Clean all parameters for all variants
Add component (AddParameter): Name = "Coil Voltage"; Value = "5 V"; VariantName = "[No Variations]"
Add component (AddParameter): Name = "ComponentLink1Description"; Value = "Manufacturer URL"; VariantName = "[No Variations]"
Add component (AddParameter): Name = "ComponentLink1URL"; Value = "http://www3.panasonic.biz/ac/ae/index.jsp"; VariantName = "[No Variations]"
Add component (AddParameter): Name = "ComponentLink2Description"; Value = "Datasheet"; VariantName = "[No Variations]"
Add component (AddParameter): Name = "ComponentLink2URL"; Value = "http://www3.panasonic.biz/ac/e_download/control/relay/power/catalog/mech_eng_ldp.pdf?f_cd=300242"; VariantName = "[No Variations]"
Add component (AddParameter): Name = "ComponentLink3Description"; Value = "Package Specification"; VariantName = "[No Variations]"
Add component (AddParameter): Name = "ComponentLink3URL"; Value = "http://www3.panasonic.biz/ac/e_download/control/relay/power/catalog/mech_eng_ldp.pdf?f_cd=300242"; VariantName = "[No Variations]"
Add component (AddParameter): Name = "DatasheetVersion"; Value = "201402-T"; VariantName = "[No Variations]"
Add component (AddParameter): Name = "Electrical Life"; Value = "2x10^5"; VariantName = "[No Variations]"
Add component (AddParameter): Name = "Manufacturer"; Value = "Panasonic"; VariantName = "[No Variations]"
Add component (AddParameter): Name = "Max Switching Current"; Value = "5 A AC, 3 A DC"; VariantName = "[No Variations]"
Add component (AddParameter): Name = "Max Switching Voltage"; Value = "277 V AC, 30 V DC"; VariantName = "[No Variations]"
Add component (AddParameter): Name = "Mechanical Life(Min.operation)"; Value = "5x10^6"; VariantName = "[No Variations]"
Add component (AddParameter): Name = "Mounting Technology"; Value = "Through Hole"; VariantName = "[No Variations]"
Add component (AddParameter): Name = "Nominal Operating Power"; Value = "200 mW"; VariantName = "[No Variations]"
Add component (AddParameter): Name = "PackageDescription"; Value = "4-Pin Through Hole Terminal Package, Body 20.5 x 7.2 mm"; VariantName = "[No Variations]"
Add component (AddParameter): Name = "PackageReference"; Value = "LD-P-4-2050x720x1530"; VariantName = "[No Variations]"
Add component (AddParameter): Name = "PackageVersion"; Value = "ASCTB193E, 02/2014"; VariantName = "[No Variations]"
Add component (AddParameter): Name = "Packing"; Value = "Carton, Case"; VariantName = "[No Variations]"
Add component (AddParameter): Name = "PartNumber"; Value = "ALDP105W"; VariantName = "[No Variations]"
Add component (AddParameter): Name = "Pb-Free"; Value = "True"; VariantName = "[No Variations]"
Add component (AddParameter): Name = "RoHS"; Value = "True"; VariantName = "[No Variations]"
Add component (AddParameter): Name = "Series"; Value = "LD-P Relays"; VariantName = "[No Variations]"
Added Component: Designator=P4_R?5(SCREW-5.0-2WAYS_V)
Add component. Clean all parameters for all variants
Add component (AddParameter): Name = "ComponentLink1Description"; Value = "Datasheet"; VariantName = "[No Variations]"
Add component (AddParameter): Name = "ComponentLink1URL"; Value = "5mm screw terminal in SVN"; VariantName = "[No Variations]"
Add component (AddParameter): Name = "Contact Resistance"; Value = "20 mOhm"; VariantName = "[No Variations]"
Add component (AddParameter): Name = "Insulation Resistance"; Value = "5000 MOhm / 1000 V"; VariantName = "[No Variations]"
Add component (AddParameter): Name = "Manufacturer"; Value = "No Vendor"; VariantName = "[No Variations]"
Add component (AddParameter): Name = "Mounting Technology"; Value = "Through Hole"; VariantName = "[No Variations]"
Add component (AddParameter): Name = "PackageDescription"; Value = "Socket, Screw Terminal Block, 2 Way, Pitch 5 mm, 90 Degree Angle, Through-Hole"; VariantName = "[No Variations]"
Add component (AddParameter): Name = "PartNumber"; Value = "SCREW-5.0/5.08 2WAYS"; VariantName = "[No Variations]"
Add component (AddParameter): Name = "Poles"; Value = "2"; VariantName = "[No Variations]"
Add component (AddParameter): Name = "Rated Current"; Value = "25 A"; VariantName = "[No Variations]"
Add component (AddParameter): Name = "Rated Voltage"; Value = "300 V"; VariantName = "[No Variations]"
Add component (AddParameter): Name = "Temperature Range"; Value = "-40 to 105 degC"; VariantName = "[No Variations]"
Added Component: Designator=P4_R?6(SCREW-5.0-2WAYS_V)
Add component. Clean all parameters for all variants
Add component (AddParameter): Name = "ComponentLink1Description"; Value = "Datasheet"; VariantName = "[No Variations]"
Add component (AddParameter): Name = "ComponentLink1URL"; Value = "5mm screw terminal in SVN"; VariantName = "[No Variations]"
Add component (AddParameter): Name = "Contact Resistance"; Value = "20 mOhm"; VariantName = "[No Variations]"
Add component (AddParameter): Name = "Insulation Resistance"; Value = "5000 MOhm / 1000 V"; VariantName = "[No Variations]"
Add component (AddParameter): Name = "Manufacturer"; Value = "No Vendor"; VariantName = "[No Variations]"
Add component (AddParameter): Name = "Mounting Technology"; Value = "Through Hole"; VariantName = "[No Variations]"
Add component (AddParameter): Name = "PackageDescription"; Value = "Socket, Screw Terminal Block, 2 Way, Pitch 5 mm, 90 Degree Angle, Through-Hole"; VariantName = "[No Variations]"
Add component (AddParameter): Name = "PartNumber"; Value = "SCREW-5.0/5.08 2WAYS"; VariantName = "[No Variations]"
Add component (AddParameter): Name = "Poles"; Value = "2"; VariantName = "[No Variations]"
Add component (AddParameter): Name = "Rated Current"; Value = "25 A"; VariantName = "[No Variations]"
Add component (AddParameter): Name = "Rated Voltage"; Value = "300 V"; VariantName = "[No Variations]"
Add component (AddParameter): Name = "Temperature Range"; Value = "-40 to 105 degC"; VariantName = "[No Variations]"
Added Component: Designator=P4_R?7(SCREW-5.0-2WAYS_V)
Add component. Clean all parameters for all variants
Add component (AddParameter): Name = "ComponentLink1Description"; Value = "Datasheet"; VariantName = "[No Variations]"
Add component (AddParameter): Name = "ComponentLink1URL"; Value = "5mm screw terminal in SVN"; VariantName = "[No Variations]"
Add component (AddParameter): Name = "Contact Resistance"; Value = "20 mOhm"; VariantName = "[No Variations]"
Add component (AddParameter): Name = "Insulation Resistance"; Value = "5000 MOhm / 1000 V"; VariantName = "[No Variations]"
Add component (AddParameter): Name = "Manufacturer"; Value = "No Vendor"; VariantName = "[No Variations]"
Add component (AddParameter): Name = "Mounting Technology"; Value = "Through Hole"; VariantName = "[No Variations]"
Add component (AddParameter): Name = "PackageDescription"; Value = "Socket, Screw Terminal Block, 2 Way, Pitch 5 mm, 90 Degree Angle, Through-Hole"; VariantName = "[No Variations]"
Add component (AddParameter): Name = "PartNumber"; Value = "SCREW-5.0/5.08 2WAYS"; VariantName = "[No Variations]"
Add component (AddParameter): Name = "Poles"; Value = "2"; VariantName = "[No Variations]"
Add component (AddParameter): Name = "Rated Current"; Value = "25 A"; VariantName = "[No Variations]"
Add component (AddParameter): Name = "Rated Voltage"; Value = "300 V"; VariantName = "[No Variations]"
Add component (AddParameter): Name = "Temperature Range"; Value = "-40 to 105 degC"; VariantName = "[No Variations]"
Added Component: Designator=P4_R?8(SCREW-5.0-2WAYS_V)
Add component. Clean all parameters for all variants
Add component (AddParameter): Name = "ComponentLink1Description"; Value = "Datasheet"; VariantName = "[No Variations]"
Add component (AddParameter): Name = "ComponentLink1URL"; Value = "5mm screw terminal in SVN"; VariantName = "[No Variations]"
Add component (AddParameter): Name = "Contact Resistance"; Value = "20 mOhm"; VariantName = "[No Variations]"
Add component (AddParameter): Name = "Insulation Resistance"; Value = "5000 MOhm / 1000 V"; VariantName = "[No Variations]"
Add component (AddParameter): Name = "Manufacturer"; Value = "No Vendor"; VariantName = "[No Variations]"
Add component (AddParameter): Name = "Mounting Technology"; Value = "Through Hole"; VariantName = "[No Variations]"
Add component (AddParameter): Name = "PackageDescription"; Value = "Socket, Screw Terminal Block, 2 Way, Pitch 5 mm, 90 Degree Angle, Through-Hole"; VariantName = "[No Variations]"
Add component (AddParameter): Name = "PartNumber"; Value = "SCREW-5.0/5.08 2WAYS"; VariantName = "[No Variations]"
Add component (AddParameter): Name = "Poles"; Value = "2"; VariantName = "[No Variations]"
Add component (AddParameter): Name = "Rated Current"; Value = "25 A"; VariantName = "[No Variations]"
Add component (AddParameter): Name = "Rated Voltage"; Value = "300 V"; VariantName = "[No Variations]"
Add component (AddParameter): Name = "Temperature Range"; Value = "-40 to 105 degC"; VariantName = "[No Variations]"
Added Component: Designator=Q1_R?5(INTR-SOT-23-3_V)
Add component. Clean all parameters for all variants
Add component (AddParameter): Name = "Channel Type"; Value = "N-Channel"; VariantName = "[No Variations]"
Add component (AddParameter): Name = "Datasheet URL"; Value = "https://datasheet.ciiva.com/6383/irlml2502pbf-6383216.pdf"; VariantName = "[No Variations]"
Add component (AddParameter): Name = "Datasheet Version"; Value = "Apr-14"; VariantName = "[No Variations]"
Add component (AddParameter): Name = "Drain-Source On Resistance-Max"; Value = "0.045O"; VariantName = "[No Variations]"
Add component (AddParameter): Name = "Drain-to-Source Voltage [Vdss]"; Value = "20V"; VariantName = "[No Variations]"
Add component (AddParameter): Name = "Manufacturer"; Value = "International Rectifier"; VariantName = "[No Variations]"
Add component (AddParameter): Name = "Manufacturer URL"; Value = "http://internationalrectifier.com/"; VariantName = "[No Variations]"
Add component (AddParameter): Name = "Package Description"; Value = "3-Pin Small Outline Transistor, Body 2.92 x 1.3 mm, Pitch 0.95 mm"; VariantName = "[No Variations]"
Add component (AddParameter): Name = "Package Reference"; Value = "SOT-23-3"; VariantName = "[No Variations]"
Add component (AddParameter): Name = "Qg Gate Charge"; Value = "8nC"; VariantName = "[No Variations]"
Add component (AddParameter): Name = "Rated Power Dissipation"; Value = "1.25W"; VariantName = "[No Variations]"
Added Component: Designator=Q1_R?6(INTR-SOT-23-3_V)
Add component. Clean all parameters for all variants
Add component (AddParameter): Name = "Channel Type"; Value = "N-Channel"; VariantName = "[No Variations]"
Add component (AddParameter): Name = "Datasheet URL"; Value = "https://datasheet.ciiva.com/6383/irlml2502pbf-6383216.pdf"; VariantName = "[No Variations]"
Add component (AddParameter): Name = "Datasheet Version"; Value = "Apr-14"; VariantName = "[No Variations]"
Add component (AddParameter): Name = "Drain-Source On Resistance-Max"; Value = "0.045O"; VariantName = "[No Variations]"
Add component (AddParameter): Name = "Drain-to-Source Voltage [Vdss]"; Value = "20V"; VariantName = "[No Variations]"
Add component (AddParameter): Name = "Manufacturer"; Value = "International Rectifier"; VariantName = "[No Variations]"
Add component (AddParameter): Name = "Manufacturer URL"; Value = "http://internationalrectifier.com/"; VariantName = "[No Variations]"
Add component (AddParameter): Name = "Package Description"; Value = "3-Pin Small Outline Transistor, Body 2.92 x 1.3 mm, Pitch 0.95 mm"; VariantName = "[No Variations]"
Add component (AddParameter): Name = "Package Reference"; Value = "SOT-23-3"; VariantName = "[No Variations]"
Add component (AddParameter): Name = "Qg Gate Charge"; Value = "8nC"; VariantName = "[No Variations]"
Add component (AddParameter): Name = "Rated Power Dissipation"; Value = "1.25W"; VariantName = "[No Variations]"
Added Component: Designator=Q1_R?7(INTR-SOT-23-3_V)
Add component. Clean all parameters for all variants
Add component (AddParameter): Name = "Channel Type"; Value = "N-Channel"; VariantName = "[No Variations]"
Add component (AddParameter): Name = "Datasheet URL"; Value = "https://datasheet.ciiva.com/6383/irlml2502pbf-6383216.pdf"; VariantName = "[No Variations]"
Add component (AddParameter): Name = "Datasheet Version"; Value = "Apr-14"; VariantName = "[No Variations]"
Add component (AddParameter): Name = "Drain-Source On Resistance-Max"; Value = "0.045O"; VariantName = "[No Variations]"
Add component (AddParameter): Name = "Drain-to-Source Voltage [Vdss]"; Value = "20V"; VariantName = "[No Variations]"
Add component (AddParameter): Name = "Manufacturer"; Value = "International Rectifier"; VariantName = "[No Variations]"
Add component (AddParameter): Name = "Manufacturer URL"; Value = "http://internationalrectifier.com/"; VariantName = "[No Variations]"
Add component (AddParameter): Name = "Package Description"; Value = "3-Pin Small Outline Transistor, Body 2.92 x 1.3 mm, Pitch 0.95 mm"; VariantName = "[No Variations]"
Add component (AddParameter): Name = "Package Reference"; Value = "SOT-23-3"; VariantName = "[No Variations]"
Add component (AddParameter): Name = "Qg Gate Charge"; Value = "8nC"; VariantName = "[No Variations]"
Add component (AddParameter): Name = "Rated Power Dissipation"; Value = "1.25W"; VariantName = "[No Variations]"
Added Component: Designator=Q1_R?8(INTR-SOT-23-3_V)
Add component. Clean all parameters for all variants
Add component (AddParameter): Name = "Channel Type"; Value = "N-Channel"; VariantName = "[No Variations]"
Add component (AddParameter): Name = "Datasheet URL"; Value = "https://datasheet.ciiva.com/6383/irlml2502pbf-6383216.pdf"; VariantName = "[No Variations]"
Add component (AddParameter): Name = "Datasheet Version"; Value = "Apr-14"; VariantName = "[No Variations]"
Add component (AddParameter): Name = "Drain-Source On Resistance-Max"; Value = "0.045O"; VariantName = "[No Variations]"
Add component (AddParameter): Name = "Drain-to-Source Voltage [Vdss]"; Value = "20V"; VariantName = "[No Variations]"
Add component (AddParameter): Name = "Manufacturer"; Value = "International Rectifier"; VariantName = "[No Variations]"
Add component (AddParameter): Name = "Manufacturer URL"; Value = "http://internationalrectifier.com/"; VariantName = "[No Variations]"
Add component (AddParameter): Name = "Package Description"; Value = "3-Pin Small Outline Transistor, Body 2.92 x 1.3 mm, Pitch 0.95 mm"; VariantName = "[No Variations]"
Add component (AddParameter): Name = "Package Reference"; Value = "SOT-23-3"; VariantName = "[No Variations]"
Add component (AddParameter): Name = "Qg Gate Charge"; Value = "8nC"; VariantName = "[No Variations]"
Add component (AddParameter): Name = "Rated Power Dissipation"; Value = "1.25W"; VariantName = "[No Variations]"
Added Component: Designator=R8_R?5(RESC0805(2012)_L)
Add component. Clean all parameters for all variants
Add component (AddParameter): Name = "Case-EIA"; Value = "0805"; VariantName = "[No Variations]"
Add component (AddParameter): Name = "Case-Metric"; Value = "2012"; VariantName = "[No Variations]"
Add component (AddParameter): Name = "Power"; Value = "0.125 W"; VariantName = "[No Variations]"
Add component (AddParameter): Name = "Technology"; Value = "SMT"; VariantName = "[No Variations]"
Add component (AddParameter): Name = "Tolerance"; Value = "1 %"; VariantName = "[No Variations]"
Add component (AddParameter): Name = "Value"; Value = "10200.00 Ohm"; VariantName = "[No Variations]"
Added Component: Designator=R8_R?6(RESC0805(2012)_L)
Add component. Clean all parameters for all variants
Add component (AddParameter): Name = "Case-EIA"; Value = "0805"; VariantName = "[No Variations]"
Add component (AddParameter): Name = "Case-Metric"; Value = "2012"; VariantName = "[No Variations]"
Add component (AddParameter): Name = "Power"; Value = "0.125 W"; VariantName = "[No Variations]"
Add component (AddParameter): Name = "Technology"; Value = "SMT"; VariantName = "[No Variations]"
Add component (AddParameter): Name = "Tolerance"; Value = "1 %"; VariantName = "[No Variations]"
Add component (AddParameter): Name = "Value"; Value = "10200.00 Ohm"; VariantName = "[No Variations]"
Added Component: Designator=R8_R?7(RESC0805(2012)_L)
Add component. Clean all parameters for all variants
Add component (AddParameter): Name = "Case-EIA"; Value = "0805"; VariantName = "[No Variations]"
Add component (AddParameter): Name = "Case-Metric"; Value = "2012"; VariantName = "[No Variations]"
Add component (AddParameter): Name = "Power"; Value = "0.125 W"; VariantName = "[No Variations]"
Add component (AddParameter): Name = "Technology"; Value = "SMT"; VariantName = "[No Variations]"
Add component (AddParameter): Name = "Tolerance"; Value = "1 %"; VariantName = "[No Variations]"
Add component (AddParameter): Name = "Value"; Value = "10200.00 Ohm"; VariantName = "[No Variations]"
Added Component: Designator=R8_R?8(RESC0805(2012)_L)
Add component. Clean all parameters for all variants
Add component (AddParameter): Name = "Case-EIA"; Value = "0805"; VariantName = "[No Variations]"
Add component (AddParameter): Name = "Case-Metric"; Value = "2012"; VariantName = "[No Variations]"
Add component (AddParameter): Name = "Power"; Value = "0.125 W"; VariantName = "[No Variations]"
Add component (AddParameter): Name = "Technology"; Value = "SMT"; VariantName = "[No Variations]"
Add component (AddParameter): Name = "Tolerance"; Value = "1 %"; VariantName = "[No Variations]"
Add component (AddParameter): Name = "Value"; Value = "10200.00 Ohm"; VariantName = "[No Variations]"
Added Component: Designator=R9_R?5(RESC0805(2012)_L)
Add component. Clean all parameters for all variants
Add component (AddParameter): Name = "Case-EIA"; Value = "0805"; VariantName = "[No Variations]"
Add component (AddParameter): Name = "Case-Metric"; Value = "2012"; VariantName = "[No Variations]"
Add component (AddParameter): Name = "Power"; Value = "0.125 W"; VariantName = "[No Variations]"
Add component (AddParameter): Name = "Technology"; Value = "SMT"; VariantName = "[No Variations]"
Add component (AddParameter): Name = "Tolerance"; Value = "1 %"; VariantName = "[No Variations]"
Add component (AddParameter): Name = "Value"; Value = "10200.00 Ohm"; VariantName = "[No Variations]"
Added Component: Designator=R9_R?6(RESC0805(2012)_L)
Add component. Clean all parameters for all variants
Add component (AddParameter): Name = "Case-EIA"; Value = "0805"; VariantName = "[No Variations]"
Add component (AddParameter): Name = "Case-Metric"; Value = "2012"; VariantName = "[No Variations]"
Add component (AddParameter): Name = "Power"; Value = "0.125 W"; VariantName = "[No Variations]"
Add component (AddParameter): Name = "Technology"; Value = "SMT"; VariantName = "[No Variations]"
Add component (AddParameter): Name = "Tolerance"; Value = "1 %"; VariantName = "[No Variations]"
Add component (AddParameter): Name = "Value"; Value = "10200.00 Ohm"; VariantName = "[No Variations]"
Added Component: Designator=R9_R?7(RESC0805(2012)_L)
Add component. Clean all parameters for all variants
Add component (AddParameter): Name = "Case-EIA"; Value = "0805"; VariantName = "[No Variations]"
Add component (AddParameter): Name = "Case-Metric"; Value = "2012"; VariantName = "[No Variations]"
Add component (AddParameter): Name = "Power"; Value = "0.125 W"; VariantName = "[No Variations]"
Add component (AddParameter): Name = "Technology"; Value = "SMT"; VariantName = "[No Variations]"
Add component (AddParameter): Name = "Tolerance"; Value = "1 %"; VariantName = "[No Variations]"
Add component (AddParameter): Name = "Value"; Value = "10200.00 Ohm"; VariantName = "[No Variations]"
Added Component: Designator=R9_R?8(RESC0805(2012)_L)
Add component. Clean all parameters for all variants
Add component (AddParameter): Name = "Case-EIA"; Value = "0805"; VariantName = "[No Variations]"
Add component (AddParameter): Name = "Case-Metric"; Value = "2012"; VariantName = "[No Variations]"
Add component (AddParameter): Name = "Power"; Value = "0.125 W"; VariantName = "[No Variations]"
Add component (AddParameter): Name = "Technology"; Value = "SMT"; VariantName = "[No Variations]"
Add component (AddParameter): Name = "Tolerance"; Value = "1 %"; VariantName = "[No Variations]"
Add component (AddParameter): Name = "Value"; Value = "10200.00 Ohm"; VariantName = "[No Variations]"
Added Pin To Net: NetName=5V Pin=D3_R?5-1
Added Pin To Net: NetName=NetD3_R?5_2 Pin=D3_R?5-2
Added Pin To Net: NetName=5V Pin=D3_R?6-1
Added Pin To Net: NetName=NetD3_R?6_2 Pin=D3_R?6-2
Added Pin To Net: NetName=5V Pin=D3_R?7-1
Added Pin To Net: NetName=NetD3_R?7_2 Pin=D3_R?7-2
Added Pin To Net: NetName=5V Pin=D3_R?8-1
Added Pin To Net: NetName=NetD3_R?8_2 Pin=D3_R?8-2
Added Pin To Net: NetName=NetDS4_R?5_1 Pin=DS4_R?5-1
Added Pin To Net: NetName=GND Pin=DS4_R?5-2
Added Pin To Net: NetName=NetDS4_R?6_1 Pin=DS4_R?6-1
Added Pin To Net: NetName=GND Pin=DS4_R?6-2
Added Pin To Net: NetName=NetDS4_R?7_1 Pin=DS4_R?7-1
Added Pin To Net: NetName=GND Pin=DS4_R?7-2
Added Pin To Net: NetName=NetDS4_R?8_1 Pin=DS4_R?8-1
Added Pin To Net: NetName=GND Pin=DS4_R?8-2
Added Pin To Net: NetName=NetD3_R?5_2 Pin=K1_R?5-1
Added Pin To Net: NetName=NetK1_R?5_2 Pin=K1_R?5-2
Added Pin To Net: NetName=NetK1_R?5_3 Pin=K1_R?5-3
Added Pin To Net: NetName=5V Pin=K1_R?5-4
Added Pin To Net: NetName=NetD3_R?6_2 Pin=K1_R?6-1
Added Pin To Net: NetName=NetK1_R?6_2 Pin=K1_R?6-2
Added Pin To Net: NetName=NetK1_R?6_3 Pin=K1_R?6-3
Added Pin To Net: NetName=5V Pin=K1_R?6-4
Added Pin To Net: NetName=NetD3_R?7_2 Pin=K1_R?7-1
Added Pin To Net: NetName=NetK1_R?7_2 Pin=K1_R?7-2
Added Pin To Net: NetName=NetK1_R?7_3 Pin=K1_R?7-3
Added Pin To Net: NetName=5V Pin=K1_R?7-4
Added Pin To Net: NetName=NetD3_R?8_2 Pin=K1_R?8-1
Added Pin To Net: NetName=NetK1_R?8_2 Pin=K1_R?8-2
Added Pin To Net: NetName=NetK1_R?8_3 Pin=K1_R?8-3
Added Pin To Net: NetName=5V Pin=K1_R?8-4
Added Pin To Net: NetName=NetK1_R?5_3 Pin=P4_R?5-1
Added Pin To Net: NetName=NetK1_R?5_2 Pin=P4_R?5-2
Added Pin To Net: NetName=NetK1_R?6_3 Pin=P4_R?6-1
Added Pin To Net: NetName=NetK1_R?6_2 Pin=P4_R?6-2
Added Pin To Net: NetName=NetK1_R?7_3 Pin=P4_R?7-1
Added Pin To Net: NetName=NetK1_R?7_2 Pin=P4_R?7-2
Added Pin To Net: NetName=NetK1_R?8_3 Pin=P4_R?8-1
Added Pin To Net: NetName=NetK1_R?8_2 Pin=P4_R?8-2
Added Pin To Net: NetName=NetQ1_R?5_1 Pin=Q1_R?5-1
Added Pin To Net: NetName=GND Pin=Q1_R?5-2
Added Pin To Net: NetName=NetD3_R?5_2 Pin=Q1_R?5-3
Added Pin To Net: NetName=NetQ1_R?6_1 Pin=Q1_R?6-1
Added Pin To Net: NetName=GND Pin=Q1_R?6-2
Added Pin To Net: NetName=NetD3_R?6_2 Pin=Q1_R?6-3
Added Pin To Net: NetName=NetQ1_R?7_1 Pin=Q1_R?7-1
Added Pin To Net: NetName=GND Pin=Q1_R?7-2
Added Pin To Net: NetName=NetD3_R?7_2 Pin=Q1_R?7-3
Added Pin To Net: NetName=NetQ1_R?8_1 Pin=Q1_R?8-1
Added Pin To Net: NetName=GND Pin=Q1_R?8-2
Added Pin To Net: NetName=NetD3_R?8_2 Pin=Q1_R?8-3
Added Pin To Net: NetName=NetQ1_R?5_1 Pin=R8_R?5-1
Added Pin To Net: NetName=Relay_4 Pin=R8_R?5-2
Added Pin To Net: NetName=NetQ1_R?6_1 Pin=R8_R?6-1
Added Pin To Net: NetName=Relay_3 Pin=R8_R?6-2
Added Pin To Net: NetName=NetQ1_R?7_1 Pin=R8_R?7-1
Added Pin To Net: NetName=Relay_2 Pin=R8_R?7-2
Added Pin To Net: NetName=NetQ1_R?8_1 Pin=R8_R?8-1
Added Pin To Net: NetName=Relay_1 Pin=R8_R?8-2
Added Pin To Net: NetName=Relay_4 Pin=R9_R?5-1
Added Pin To Net: NetName=NetDS4_R?5_1 Pin=R9_R?5-2
Added Pin To Net: NetName=Relay_3 Pin=R9_R?6-1
Added Pin To Net: NetName=NetDS4_R?6_1 Pin=R9_R?6-2
Added Pin To Net: NetName=Relay_2 Pin=R9_R?7-1
Added Pin To Net: NetName=NetDS4_R?7_1 Pin=R9_R?7-2
Added Pin To Net: NetName=Relay_1 Pin=R9_R?8-1
Added Pin To Net: NetName=NetDS4_R?8_1 Pin=R9_R?8-2
Added Member To Class: ClassName=R?1 Member=Component D3_R?1 (D3) MMSD4148T3G
Added Member To Class: ClassName=R?2 Member=Component D3_R?2 (D3) MMSD4148T3G
Added Member To Class: ClassName=R?3 Member=Component D3_R?3 (D3) MMSD4148T3G
Added Member To Class: ClassName=R?4 Member=Component D3_R?4 (D3) MMSD4148T3G
Added Member To Class: ClassName=R?5 Member=Component D3_R?5 (D3) MMSD4148T3G
Added Member To Class: ClassName=R?6 Member=Component D3_R?6 (D3) MMSD4148T3G
Added Member To Class: ClassName=R?7 Member=Component D3_R?7 (D3) MMSD4148T3G
Added Member To Class: ClassName=R?8 Member=Component D3_R?8 (D3) MMSD4148T3G
Added Member To Class: ClassName=R?1 Member=Component DS4_R?1 (DS4) TLMS1100-GS08
Added Member To Class: ClassName=R?2 Member=Component DS4_R?2 (DS4) TLMS1100-GS08
Added Member To Class: ClassName=R?3 Member=Component DS4_R?3 (DS4) TLMS1100-GS08
Added Member To Class: ClassName=R?4 Member=Component DS4_R?4 (DS4) TLMS1100-GS08
Added Member To Class: ClassName=R?5 Member=Component DS4_R?5 (DS4) TLMS1100-GS08
Added Member To Class: ClassName=R?6 Member=Component DS4_R?6 (DS4) TLMS1100-GS08
Added Member To Class: ClassName=R?7 Member=Component DS4_R?7 (DS4) TLMS1100-GS08
Added Member To Class: ClassName=R?8 Member=Component DS4_R?8 (DS4) TLMS1100-GS08
Added Member To Class: ClassName=R?1 Member=Component K1_R?1 (K1) ALDP105W
Added Member To Class: ClassName=R?2 Member=Component K1_R?2 (K1) ALDP105W
Added Member To Class: ClassName=R?3 Member=Component K1_R?3 (K1) ALDP105W
Added Member To Class: ClassName=R?4 Member=Component K1_R?4 (K1) ALDP105W
Added Member To Class: ClassName=R?5 Member=Component K1_R?5 (K1) ALDP105W
Added Member To Class: ClassName=R?6 Member=Component K1_R?6 (K1) ALDP105W
Added Member To Class: ClassName=R?7 Member=Component K1_R?7 (K1) ALDP105W
Added Member To Class: ClassName=R?8 Member=Component K1_R?8 (K1) ALDP105W
Added Member To Class: ClassName=R?1 Member=Component P4_R?1 (P4) SCREW-5.0/5.08 2WAYS
Added Member To Class: ClassName=R?2 Member=Component P4_R?2 (P4) SCREW-5.0/5.08 2WAYS
Added Member To Class: ClassName=R?3 Member=Component P4_R?3 (P4) SCREW-5.0/5.08 2WAYS
Added Member To Class: ClassName=R?4 Member=Component P4_R?4 (P4) SCREW-5.0/5.08 2WAYS
Added Member To Class: ClassName=R?5 Member=Component P4_R?5 (P4) SCREW-5.0/5.08 2WAYS
Added Member To Class: ClassName=R?6 Member=Component P4_R?6 (P4) SCREW-5.0/5.08 2WAYS
Added Member To Class: ClassName=R?7 Member=Component P4_R?7 (P4) SCREW-5.0/5.08 2WAYS
Added Member To Class: ClassName=R?8 Member=Component P4_R?8 (P4) SCREW-5.0/5.08 2WAYS
Added Member To Class: ClassName=R?1 Member=Component Q1_R?1 (Q1) A12
Added Member To Class: ClassName=R?2 Member=Component Q1_R?2 (Q1) A12
Added Member To Class: ClassName=R?3 Member=Component Q1_R?3 (Q1) A12
Added Member To Class: ClassName=R?4 Member=Component Q1_R?4 (Q1) A12
Added Member To Class: ClassName=R?5 Member=Component Q1_R?5 (Q1) A12
Added Member To Class: ClassName=R?6 Member=Component Q1_R?6 (Q1) A12
Added Member To Class: ClassName=R?7 Member=Component Q1_R?7 (Q1) A12
Added Member To Class: ClassName=R?8 Member=Component Q1_R?8 (Q1) A12
Added Member To Class: ClassName=R?1 Member=Component R8_R?1 (R8) 10k
Added Member To Class: ClassName=R?2 Member=Component R8_R?2 (R8) 10k
Added Member To Class: ClassName=R?3 Member=Component R8_R?3 (R8) 10k
Added Member To Class: ClassName=R?4 Member=Component R8_R?4 (R8) 10k
Added Member To Class: ClassName=R?5 Member=Component R8_R?5 (R8) 10k
Added Member To Class: ClassName=R?6 Member=Component R8_R?6 (R8) 10k
Added Member To Class: ClassName=R?7 Member=Component R8_R?7 (R8) 10k
Added Member To Class: ClassName=R?8 Member=Component R8_R?8 (R8) 10k
Added Member To Class: ClassName=R?1 Member=Component R9_R?1 (R9) 330
Added Member To Class: ClassName=R?2 Member=Component R9_R?2 (R9) 330
Added Member To Class: ClassName=R?3 Member=Component R9_R?3 (R9) 330
Added Member To Class: ClassName=R?4 Member=Component R9_R?4 (R9) 330
Added Member To Class: ClassName=R?5 Member=Component R9_R?5 (R9) 330
Added Member To Class: ClassName=R?6 Member=Component R9_R?6 (R9) 330
Added Member To Class: ClassName=R?7 Member=Component R9_R?7 (R9) 330
Added Member To Class: ClassName=R?8 Member=Component R9_R?8 (R9) 330
Added Room: Name=R?2
Added Room: Name=R?3
Added Room: Name=R?4
Added Room: Name=R?5
