Removed Pin From Net: NetName=GND Pin=P2-1
Removed Pin From Net: NetName=NetD1_2 Pin=P2-2
Removed Pin From Net: NetName=BOOT0 Pin=P2-3
Removed Pin From Net: NetName=RX Pin=P2-4
Removed Pin From Net: NetName=TX Pin=P2-5
Removed Pin From Net: NetName=NRST Pin=P2-6
Removed Member From Class: ClassName=DoorCard_ReceiverController Member=P2
Added Component: Designator=P1(MOLX-22-27-2041_V)
Add component. Clean all parameters for all variants
Add component (AddParameter): Name = "Contact material"; Value = "Tinplatedbrass"; VariantName = "[No Variations]"
Add component (AddParameter): Name = "Current rating"; Value = "4A"; VariantName = "[No Variations]"
Add component (AddParameter): Name = "Datasheet URL"; Value = "http://www.molex.com/pdm_docs/sd/022272041_sd.pdf"; VariantName = "[No Variations]"
Add component (AddParameter): Name = "Datasheet Version"; Value = "Rev. F, 06/2009"; VariantName = "[No Variations]"
Add component (AddParameter): Name = "Housing material"; Value = "Nylon(UL94V-0)"; VariantName = "[No Variations]"
Add component (AddParameter): Name = "Manufacturer"; Value = "Molex"; VariantName = "[No Variations]"
Add component (AddParameter): Name = "Manufacturer URL"; Value = "http://www.molex.com/"; VariantName = "[No Variations]"
Add component (AddParameter): Name = "Operating temperature"; Value = "0degCto+75degC"; VariantName = "[No Variations]"
Add component (AddParameter): Name = "Voltage rating"; Value = "250V"; VariantName = "[No Variations]"
Added Pin To Net: NetName=NetD1_2 Pin=P1-1
Added Pin To Net: NetName=TX Pin=P1-2
Added Pin To Net: NetName=RX Pin=P1-3
Added Pin To Net: NetName=GND Pin=P1-4
Added Member To Class: ClassName=DoorCard_ReceiverController Member=Component P1 22-27-2041
Added Room: Name=Designator
Added Room: Name=DoorCard_ReceiverController
