Removed Pin From Net: NetName=VCC Pin=B1-1
Removed Pin From Net: NetName=VCC Pin=B1-1
Removed Pin From Net: NetName=GND Pin=C1-1
Removed Pin From Net: NetName=SWINT Pin=C1-2
Removed Pin From Net: NetName=GND Pin=C2-1
Removed Pin From Net: NetName=GND Pin=C3-1
Removed Pin From Net: NetName=GND Pin=C8-1
Removed Pin From Net: NetName=GND Pin=C9-1
Removed Pin From Net: NetName=SWINT Pin=D1-2
Removed Pin From Net: NetName=SWINT Pin=D2-2
Removed Pin From Net: NetName=VCC Pin=R1-1
Removed Pin From Net: NetName=SWINT Pin=R1-2
Removed Pin From Net: NetName=GND Pin=SW3-2
Removed Pin From Net: NetName=GND Pin=SW4-2
Removed Pin From Net: NetName=ANVIN Pin=U1-26
Removed Pin From Net: NetName=GND Pin=X1-2
Removed Pin From Net: NetName=GND Pin=X1-4
Removed Member From Class: ClassName=DoorCard Member=C2
Removed Member From Class: ClassName=DoorCard Member=C3
Removed Member From Class: ClassName=DoorCard Member=C8
Removed Member From Class: ClassName=DoorCard Member=C9
Removed Member From Class: ClassName=DoorCard Member=D2
Removed Member From Class: ClassName=DoorCard Member=X1
Change Component Comment : Designator=R1 Old Comment=1k New Comment=10k
Change Component Comment : Designator=C1 Old Comment=100nF New Comment=1uF
Change component parameters: Designator = "R1"; Footprint = "RESC0805(2012)_L"; UniqueID = "\SUHFBYVP"
Change component parameters. Clean all parameters for all variants
Change component parameters (AddParameter): Name = "Case-EIA"; Value = "0805"; VariantName = "[No Variations]"
Change component parameters (AddParameter): Name = "Case-Metric"; Value = "2012"; VariantName = "[No Variations]"
Change component parameters (AddParameter): Name = "Power"; Value = "0.125 W"; VariantName = "[No Variations]"
Change component parameters (AddParameter): Name = "Technology"; Value = "SMT"; VariantName = "[No Variations]"
Change component parameters (AddParameter): Name = "Tolerance"; Value = "1 %"; VariantName = "[No Variations]"
Change component parameters (AddParameter): Name = "Value"; Value = "10200.00 Ohm"; VariantName = "[No Variations]"
Added Component: Designator=LED1(0805_A)
Add component. Clean all parameters for all variants
Add component (AddParameter): Name = "Color"; Value = "Blue"; VariantName = "[No Variations]"
Add component (AddParameter): Name = "ComponentLink1Description"; Value = "Manufacturer URL"; VariantName = "[No Variations]"
Add component (AddParameter): Name = "ComponentLink1URL"; Value = "http://www.we-online.com"; VariantName = "[No Variations]"
Add component (AddParameter): Name = "ComponentLink2Description"; Value = "Datasheet"; VariantName = "[No Variations]"
Add component (AddParameter): Name = "ComponentLink2URL"; Value = "http://katalog.we-online.com/led/datasheet/150080BS75000.pdf"; VariantName = "[No Variations]"
Add component (AddParameter): Name = "Manufacturer"; Value = "Wuerth Elektronik"; VariantName = "[No Variations]"
Add component (AddParameter): Name = "PackageReference"; Value = "0805_A"; VariantName = "[No Variations]"
Add component (AddParameter): Name = "PartNumber"; Value = "150080BS75000"; VariantName = "[No Variations]"
Added Component: Designator=LED2(0805_A)
Add component. Clean all parameters for all variants
Add component (AddParameter): Name = "Color"; Value = "Blue"; VariantName = "[No Variations]"
Add component (AddParameter): Name = "ComponentLink1Description"; Value = "Manufacturer URL"; VariantName = "[No Variations]"
Add component (AddParameter): Name = "ComponentLink1URL"; Value = "http://www.we-online.com"; VariantName = "[No Variations]"
Add component (AddParameter): Name = "ComponentLink2Description"; Value = "Datasheet"; VariantName = "[No Variations]"
Add component (AddParameter): Name = "ComponentLink2URL"; Value = "http://katalog.we-online.com/led/datasheet/150080BS75000.pdf"; VariantName = "[No Variations]"
Add component (AddParameter): Name = "Manufacturer"; Value = "Wuerth Elektronik"; VariantName = "[No Variations]"
Add component (AddParameter): Name = "PackageReference"; Value = "0805_A"; VariantName = "[No Variations]"
Add component (AddParameter): Name = "PartNumber"; Value = "150080BS75000"; VariantName = "[No Variations]"
Added Component: Designator=LED3(0805_A)
Add component. Clean all parameters for all variants
Add component (AddParameter): Name = "Color"; Value = "Blue"; VariantName = "[No Variations]"
Add component (AddParameter): Name = "ComponentLink1Description"; Value = "Manufacturer URL"; VariantName = "[No Variations]"
Add component (AddParameter): Name = "ComponentLink1URL"; Value = "http://www.we-online.com"; VariantName = "[No Variations]"
Add component (AddParameter): Name = "ComponentLink2Description"; Value = "Datasheet"; VariantName = "[No Variations]"
Add component (AddParameter): Name = "ComponentLink2URL"; Value = "http://katalog.we-online.com/led/datasheet/150080BS75000.pdf"; VariantName = "[No Variations]"
Add component (AddParameter): Name = "Manufacturer"; Value = "Wuerth Elektronik"; VariantName = "[No Variations]"
Add component (AddParameter): Name = "PackageReference"; Value = "0805_A"; VariantName = "[No Variations]"
Add component (AddParameter): Name = "PartNumber"; Value = "150080BS75000"; VariantName = "[No Variations]"
Added Component: Designator=R3(RESC0805(2012)_L)
Add component. Clean all parameters for all variants
Add component (AddParameter): Name = "Case-EIA"; Value = "0805"; VariantName = "[No Variations]"
Add component (AddParameter): Name = "Case-Metric"; Value = "2012"; VariantName = "[No Variations]"
Add component (AddParameter): Name = "Power"; Value = "0.125 W"; VariantName = "[No Variations]"
Add component (AddParameter): Name = "Technology"; Value = "SMT"; VariantName = "[No Variations]"
Add component (AddParameter): Name = "Tolerance"; Value = "1 %"; VariantName = "[No Variations]"
Add component (AddParameter): Name = "Value"; Value = "10200.00 Ohm"; VariantName = "[No Variations]"
Added Component: Designator=R4(RESC0805(2012)_L)
Add component. Clean all parameters for all variants
Add component (AddParameter): Name = "Case-EIA"; Value = "0805"; VariantName = "[No Variations]"
Add component (AddParameter): Name = "Case-Metric"; Value = "2012"; VariantName = "[No Variations]"
Add component (AddParameter): Name = "Power"; Value = "0.125 W"; VariantName = "[No Variations]"
Add component (AddParameter): Name = "Technology"; Value = "SMT"; VariantName = "[No Variations]"
Add component (AddParameter): Name = "Tolerance"; Value = "1 %"; VariantName = "[No Variations]"
Add component (AddParameter): Name = "Value"; Value = "10200.00 Ohm"; VariantName = "[No Variations]"
Added Component: Designator=R5(RESC0805(2012)_L)
Add component. Clean all parameters for all variants
Add component (AddParameter): Name = "Case-EIA"; Value = "0805"; VariantName = "[No Variations]"
Add component (AddParameter): Name = "Case-Metric"; Value = "2012"; VariantName = "[No Variations]"
Add component (AddParameter): Name = "Power"; Value = "0.125 W"; VariantName = "[No Variations]"
Add component (AddParameter): Name = "Technology"; Value = "SMT"; VariantName = "[No Variations]"
Add component (AddParameter): Name = "Tolerance"; Value = "1 %"; VariantName = "[No Variations]"
Add component (AddParameter): Name = "Value"; Value = "10200.00 Ohm"; VariantName = "[No Variations]"
Added Pin To Net: NetName=GND Pin=C1-2
Added Pin To Net: NetName=VCC Pin=D1-1
Added Pin To Net: NetName=GND Pin=LED1-1
Added Pin To Net: NetName=GND Pin=LED2-1
Added Pin To Net: NetName=GND Pin=LED3-1
Added Pin To Net: NetName=VCC Pin=R1-2
Added Pin To Net: NetName=SWINT Pin=SW3-1
Added Pin To Net: NetName=SWINT Pin=SW4-1
Added Pin To Net: NetName=VCC Pin=U1-19
Added Pin To Net: NetName=ANVIN Pin=U1-24
Added Pin To Net: NetName=NetB1_1 Pin=B1-1
Added Pin To Net: NetName=NetB1_1 Pin=B1-1
Added Pin To Net: NetName=NetB1_1 Pin=D1-2
Added Net: Name=NetB1_1
Added Pin To Net: NetName=NetC1_1 Pin=C1-1
Added Pin To Net: NetName=NetC1_1 Pin=R1-1
Added Pin To Net: NetName=NetC1_1 Pin=SW3-2
Added Pin To Net: NetName=NetC1_1 Pin=SW4-2
Added Net: Name=NetC1_1
Added Pin To Net: NetName=NetLED1_2 Pin=LED1-2
Added Pin To Net: NetName=NetLED1_2 Pin=R3-1
Added Net: Name=NetLED1_2
Added Pin To Net: NetName=NetLED2_2 Pin=LED2-2
Added Pin To Net: NetName=NetLED2_2 Pin=R4-1
Added Net: Name=NetLED2_2
Added Pin To Net: NetName=NetLED3_2 Pin=LED3-2
Added Pin To Net: NetName=NetLED3_2 Pin=R5-1
Added Net: Name=NetLED3_2
Added Pin To Net: NetName=NetR3_2 Pin=R3-2
Added Pin To Net: NetName=NetR3_2 Pin=U1-8
Added Net: Name=NetR3_2
Added Pin To Net: NetName=NetR4_2 Pin=R4-2
Added Pin To Net: NetName=NetR4_2 Pin=U1-7
Added Net: Name=NetR4_2
Added Pin To Net: NetName=NetR5_2 Pin=R5-2
Added Pin To Net: NetName=NetR5_2 Pin=U1-2
Added Net: Name=NetR5_2
Added Pin To Net: NetName=NetSW1_3 Pin=SW1-3
Added Pin To Net: NetName=NetSW1_3 Pin=SW2-3
Added Net: Name=NetSW1_3
Added Member To Class: ClassName=DoorCard Member=Component LED1 LED0805
Added Member To Class: ClassName=DoorCard Member=Component LED2 LED0805
Added Member To Class: ClassName=DoorCard Member=Component LED3 LED0805
Added Member To Class: ClassName=DoorCard Member=Component R3 10k
Added Member To Class: ClassName=DoorCard Member=Component R4 10k
Added Member To Class: ClassName=DoorCard Member=Component R5 10k
Added Room: Name=DoorCard
